travis_fold:start:worker_info[0K[33;1mWorker information[0m
hostname: travis-worker-gce-org-prod2-3:a31d3969-d36e-44ca-b1a4-169b308d0732
version: v2.3.1-34-g4ab376b https://github.com/travis-ci/worker/tree/4ab376ba587e12cb465474238c78e88e6600aca2
instance: testing-gce-9b319d4d-e58b-461b-a641-c42b36677707:travis-ci-sugilite-trusty-1471824869
startup: 22.142749162s
travis_fold:end:worker_info[0Ktravis_fold:start:system_info[0K[33;1mBuild system information[0m
Build language: java
Build group: stable
Build dist: trusty
Build id: 156636203
Job id: 156636205
travis-build version: eb5e562ef
[34m[1mBuild image provisioning date and time[0m
Mon Aug 22 00:52:43 UTC 2016
[34m[1mOperating System Details[0m
Distributor ID:	Ubuntu
Description:	Ubuntu 14.04.4 LTS
Release:	14.04
Codename:	trusty
[34m[1mLinux Version[0m
3.19.0-64-generic
[34m[1mCookbooks Version[0m
152b200 https://github.com/travis-ci/travis-cookbooks/tree/152b200
[34m[1mgit version[0m
git version 1.9.1
[34m[1mbash version[0m
GNU bash, version 4.3.11(1)-release (x86_64-pc-linux-gnu)
Copyright (C) 2013 Free Software Foundation, Inc.
License GPLv3+: GNU GPL version 3 or later <http://gnu.org/licenses/gpl.html>

This is free software; you are free to change and redistribute it.
There is NO WARRANTY, to the extent permitted by law.
[34m[1mgcc version[0m
gcc (Ubuntu 4.8.4-2ubuntu1~14.04.3) 4.8.4
Copyright (C) 2013 Free Software Foundation, Inc.
This is free software; see the source for copying conditions.  There is NO
warranty; not even for MERCHANTABILITY or FITNESS FOR A PARTICULAR PURPOSE.

[34m[1mdocker version[0m
Client:
 Version:      1.12.0
 API version:  1.24
 Go version:   go1.6.3
 Git commit:   8eab29e
 Built:        Thu Jul 28 22:00:36 2016
 OS/Arch:      linux/amd64

Server:
 Version:      1.12.0
 API version:  1.24
 Go version:   go1.6.3
 Git commit:   8eab29e
 Built:        Thu Jul 28 22:00:36 2016
 OS/Arch:      linux/amd64
[34m[1mclang version[0m
clang version 3.5.0 (tags/RELEASE_350/final)
Target: x86_64-unknown-linux-gnu
Thread model: posix
[34m[1mjq version[0m
jq-1.5
[34m[1mbats version[0m
Bats 0.4.0
[34m[1mgimme version[0m
v1.0.0
[34m[1mnvm version[0m
0.31.0
[34m[1mperlbrew version[0m
/home/travis/perl5/perlbrew/bin/perlbrew  - App::perlbrew/0.73
[34m[1mpostgresql client version[0m
psql (PostgreSQL) 9.5.4
[34m[1mphpenv version[0m
rbenv 1.0.0-30-g0c7224a
[34m[1mrvm version[0m
rvm 1.27.0 (latest) by Wayne E. Seguin <wayneeseguin@gmail.com>, Michal Papis <mpapis@gmail.com> [https://rvm.io/]
[34m[1mdefault ruby version[0m
ruby 2.3.1p112 (2016-04-26 revision 54768) [x86_64-linux]
[34m[1mPre-installed Ruby versions[0m
jruby-9.1.2.0
ruby-1.9.3-p551
ruby-2.0.0-p648
ruby-2.1.9
ruby-2.2.5
ruby-2.3.1
[34m[1mPre-installed Node.js versions[0m
iojs-v1.6
iojs-v1.6.4
v0.10
v0.10.40
v0.11.16
v0.12.2
v0.12.7
v0.6.21
v0.8.28
v4.1.2
[34m[1mPre-installed Go versions[0m
1.0.3
1.1.2
1.2.2
1.3.3
1.4.3
1.5.4
1.6.3
[34m[1mmysql version[0m
mysql  Ver 14.14 Distrib 5.5.50, for debian-linux-gnu (x86_64) using readline 6.3
[34m[1mPre-installed PostgreSQL versions[0m
9.1.23
9.2.18
9.3.14
9.4.9
9.5.4
[34m[1mRedis version[0m
redis-server 3.0.6
[34m[1mMongoDB version[0m
MongoDB 3.2.9
[34m[1mRabbitMQ Version[0m
3.6.5
[34m[1mInstalled Firefox version[0m
firefox 38.4.0esr
[34m[1mant version[0m
Apache Ant(TM) version 1.9.3 compiled on April 8 2014
[34m[1mmvn version[0m
Apache Maven 3.1.1 (0728685237757ffbf44136acec0402957f723d9a; 2013-09-17 15:22:22+0000)
Maven home: /usr/local/maven
Java version: 1.8.0_101, vendor: Oracle Corporation
Java home: /usr/lib/jvm/java-8-oracle/jre
Default locale: en_US, platform encoding: UTF-8
OS name: "linux", version: "3.19.0-64-generic", arch: "amd64", family: "unix"
[34m[1mgradle version[0m

------------------------------------------------------------
Gradle 2.13
------------------------------------------------------------

Build time:   2016-04-25 04:10:10 UTC
Build number: none
Revision:     3b427b1481e46232107303c90be7b05079b05b1c

Groovy:       2.4.4
Ant:          Apache Ant(TM) version 1.9.6 compiled on June 29 2015
JVM:          1.8.0_101 (Oracle Corporation 25.101-b13)
OS:           Linux 3.19.0-64-generic amd64

[34m[1mkerl list installations[0m
17.0
17.1
17.3
17.4
17.5
18.0
18.1
18.2
18.2.1
R14B02
R14B03
R14B04
R15B
R15B01
R15B02
R15B03
R16B
R16B01
R16B02
R16B03
R16B03-1
[34m[1mkiex list[0m

kiex elixirs

   elixir-1.0.3
=* elixir-1.0.4

# => - current
# =* - current && default
#  * - default

[34m[1mrebar --version[0m
rebar 2.6.2 R15B03 20160628_123811 git 2.6.2
[34m[1mlein version[0m
WARNING: You're currently running as root; probably by accident.
Press control-C to abort or Enter to continue as root.
Set LEIN_ROOT to disable this warning.
Leiningen 2.5.3 on Java 1.8.0_101 Java HotSpot(TM) 64-Bit Server VM
[34m[1mperlbrew list[0m
  5.8 (5.8.8)
  5.10 (5.10.1)
  5.12 (5.12.5)
  5.14 (5.14.4)
  5.16 (5.16.3)
  5.18 (5.18.4)
  5.20 (5.20.3)
  5.20-extras (5.20.3)
  5.20-shrplib (5.20.3)
  5.20.3
  5.22 (5.22.0)
  5.22-extras (5.22.0)
  5.22-shrplib (5.22.0)
  5.22.0
[34m[1mphpenv versions[0m
  system
  5.4
  5.4.45
  5.5.37
  5.6
* 5.6.24 (set by /home/travis/.phpenv/version)
  7.0
  7.0.7
  hhvm
  hhvm-stable
[34m[1mcomposer --version[0m
Composer version 1.2.0 2016-07-19 01:28:52
travis_fold:end:system_info[0K
travis_fold:start:fix.CVE-2015-7547[0K$ export DEBIAN_FRONTEND=noninteractive
Reading package lists...
Building dependency tree...
Reading state information...
libc6 is already the newest version.
0 upgraded, 0 newly installed, 0 to remove and 30 not upgraded.
travis_fold:end:fix.CVE-2015-7547[0Ktravis_fold:start:git.checkout[0Ktravis_time:start:03beaa33[0K$ git clone --depth=50 https://github.com/basho/riak-java-client.git basho/riak-java-client
Cloning into 'basho/riak-java-client'...
remote: Counting objects: 9085, done.[K
remote: Compressing objects:   0% (1/3297)   [Kremote: Compressing objects:   1% (33/3297)   [Kremote: Compressing objects:   2% (66/3297)   [Kremote: Compressing objects:   3% (99/3297)   [Kremote: Compressing objects:   4% (132/3297)   [Kremote: Compressing objects:   5% (165/3297)   [Kremote: Compressing objects:   6% (198/3297)   [Kremote: Compressing objects:   7% (231/3297)   [Kremote: Compressing objects:   8% (264/3297)   [Kremote: Compressing objects:   9% (297/3297)   [Kremote: Compressing objects:  10% (330/3297)   [Kremote: Compressing objects:  11% (363/3297)   [Kremote: Compressing objects:  12% (396/3297)   [Kremote: Compressing objects:  13% (429/3297)   [Kremote: Compressing objects:  14% (462/3297)   [Kremote: Compressing objects:  15% (495/3297)   [Kremote: Compressing objects:  16% (528/3297)   [Kremote: Compressing objects:  17% (561/3297)   [Kremote: Compressing objects:  18% (594/3297)   [Kremote: Compressing objects:  19% (627/3297)   [Kremote: Compressing objects:  20% (660/3297)   [Kremote: Compressing objects:  21% (693/3297)   [Kremote: Compressing objects:  22% (726/3297)   [Kremote: Compressing objects:  23% (759/3297)   [Kremote: Compressing objects:  24% (792/3297)   [Kremote: Compressing objects:  25% (825/3297)   [Kremote: Compressing objects:  26% (858/3297)   [Kremote: Compressing objects:  27% (891/3297)   [Kremote: Compressing objects:  28% (924/3297)   [Kremote: Compressing objects:  29% (957/3297)   [Kremote: Compressing objects:  30% (990/3297)   [Kremote: Compressing objects:  31% (1023/3297)   [Kremote: Compressing objects:  32% (1056/3297)   [Kremote: Compressing objects:  33% (1089/3297)   [Kremote: Compressing objects:  34% (1121/3297)   [Kremote: Compressing objects:  35% (1154/3297)   [Kremote: Compressing objects:  36% (1187/3297)   [Kremote: Compressing objects:  37% (1220/3297)   [Kremote: Compressing objects:  38% (1253/3297)   [Kremote: Compressing objects:  39% (1286/3297)   [Kremote: Compressing objects:  40% (1319/3297)   [Kremote: Compressing objects:  41% (1352/3297)   [Kremote: Compressing objects:  42% (1385/3297)   [Kremote: Compressing objects:  43% (1418/3297)   [Kremote: Compressing objects:  44% (1451/3297)   [Kremote: Compressing objects:  45% (1484/3297)   [Kremote: Compressing objects:  46% (1517/3297)   [Kremote: Compressing objects:  47% (1550/3297)   [Kremote: Compressing objects:  48% (1583/3297)   [Kremote: Compressing objects:  49% (1616/3297)   [Kremote: Compressing objects:  50% (1649/3297)   [Kremote: Compressing objects:  51% (1682/3297)   [Kremote: Compressing objects:  52% (1715/3297)   [Kremote: Compressing objects:  53% (1748/3297)   [Kremote: Compressing objects:  54% (1781/3297)   [Kremote: Compressing objects:  55% (1814/3297)   [Kremote: Compressing objects:  56% (1847/3297)   [Kremote: Compressing objects:  57% (1880/3297)   [Kremote: Compressing objects:  58% (1913/3297)   [Kremote: Compressing objects:  59% (1946/3297)   [Kremote: Compressing objects:  60% (1979/3297)   [Kremote: Compressing objects:  61% (2012/3297)   [Kremote: Compressing objects:  62% (2045/3297)   [Kremote: Compressing objects:  63% (2078/3297)   [Kremote: Compressing objects:  64% (2111/3297)   [Kremote: Compressing objects:  65% (2144/3297)   [Kremote: Compressing objects:  66% (2177/3297)   [Kremote: Compressing objects:  67% (2209/3297)   [Kremote: Compressing objects:  68% (2242/3297)   [Kremote: Compressing objects:  69% (2275/3297)   [Kremote: Compressing objects:  70% (2308/3297)   [Kremote: Compressing objects:  71% (2341/3297)   [Kremote: Compressing objects:  72% (2374/3297)   [Kremote: Compressing objects:  73% (2407/3297)   [Kremote: Compressing objects:  74% (2440/3297)   [Kremote: Compressing objects:  75% (2473/3297)   [Kremote: Compressing objects:  76% (2506/3297)   [Kremote: Compressing objects:  77% (2539/3297)   [Kremote: Compressing objects:  78% (2572/3297)   [Kremote: Compressing objects:  79% (2605/3297)   [Kremote: Compressing objects:  80% (2638/3297)   [Kremote: Compressing objects:  81% (2671/3297)   [Kremote: Compressing objects:  82% (2704/3297)   [Kremote: Compressing objects:  83% (2737/3297)   [Kremote: Compressing objects:  84% (2770/3297)   [Kremote: Compressing objects:  85% (2803/3297)   [Kremote: Compressing objects:  86% (2836/3297)   [Kremote: Compressing objects:  87% (2869/3297)   [Kremote: Compressing objects:  88% (2902/3297)   [Kremote: Compressing objects:  89% (2935/3297)   [Kremote: Compressing objects:  90% (2968/3297)   [Kremote: Compressing objects:  91% (3001/3297)   [Kremote: Compressing objects:  92% (3034/3297)   [Kremote: Compressing objects:  93% (3067/3297)   [Kremote: Compressing objects:  94% (3100/3297)   [Kremote: Compressing objects:  95% (3133/3297)   [Kremote: Compressing objects:  96% (3166/3297)   [Kremote: Compressing objects:  97% (3199/3297)   [Kremote: Compressing objects:  98% (3232/3297)   [Kremote: Compressing objects:  99% (3265/3297)   [Kremote: Compressing objects: 100% (3297/3297)   [Kremote: Compressing objects: 100% (3297/3297), done.[K
Receiving objects:   0% (1/9085)   Receiving objects:   1% (91/9085)   Receiving objects:   2% (182/9085)   Receiving objects:   3% (273/9085)   Receiving objects:   4% (364/9085)   Receiving objects:   5% (455/9085)   Receiving objects:   6% (546/9085)   Receiving objects:   7% (636/9085)   Receiving objects:   8% (727/9085)   Receiving objects:   9% (818/9085)   Receiving objects:  10% (909/9085)   Receiving objects:  11% (1000/9085)   Receiving objects:  12% (1091/9085)   Receiving objects:  13% (1182/9085)   Receiving objects:  14% (1272/9085)   Receiving objects:  15% (1363/9085)   Receiving objects:  16% (1454/9085)   Receiving objects:  17% (1545/9085)   Receiving objects:  18% (1636/9085)   Receiving objects:  19% (1727/9085)   Receiving objects:  20% (1817/9085)   Receiving objects:  21% (1908/9085)   Receiving objects:  22% (1999/9085)   Receiving objects:  23% (2090/9085)   Receiving objects:  24% (2181/9085)   Receiving objects:  25% (2272/9085)   Receiving objects:  26% (2363/9085)   Receiving objects:  27% (2453/9085)   Receiving objects:  28% (2544/9085)   Receiving objects:  29% (2635/9085)   Receiving objects:  30% (2726/9085)   Receiving objects:  31% (2817/9085)   Receiving objects:  32% (2908/9085)   Receiving objects:  33% (2999/9085)   Receiving objects:  34% (3089/9085)   Receiving objects:  35% (3180/9085)   Receiving objects:  36% (3271/9085)   Receiving objects:  37% (3362/9085)   Receiving objects:  38% (3453/9085)   Receiving objects:  39% (3544/9085)   Receiving objects:  40% (3634/9085)   Receiving objects:  41% (3725/9085)   Receiving objects:  42% (3816/9085)   Receiving objects:  43% (3907/9085)   Receiving objects:  44% (3998/9085)   Receiving objects:  45% (4089/9085)   Receiving objects:  46% (4180/9085)   Receiving objects:  47% (4270/9085)   Receiving objects:  48% (4361/9085)   Receiving objects:  49% (4452/9085)   Receiving objects:  50% (4543/9085)   Receiving objects:  51% (4634/9085)   Receiving objects:  52% (4725/9085)   Receiving objects:  53% (4816/9085)   Receiving objects:  54% (4906/9085)   Receiving objects:  55% (4997/9085)   Receiving objects:  56% (5088/9085)   Receiving objects:  57% (5179/9085)   Receiving objects:  58% (5270/9085)   Receiving objects:  59% (5361/9085)   Receiving objects:  60% (5451/9085)   Receiving objects:  61% (5542/9085)   Receiving objects:  62% (5633/9085)   Receiving objects:  63% (5724/9085)   Receiving objects:  64% (5815/9085)   Receiving objects:  65% (5906/9085)   Receiving objects:  66% (5997/9085)   Receiving objects:  67% (6087/9085)   Receiving objects:  68% (6178/9085)   Receiving objects:  69% (6269/9085)   Receiving objects:  70% (6360/9085)   Receiving objects:  71% (6451/9085)   Receiving objects:  72% (6542/9085)   Receiving objects:  73% (6633/9085)   Receiving objects:  74% (6723/9085)   Receiving objects:  75% (6814/9085)   Receiving objects:  76% (6905/9085)   Receiving objects:  77% (6996/9085)   Receiving objects:  78% (7087/9085)   Receiving objects:  79% (7178/9085)   Receiving objects:  80% (7268/9085)   Receiving objects:  81% (7359/9085)   Receiving objects:  82% (7450/9085)   Receiving objects:  83% (7541/9085)   Receiving objects:  84% (7632/9085)   Receiving objects:  85% (7723/9085)   Receiving objects:  86% (7814/9085)   Receiving objects:  87% (7904/9085)   Receiving objects:  88% (7995/9085)   Receiving objects:  89% (8086/9085)   Receiving objects:  90% (8177/9085)   Receiving objects:  91% (8268/9085)   Receiving objects:  92% (8359/9085)   Receiving objects:  93% (8450/9085)   Receiving objects:  94% (8540/9085)   Receiving objects:  95% (8631/9085)   Receiving objects:  96% (8722/9085)   remote: Total 9085 (delta 4453), reused 8219 (delta 3731), pack-reused 0[K
Receiving objects:  97% (8813/9085)   Receiving objects:  98% (8904/9085)   Receiving objects:  99% (8995/9085)   Receiving objects: 100% (9085/9085)   Receiving objects: 100% (9085/9085), 1.79 MiB | 0 bytes/s, done.
Resolving deltas:   0% (0/4453)   Resolving deltas:   1% (63/4453)   Resolving deltas:   2% (93/4453)   Resolving deltas:   3% (166/4453)   Resolving deltas:   4% (180/4453)   Resolving deltas:   5% (230/4453)   Resolving deltas:   6% (268/4453)   Resolving deltas:   7% (317/4453)   Resolving deltas:   8% (366/4453)   Resolving deltas:   9% (407/4453)   Resolving deltas:  10% (471/4453)   Resolving deltas:  11% (509/4453)   Resolving deltas:  12% (543/4453)   Resolving deltas:  13% (584/4453)   Resolving deltas:  14% (626/4453)   Resolving deltas:  15% (670/4453)   Resolving deltas:  17% (801/4453)   Resolving deltas:  18% (808/4453)   Resolving deltas:  19% (854/4453)   Resolving deltas:  20% (899/4453)   Resolving deltas:  21% (938/4453)   Resolving deltas:  22% (984/4453)   Resolving deltas:  23% (1054/4453)   Resolving deltas:  24% (1071/4453)   Resolving deltas:  25% (1115/4453)   Resolving deltas:  26% (1167/4453)   Resolving deltas:  27% (1218/4453)   Resolving deltas:  28% (1254/4453)   Resolving deltas:  29% (1304/4453)   Resolving deltas:  30% (1341/4453)   Resolving deltas:  31% (1382/4453)   Resolving deltas:  32% (1428/4453)   Resolving deltas:  33% (1472/4453)   Resolving deltas:  34% (1516/4453)   Resolving deltas:  35% (1564/4453)   Resolving deltas:  36% (1605/4453)   Resolving deltas:  37% (1649/4453)   Resolving deltas:  38% (1706/4453)   Resolving deltas:  39% (1745/4453)   Resolving deltas:  40% (1786/4453)   Resolving deltas:  41% (1831/4453)   Resolving deltas:  42% (1881/4453)   Resolving deltas:  43% (1918/4453)   Resolving deltas:  44% (1961/4453)   Resolving deltas:  45% (2005/4453)   Resolving deltas:  47% (2096/4453)   Resolving deltas:  48% (2146/4453)   Resolving deltas:  49% (2222/4453)   Resolving deltas:  50% (2227/4453)   Resolving deltas:  51% (2278/4453)   Resolving deltas:  52% (2320/4453)   Resolving deltas:  53% (2366/4453)   Resolving deltas:  54% (2406/4453)   Resolving deltas:  55% (2486/4453)   Resolving deltas:  56% (2495/4453)   Resolving deltas:  57% (2540/4453)   Resolving deltas:  58% (2588/4453)   Resolving deltas:  59% (2658/4453)   Resolving deltas:  61% (2739/4453)   Resolving deltas:  63% (2830/4453)   Resolving deltas:  64% (2859/4453)   Resolving deltas:  65% (2922/4453)   Resolving deltas:  66% (2942/4453)   Resolving deltas:  67% (2995/4453)   Resolving deltas:  68% (3050/4453)   Resolving deltas:  69% (3087/4453)   Resolving deltas:  70% (3118/4453)   Resolving deltas:  71% (3162/4453)   Resolving deltas:  72% (3214/4453)   Resolving deltas:  73% (3256/4453)   Resolving deltas:  74% (3306/4453)   Resolving deltas:  75% (3340/4453)   Resolving deltas:  76% (3387/4453)   Resolving deltas:  78% (3480/4453)   Resolving deltas:  79% (3525/4453)   Resolving deltas:  80% (3566/4453)   Resolving deltas:  81% (3651/4453)   Resolving deltas:  82% (3652/4453)   Resolving deltas:  83% (3697/4453)   Resolving deltas:  84% (3744/4453)   Resolving deltas:  85% (3787/4453)   Resolving deltas:  86% (3837/4453)   Resolving deltas:  87% (3879/4453)   Resolving deltas:  88% (3919/4453)   Resolving deltas:  89% (3995/4453)   Resolving deltas:  90% (4009/4453)   Resolving deltas:  91% (4073/4453)   Resolving deltas:  92% (4098/4453)   Resolving deltas:  93% (4144/4453)   Resolving deltas:  94% (4186/4453)   Resolving deltas:  95% (4240/4453)   Resolving deltas:  96% (4275/4453)   Resolving deltas:  97% (4324/4453)   Resolving deltas:  98% (4377/4453)   Resolving deltas:  99% (4409/4453)   Resolving deltas: 100% (4453/4453)   Resolving deltas: 100% (4453/4453), done.
Checking connectivity... done.

travis_time:end:03beaa33:start=1472677045678116683,finish=1472677047240530730,duration=1562414047[0K$ cd basho/riak-java-client
travis_time:start:01b1f764[0K$ git fetch origin +refs/pull/669/merge:
remote: Counting objects: 106, done.[K
remote: Compressing objects:   2% (1/42)   [Kremote: Compressing objects:   4% (2/42)   [Kremote: Compressing objects:   7% (3/42)   [Kremote: Compressing objects:   9% (4/42)   [Kremote: Compressing objects:  11% (5/42)   [Kremote: Compressing objects:  14% (6/42)   [Kremote: Compressing objects:  16% (7/42)   [Kremote: Compressing objects:  19% (8/42)   [Kremote: Compressing objects:  21% (9/42)   [Kremote: Compressing objects:  23% (10/42)   [Kremote: Compressing objects:  26% (11/42)   [Kremote: Compressing objects:  28% (12/42)   [Kremote: Compressing objects:  30% (13/42)   [Kremote: Compressing objects:  33% (14/42)   [Kremote: Compressing objects:  35% (15/42)   [Kremote: Compressing objects:  38% (16/42)   [Kremote: Compressing objects:  40% (17/42)   [Kremote: Compressing objects:  42% (18/42)   [Kremote: Compressing objects:  45% (19/42)   [Kremote: Compressing objects:  47% (20/42)   [Kremote: Compressing objects:  50% (21/42)   [Kremote: Compressing objects:  52% (22/42)   [Kremote: Compressing objects:  54% (23/42)   [Kremote: Compressing objects:  57% (24/42)   [Kremote: Compressing objects:  59% (25/42)   [Kremote: Compressing objects:  61% (26/42)   [Kremote: Compressing objects:  64% (27/42)   [Kremote: Compressing objects:  66% (28/42)   [Kremote: Compressing objects:  69% (29/42)   [Kremote: Compressing objects:  71% (30/42)   [Kremote: Compressing objects:  73% (31/42)   [Kremote: Compressing objects:  76% (32/42)   [Kremote: Compressing objects:  78% (33/42)   [Kremote: Compressing objects:  80% (34/42)   [Kremote: Compressing objects:  83% (35/42)   [Kremote: Compressing objects:  85% (36/42)   [Kremote: Compressing objects:  88% (37/42)   [Kremote: Compressing objects:  90% (38/42)   [Kremote: Compressing objects:  92% (39/42)   [Kremote: Compressing objects:  95% (40/42)   [Kremote: Compressing objects:  97% (41/42)   [Kremote: Compressing objects: 100% (42/42)   [Kremote: Compressing objects: 100% (42/42), done.[K
Receiving objects:   0% (1/106)   Receiving objects:   1% (2/106)   Receiving objects:   2% (3/106)   Receiving objects:   3% (4/106)   Receiving objects:   4% (5/106)   Receiving objects:   5% (6/106)   Receiving objects:   6% (7/106)   Receiving objects:   7% (8/106)   Receiving objects:   8% (9/106)   Receiving objects:   9% (10/106)   Receiving objects:  10% (11/106)   Receiving objects:  11% (12/106)   Receiving objects:  12% (13/106)   Receiving objects:  13% (14/106)   Receiving objects:  14% (15/106)   Receiving objects:  15% (16/106)   Receiving objects:  16% (17/106)   Receiving objects:  17% (19/106)   Receiving objects:  18% (20/106)   Receiving objects:  19% (21/106)   Receiving objects:  20% (22/106)   Receiving objects:  21% (23/106)   Receiving objects:  22% (24/106)   Receiving objects:  23% (25/106)   Receiving objects:  24% (26/106)   Receiving objects:  25% (27/106)   Receiving objects:  26% (28/106)   Receiving objects:  27% (29/106)   Receiving objects:  28% (30/106)   Receiving objects:  29% (31/106)   Receiving objects:  30% (32/106)   Receiving objects:  31% (33/106)   Receiving objects:  32% (34/106)   Receiving objects:  33% (35/106)   Receiving objects:  34% (37/106)   Receiving objects:  35% (38/106)   Receiving objects:  36% (39/106)   Receiving objects:  37% (40/106)   Receiving objects:  38% (41/106)   Receiving objects:  39% (42/106)   Receiving objects:  40% (43/106)   Receiving objects:  41% (44/106)   Receiving objects:  42% (45/106)   Receiving objects:  43% (46/106)   Receiving objects:  44% (47/106)   Receiving objects:  45% (48/106)   remote: Total 106 (delta 53), reused 93 (delta 43), pack-reused 0[K
Receiving objects:  46% (49/106)   Receiving objects:  47% (50/106)   Receiving objects:  48% (51/106)   Receiving objects:  49% (52/106)   Receiving objects:  50% (53/106)   Receiving objects:  51% (55/106)   Receiving objects:  52% (56/106)   Receiving objects:  53% (57/106)   Receiving objects:  54% (58/106)   Receiving objects:  55% (59/106)   Receiving objects:  56% (60/106)   Receiving objects:  57% (61/106)   Receiving objects:  58% (62/106)   Receiving objects:  59% (63/106)   Receiving objects:  60% (64/106)   Receiving objects:  61% (65/106)   Receiving objects:  62% (66/106)   Receiving objects:  63% (67/106)   Receiving objects:  64% (68/106)   Receiving objects:  65% (69/106)   Receiving objects:  66% (70/106)   Receiving objects:  67% (72/106)   Receiving objects:  68% (73/106)   Receiving objects:  69% (74/106)   Receiving objects:  70% (75/106)   Receiving objects:  71% (76/106)   Receiving objects:  72% (77/106)   Receiving objects:  73% (78/106)   Receiving objects:  74% (79/106)   Receiving objects:  75% (80/106)   Receiving objects:  76% (81/106)   Receiving objects:  77% (82/106)   Receiving objects:  78% (83/106)   Receiving objects:  79% (84/106)   Receiving objects:  80% (85/106)   Receiving objects:  81% (86/106)   Receiving objects:  82% (87/106)   Receiving objects:  83% (88/106)   Receiving objects:  84% (90/106)   Receiving objects:  85% (91/106)   Receiving objects:  86% (92/106)   Receiving objects:  87% (93/106)   Receiving objects:  88% (94/106)   Receiving objects:  89% (95/106)   Receiving objects:  90% (96/106)   Receiving objects:  91% (97/106)   Receiving objects:  92% (98/106)   Receiving objects:  93% (99/106)   Receiving objects:  94% (100/106)   Receiving objects:  95% (101/106)   Receiving objects:  96% (102/106)   Receiving objects:  97% (103/106)   Receiving objects:  98% (104/106)   Receiving objects:  99% (105/106)   Receiving objects: 100% (106/106)   Receiving objects: 100% (106/106), 24.15 KiB | 0 bytes/s, done.
Resolving deltas:   0% (0/53)   Resolving deltas:   1% (1/53)   Resolving deltas:   3% (2/53)   Resolving deltas:   5% (3/53)   Resolving deltas:   7% (4/53)   Resolving deltas:   9% (5/53)   Resolving deltas:  13% (7/53)   Resolving deltas:  16% (9/53)   Resolving deltas:  26% (14/53)   Resolving deltas:  28% (15/53)   Resolving deltas:  32% (17/53)   Resolving deltas:  35% (19/53)   Resolving deltas:  37% (20/53)   Resolving deltas:  39% (21/53)   Resolving deltas:  41% (22/53)   Resolving deltas:  45% (24/53)   Resolving deltas:  49% (26/53)   Resolving deltas:  50% (27/53)   Resolving deltas:  52% (28/53)   Resolving deltas:  56% (30/53)   Resolving deltas:  60% (32/53)   Resolving deltas:  62% (33/53)   Resolving deltas:  66% (35/53)   Resolving deltas:  67% (36/53)   Resolving deltas:  69% (37/53)   Resolving deltas:  71% (38/53)   Resolving deltas:  75% (40/53)   Resolving deltas:  77% (41/53)   Resolving deltas:  81% (43/53)   Resolving deltas:  84% (45/53)   Resolving deltas:  88% (47/53)   Resolving deltas:  94% (50/53)   Resolving deltas: 100% (53/53)   Resolving deltas: 100% (53/53), completed with 25 local objects.
From https://github.com/basho/riak-java-client
 * branch            refs/pull/669/merge -> FETCH_HEAD

travis_time:end:01b1f764:start=1472677047245243713,finish=1472677048024977983,duration=779734270[0K$ git checkout -qf FETCH_HEAD
travis_fold:end:git.checkout[0Ktravis_fold:start:git.submodule[0Ktravis_time:start:07c188f0[0K$ git submodule update --init --recursive
Submodule 'riak_pb' (https://github.com/basho/riak_pb.git) registered for path 'riak_pb'
Submodule 'tools' (https://github.com/basho/riak-client-tools/) registered for path 'tools'
Cloning into 'riak_pb'...
remote: Counting objects: 2513, done.[K
remote: Compressing objects:   4% (1/22)   [Kremote: Compressing objects:   9% (2/22)   [Kremote: Compressing objects:  13% (3/22)   [Kremote: Compressing objects:  18% (4/22)   [Kremote: Compressing objects:  22% (5/22)   [Kremote: Compressing objects:  27% (6/22)   [Kremote: Compressing objects:  31% (7/22)   [Kremote: Compressing objects:  36% (8/22)   [Kremote: Compressing objects:  40% (9/22)   [Kremote: Compressing objects:  45% (10/22)   [Kremote: Compressing objects:  50% (11/22)   [Kremote: Compressing objects:  54% (12/22)   [Kremote: Compressing objects:  59% (13/22)   [Kremote: Compressing objects:  63% (14/22)   [Kremote: Compressing objects:  68% (15/22)   [Kremote: Compressing objects:  72% (16/22)   [Kremote: Compressing objects:  77% (17/22)   [Kremote: Compressing objects:  81% (18/22)   [Kremote: Compressing objects:  86% (19/22)   [Kremote: Compressing objects:  90% (20/22)   [Kremote: Compressing objects:  95% (21/22)   [Kremote: Compressing objects: 100% (22/22)   [Kremote: Compressing objects: 100% (22/22), done.[K
Receiving objects:   0% (1/2513)   Receiving objects:   1% (26/2513)   Receiving objects:   2% (51/2513)   Receiving objects:   3% (76/2513)   Receiving objects:   4% (101/2513)   Receiving objects:   5% (126/2513)   Receiving objects:   6% (151/2513)   Receiving objects:   7% (176/2513)   Receiving objects:   8% (202/2513)   Receiving objects:   9% (227/2513)   Receiving objects:  10% (252/2513)   Receiving objects:  11% (277/2513)   Receiving objects:  12% (302/2513)   Receiving objects:  13% (327/2513)   Receiving objects:  14% (352/2513)   Receiving objects:  15% (377/2513)   Receiving objects:  16% (403/2513)   Receiving objects:  17% (428/2513)   Receiving objects:  18% (453/2513)   Receiving objects:  19% (478/2513)   Receiving objects:  20% (503/2513)   Receiving objects:  21% (528/2513)   Receiving objects:  22% (553/2513)   Receiving objects:  23% (578/2513)   Receiving objects:  24% (604/2513)   Receiving objects:  25% (629/2513)   Receiving objects:  26% (654/2513)   Receiving objects:  27% (679/2513)   Receiving objects:  28% (704/2513)   Receiving objects:  29% (729/2513)   Receiving objects:  30% (754/2513)   Receiving objects:  31% (780/2513)   Receiving objects:  32% (805/2513)   Receiving objects:  33% (830/2513)   Receiving objects:  34% (855/2513)   Receiving objects:  35% (880/2513)   Receiving objects:  36% (905/2513)   Receiving objects:  37% (930/2513)   Receiving objects:  38% (955/2513)   Receiving objects:  39% (981/2513)   Receiving objects:  40% (1006/2513)   Receiving objects:  41% (1031/2513)   Receiving objects:  42% (1056/2513)   Receiving objects:  43% (1081/2513)   Receiving objects:  44% (1106/2513)   Receiving objects:  45% (1131/2513)   Receiving objects:  46% (1156/2513)   Receiving objects:  47% (1182/2513)   Receiving objects:  48% (1207/2513)   Receiving objects:  49% (1232/2513)   Receiving objects:  50% (1257/2513)   Receiving objects:  51% (1282/2513)   Receiving objects:  52% (1307/2513)   Receiving objects:  53% (1332/2513)   Receiving objects:  54% (1358/2513)   Receiving objects:  55% (1383/2513)   Receiving objects:  56% (1408/2513)   Receiving objects:  57% (1433/2513)   Receiving objects:  58% (1458/2513)   Receiving objects:  59% (1483/2513)   Receiving objects:  60% (1508/2513)   Receiving objects:  61% (1533/2513)   Receiving objects:  62% (1559/2513)   Receiving objects:  63% (1584/2513)   Receiving objects:  64% (1609/2513)   Receiving objects:  65% (1634/2513)   Receiving objects:  66% (1659/2513)   Receiving objects:  67% (1684/2513)   Receiving objects:  68% (1709/2513)   Receiving objects:  69% (1734/2513)   Receiving objects:  70% (1760/2513)   Receiving objects:  71% (1785/2513)   Receiving objects:  72% (1810/2513)   Receiving objects:  73% (1835/2513)   Receiving objects:  74% (1860/2513)   Receiving objects:  75% (1885/2513)   Receiving objects:  76% (1910/2513)   Receiving objects:  77% (1936/2513)   Receiving objects:  78% (1961/2513)   Receiving objects:  79% (1986/2513)   Receiving objects:  80% (2011/2513)   Receiving objects:  81% (2036/2513)   Receiving objects:  82% (2061/2513)   Receiving objects:  83% (2086/2513)   Receiving objects:  84% (2111/2513)   Receiving objects:  85% (2137/2513)   Receiving objects:  86% (2162/2513)   Receiving objects:  87% (2187/2513)   Receiving objects:  88% (2212/2513)   Receiving objects:  89% (2237/2513)   Receiving objects:  90% (2262/2513)   remote: Total 2513 (delta 10), reused 0 (delta 0), pack-reused 2491[K
Receiving objects:  91% (2287/2513)   Receiving objects:  92% (2312/2513)   Receiving objects:  93% (2338/2513)   Receiving objects:  94% (2363/2513)   Receiving objects:  95% (2388/2513)   Receiving objects:  96% (2413/2513)   Receiving objects:  97% (2438/2513)   Receiving objects:  98% (2463/2513)   Receiving objects:  99% (2488/2513)   Receiving objects: 100% (2513/2513)   Receiving objects: 100% (2513/2513), 1.82 MiB | 0 bytes/s, done.
Resolving deltas:   0% (0/1570)   Resolving deltas:   1% (16/1570)   Resolving deltas:   2% (41/1570)   Resolving deltas:   4% (68/1570)   Resolving deltas:   5% (81/1570)   Resolving deltas:   6% (100/1570)   Resolving deltas:  13% (219/1570)   Resolving deltas:  20% (314/1570)   Resolving deltas:  23% (369/1570)   Resolving deltas:  24% (384/1570)   Resolving deltas:  30% (482/1570)   Resolving deltas:  31% (492/1570)   Resolving deltas:  32% (518/1570)   Resolving deltas:  34% (545/1570)   Resolving deltas:  35% (555/1570)   Resolving deltas:  36% (576/1570)   Resolving deltas:  37% (588/1570)   Resolving deltas:  38% (605/1570)   Resolving deltas:  39% (613/1570)   Resolving deltas:  40% (628/1570)   Resolving deltas:  42% (665/1570)   Resolving deltas:  43% (677/1570)   Resolving deltas:  48% (766/1570)   Resolving deltas:  49% (771/1570)   Resolving deltas:  50% (796/1570)   Resolving deltas:  52% (825/1570)   Resolving deltas:  54% (856/1570)   Resolving deltas:  56% (889/1570)   Resolving deltas:  57% (895/1570)   Resolving deltas:  59% (935/1570)   Resolving deltas:  60% (954/1570)   Resolving deltas:  61% (965/1570)   Resolving deltas:  62% (984/1570)   Resolving deltas:  63% (990/1570)   Resolving deltas:  67% (1061/1570)   Resolving deltas:  68% (1072/1570)   Resolving deltas:  71% (1121/1570)   Resolving deltas:  72% (1131/1570)   Resolving deltas:  77% (1222/1570)   Resolving deltas:  79% (1241/1570)   Resolving deltas:  82% (1291/1570)   Resolving deltas:  83% (1316/1570)   Resolving deltas:  84% (1319/1570)   Resolving deltas:  85% (1346/1570)   Resolving deltas:  86% (1351/1570)   Resolving deltas:  88% (1386/1570)   Resolving deltas:  89% (1410/1570)   Resolving deltas:  90% (1414/1570)   Resolving deltas:  91% (1438/1570)   Resolving deltas:  92% (1446/1570)   Resolving deltas:  93% (1470/1570)   Resolving deltas:  94% (1481/1570)   Resolving deltas:  95% (1496/1570)   Resolving deltas:  96% (1513/1570)   Resolving deltas:  97% (1524/1570)   Resolving deltas:  98% (1542/1570)   Resolving deltas:  99% (1556/1570)   Resolving deltas: 100% (1570/1570)   Resolving deltas: 100% (1570/1570), done.
Checking connectivity... done.
Submodule path 'riak_pb': checked out 'af2dee42d8b4d12bacfdd627639b5d125bf642ba'
Cloning into 'tools'...
remote: Counting objects: 360, done.[K
remote: Compressing objects:  25% (1/4)   [Kremote: Compressing objects:  50% (2/4)   [Kremote: Compressing objects:  75% (3/4)   [Kremote: Compressing objects: 100% (4/4)   [Kremote: Compressing objects: 100% (4/4), done.[K
Receiving objects:   0% (1/360)   Receiving objects:   1% (4/360)   Receiving objects:   2% (8/360)   Receiving objects:   3% (11/360)   Receiving objects:   4% (15/360)   Receiving objects:   5% (18/360)   Receiving objects:   6% (22/360)   Receiving objects:   7% (26/360)   Receiving objects:   8% (29/360)   Receiving objects:   9% (33/360)   Receiving objects:  10% (36/360)   Receiving objects:  11% (40/360)   Receiving objects:  12% (44/360)   Receiving objects:  13% (47/360)   Receiving objects:  14% (51/360)   Receiving objects:  15% (54/360)   Receiving objects:  16% (58/360)   Receiving objects:  17% (62/360)   Receiving objects:  18% (65/360)   Receiving objects:  19% (69/360)   Receiving objects:  20% (72/360)   Receiving objects:  21% (76/360)   Receiving objects:  22% (80/360)   Receiving objects:  23% (83/360)   Receiving objects:  24% (87/360)   Receiving objects:  25% (90/360)   Receiving objects:  26% (94/360)   Receiving objects:  27% (98/360)   Receiving objects:  28% (101/360)   Receiving objects:  29% (105/360)   Receiving objects:  30% (108/360)   Receiving objects:  31% (112/360)   Receiving objects:  32% (116/360)   Receiving objects:  33% (119/360)   Receiving objects:  34% (123/360)   Receiving objects:  35% (126/360)   Receiving objects:  36% (130/360)   Receiving objects:  37% (134/360)   Receiving objects:  38% (137/360)   Receiving objects:  39% (141/360)   Receiving objects:  40% (144/360)   Receiving objects:  41% (148/360)   Receiving objects:  42% (152/360)   Receiving objects:  43% (155/360)   Receiving objects:  44% (159/360)   Receiving objects:  45% (162/360)   Receiving objects:  46% (166/360)   Receiving objects:  47% (170/360)   Receiving objects:  48% (173/360)   Receiving objects:  49% (177/360)   Receiving objects:  50% (180/360)   Receiving objects:  51% (184/360)   Receiving objects:  52% (188/360)   Receiving objects:  53% (191/360)   Receiving objects:  54% (195/360)   Receiving objects:  55% (198/360)   Receiving objects:  56% (202/360)   Receiving objects:  57% (206/360)   Receiving objects:  58% (209/360)   Receiving objects:  59% (213/360)   Receiving objects:  60% (216/360)   Receiving objects:  61% (220/360)   Receiving objects:  62% (224/360)   Receiving objects:  63% (227/360)   Receiving objects:  64% (231/360)   Receiving objects:  65% (234/360)   Receiving objects:  66% (238/360)   Receiving objects:  67% (242/360)   Receiving objects:  68% (245/360)   Receiving objects:  69% (249/360)   Receiving objects:  70% (252/360)   Receiving objects:  71% (256/360)   Receiving objects:  72% (260/360)   Receiving objects:  73% (263/360)   Receiving objects:  74% (267/360)   Receiving objects:  75% (270/360)   Receiving objects:  76% (274/360)   Receiving objects:  77% (278/360)   Receiving objects:  78% (281/360)   Receiving objects:  79% (285/360)   Receiving objects:  80% (288/360)   Receiving objects:  81% (292/360)   Receiving objects:  82% (296/360)   Receiving objects:  83% (299/360)   Receiving objects:  84% (303/360)   Receiving objects:  85% (306/360)   Receiving objects:  86% (310/360)   Receiving objects:  87% (314/360)   Receiving objects:  88% (317/360)   Receiving objects:  89% (321/360)   remote: Total 360 (delta 0), reused 0 (delta 0), pack-reused 356[K
Receiving objects:  90% (324/360)   Receiving objects:  91% (328/360)   Receiving objects:  92% (332/360)   Receiving objects:  93% (335/360)   Receiving objects:  94% (339/360)   Receiving objects:  95% (342/360)   Receiving objects:  96% (346/360)   Receiving objects:  97% (350/360)   Receiving objects:  98% (353/360)   Receiving objects:  99% (357/360)   Receiving objects: 100% (360/360)   Receiving objects: 100% (360/360), 70.51 KiB | 0 bytes/s, done.
Resolving deltas:   0% (0/219)   Resolving deltas:   1% (3/219)   Resolving deltas:  18% (41/219)   Resolving deltas:  27% (61/219)   Resolving deltas:  31% (68/219)   Resolving deltas:  33% (73/219)   Resolving deltas:  47% (103/219)   Resolving deltas:  49% (108/219)   Resolving deltas:  70% (154/219)   Resolving deltas:  72% (158/219)   Resolving deltas:  73% (160/219)   Resolving deltas:  74% (164/219)   Resolving deltas:  92% (202/219)   Resolving deltas:  94% (207/219)   Resolving deltas: 100% (219/219)   Resolving deltas: 100% (219/219), done.
Checking connectivity... done.
Submodule path 'tools': checked out 'e961fc592148812327e3d3b305aab4ea7b7264ef'

travis_time:end:07c188f0:start=1472677048085093639,finish=1472677049908058643,duration=1822965004[0Ktravis_fold:end:git.submodule[0Ktravis_fold:start:services[0Ktravis_time:start:0dd676a5[0K$ sudo service docker start
start: Job is already running: docker

travis_time:end:0dd676a5:start=1472677049913846286,finish=1472677049932511597,duration=18665311[0Ktravis_fold:end:services[0K
[33;1mSetting environment variables from .travis.yml[0m
$ export RIAK_HOSTS=localhost:8087
$ export RIAK_FLAVOR=riak-kv

$ jdk_switcher use oraclejdk8
Switching to Oracle JDK8 (java-8-oracle-amd64), JAVA_HOME will be set to /usr/lib/jvm/java-8-oracle-amd64
update-alternatives: error: no alternatives for apt
update-java-alternatives: jdk alternative does not exist: /usr/lib/jvm/java-8-oracle-amd64/bin/apt
find: `/home/travis/.ivy2': No such file or directory
find: `/home/travis/.sbt': No such file or directory
travis_fold:start:cache.1[0KSetting up build cache
$ export CASHER_DIR=$HOME/.casher
travis_time:start:252dd8c0[0K$ Installing caching utilities

travis_time:end:252dd8c0:start=1472677053893545823,finish=1472677053958353143,duration=64807320[0Ktravis_time:start:0499e58d[0K
travis_time:end:0499e58d:start=1472677053964161367,finish=1472677053968157245,duration=3995878[0Ktravis_time:start:0a195b03[0K[32;1mattempting to download cache archive[0m
[32;1mfetching PR.669/cache-linux-trusty-6cee98ffd4c4aa919b3418887af1b7539e8a7c239f5aa79cfbe8f06b922f4b5b--jdk-oraclejdk8.tgz[0m
[32;1mfound cache[0m

travis_time:end:0a195b03:start=1472677053972693440,finish=1472677054930212245,duration=957518805[0Ktravis_time:start:217274c0[0K
travis_time:end:217274c0:start=1472677054934851395,finish=1472677054938820745,duration=3969350[0Ktravis_time:start:0f0c3811[0K[32;1madding /home/travis/.m2 to cache[0m

travis_time:end:0f0c3811:start=1472677054943297549,finish=1472677056330233118,duration=1386935569[0Ktravis_fold:end:cache.1[0K$ java -Xmx32m -version
java version "1.8.0_65"
Java(TM) SE Runtime Environment (build 1.8.0_65-b17)
Java HotSpot(TM) 64-Bit Server VM (build 25.65-b01, mixed mode)
$ javac -J-Xmx32m -version
javac 1.8.0_65
travis_fold:start:install[0Ktravis_time:start:0bfa537f[0K$ mvn install -DskipTests=true -Dmaven.javadoc.skip=true -B -V
Java HotSpot(TM) 64-Bit Server VM warning: ignoring option MaxPermSize=192m; support was removed in 8.0
Apache Maven 3.1.1 (0728685237757ffbf44136acec0402957f723d9a; 2013-09-17 15:22:22+0000)
Maven home: /usr/local/maven
Java version: 1.8.0_65, vendor: Oracle Corporation
Java home: /usr/lib/jvm/jdk1.8.0_65/jre
Default locale: en_US, platform encoding: UTF-8
OS name: "linux", version: "3.19.0-66-generic", arch: "amd64", family: "unix"
[INFO] Scanning for projects...
[INFO]                                                                         
[INFO] ------------------------------------------------------------------------
[INFO] Building Riak Client for Java 2.1.0-SNAPSHOT
[INFO] ------------------------------------------------------------------------
[INFO] 
[INFO] --- maven-enforcer-plugin:1.4.1:enforce (enforce-property) @ riak-client ---
[INFO] 
[INFO] --- jacoco-maven-plugin:0.7.7.201606060606:prepare-agent (jacoco-initialize) @ riak-client ---
[INFO] argLine set to -javaagent:/home/travis/.m2/repository/org/jacoco/org.jacoco.agent/0.7.7.201606060606/org.jacoco.agent-0.7.7.201606060606-runtime.jar=destfile=/home/travis/build/basho/riak-java-client/target/jacoco.exec
[INFO] 
[INFO] --- maven-resources-plugin:2.6:resources (default-resources) @ riak-client ---
[INFO] Using 'UTF-8' encoding to copy filtered resources.
[INFO] Copying 1 resource
[INFO] 
[INFO] --- maven-compiler-plugin:3.5.1:compile (default-compile) @ riak-client ---
[INFO] Changes detected - recompiling the module!
[INFO] Compiling 283 source files to /home/travis/build/basho/riak-java-client/target/classes
[INFO] 
[INFO] --- maven-resources-plugin:2.6:testResources (default-testResources) @ riak-client ---
[INFO] Using 'UTF-8' encoding to copy filtered resources.
[INFO] Copying 1 resource
[INFO] 
[INFO] --- maven-compiler-plugin:3.5.1:testCompile (default-testCompile) @ riak-client ---
[INFO] Changes detected - recompiling the module!
[INFO] Compiling 115 source files to /home/travis/build/basho/riak-java-client/target/test-classes
[INFO] 
[INFO] --- maven-surefire-plugin:2.19.1:test (default-test) @ riak-client ---
[INFO] Tests are skipped.
[INFO] 
[INFO] --- animal-sniffer-maven-plugin:1.15:check (default) @ riak-client ---
[INFO] Checking unresolved references to org.codehaus.mojo.signature:java18:1.0
[INFO] 
[INFO] --- maven-jar-plugin:2.4:jar (default-jar) @ riak-client ---
[INFO] Building jar: /home/travis/build/basho/riak-java-client/target/riak-client-2.1.0-SNAPSHOT.jar
[INFO] 
[INFO] --- maven-shade-plugin:2.4.3:shade (default) @ riak-client ---
[INFO] Excluding org.slf4j:slf4j-api:jar:1.7.21 from the shaded jar.
[INFO] Excluding com.fasterxml.jackson.core:jackson-databind:jar:2.8.0 from the shaded jar.
[INFO] Excluding com.fasterxml.jackson.core:jackson-annotations:jar:2.8.0 from the shaded jar.
[INFO] Excluding com.fasterxml.jackson.core:jackson-core:jar:2.8.0 from the shaded jar.
[INFO] Excluding com.fasterxml.jackson.datatype:jackson-datatype-joda:jar:2.8.0 from the shaded jar.
[INFO] Excluding joda-time:joda-time:jar:2.7 from the shaded jar.
[INFO] Excluding io.netty:netty-all:jar:4.1.3.Final from the shaded jar.
[INFO] Including com.google.protobuf:protobuf-java:jar:2.6.1 in the shaded jar.
[INFO] Excluding org.erlang.otp:jinterface:jar:1.6.1 from the shaded jar.
[INFO] Replacing original artifact with shaded artifact.
[INFO] Replacing /home/travis/build/basho/riak-java-client/target/riak-client-2.1.0-SNAPSHOT.jar with /home/travis/build/basho/riak-java-client/target/riak-client-2.1.0-SNAPSHOT-shaded.jar
[INFO] Dependency-reduced POM written at: /home/travis/build/basho/riak-java-client/dependency-reduced-pom.xml
[INFO] Dependency-reduced POM written at: /home/travis/build/basho/riak-java-client/dependency-reduced-pom.xml
[INFO] Dependency-reduced POM written at: /home/travis/build/basho/riak-java-client/dependency-reduced-pom.xml
[INFO] 
[INFO] --- jacoco-maven-plugin:0.7.7.201606060606:report (jacoco-site) @ riak-client ---
[INFO] Skipping JaCoCo execution due to missing execution data file.
[INFO] 
[INFO] --- maven-install-plugin:2.4:install (default-install) @ riak-client ---
[INFO] Installing /home/travis/build/basho/riak-java-client/target/riak-client-2.1.0-SNAPSHOT.jar to /home/travis/.m2/repository/com/basho/riak/riak-client/2.1.0-SNAPSHOT/riak-client-2.1.0-SNAPSHOT.jar
[INFO] Installing /home/travis/build/basho/riak-java-client/dependency-reduced-pom.xml to /home/travis/.m2/repository/com/basho/riak/riak-client/2.1.0-SNAPSHOT/riak-client-2.1.0-SNAPSHOT.pom
[INFO] ------------------------------------------------------------------------
[INFO] BUILD SUCCESS
[INFO] ------------------------------------------------------------------------
[INFO] Total time: 20.044s
[INFO] Finished at: Wed Aug 31 20:57:58 UTC 2016
[INFO] Final Memory: 27M/209M
[INFO] ------------------------------------------------------------------------

travis_time:end:0bfa537f:start=1472677057031475670,finish=1472677078714162163,duration=21682686493[0Ktravis_fold:end:install[0Ktravis_fold:start:before_script.1[0Ktravis_time:start:1dca3a20[0K$ docker run --name $RIAK_FLAVOR -d -p 8087:8087 -p 8098:8098 basho/riak-ts
Unable to find image 'basho/riak-ts:latest' locally
latest: Pulling from basho/riak-ts
[0B
[0A[2K862a3e9af0ae: Pulling fs layer [0B
[0A[2K6498e51874bf: Pulling fs layer [0B
[0A[2K159ebdd1959b: Pulling fs layer [0B
[0A[2K0fdbedd3771a: Pulling fs layer [0B
[0A[2K7a1f7116d1e3: Pulling fs layer [0B
[0A[2Kfef8544e54d7: Pulling fs layer [0B
[0A[2Kd4406f5914d1: Pulling fs layer [0B
[0A[2K7727c915d9c1: Pulling fs layer [0B
[0A[2K90568213fc62: Pulling fs layer [0B
[0A[2K7a535b034f68: Pulling fs layer [0B[7A[2K0fdbedd3771a: Waiting [7B[6A[2K7a1f7116d1e3: Waiting [6B[5A[2Kfef8544e54d7: Waiting [5B[4A[2Kd4406f5914d1: Waiting [4B[3A[2K7727c915d9c1: Waiting [3B[2A[2K90568213fc62: Waiting [2B
[0A[2Kd5b63d75581f: Pulling fs layer [0B[2A[2K7a535b034f68: Waiting [2B
[0A[2K3fb230caf62f: Pulling fs layer [0B
[0A[2Ka6bbf466b069: Pulling fs layer [0B
[0A[2K10863a77ded9: Pulling fs layer [0B
[0A[2Kfefda30b4d1c: Pulling fs layer [0B
[0A[2K513191314116: Pulling fs layer [0B
[0A[2K97e448a7f49e: Pulling fs layer [0B
[0A[2Kc90be48bcf02: Pulling fs layer [0B
[0A[2K1891b109462d: Pulling fs layer [0B
[0A[2Kece3d7190d9d: Pulling fs layer [0B
[0A[2K962287d0bfa5: Pulling fs layer [0B
[0A[2Ke9a2f9acdb7c: Pulling fs layer [0B
[0A[2K99be4fab501b: Pulling fs layer [0B
[0A[2K2562c30873a1: Pulling fs layer [0B
[0A[2K28c74732c2be: Pulling fs layer [0B
[0A[2K6c6237180dc8: Pulling fs layer [0B[16A[2Kd5b63d75581f: Waiting [16B[15A[2K3fb230caf62f: Waiting [15B[14A[2Ka6bbf466b069: Waiting [14B[13A[2K10863a77ded9: Waiting [13B[12A[2Kfefda30b4d1c: Waiting [12B[11A[2K513191314116: Waiting [11B[10A[2K97e448a7f49e: Waiting [10B[9A[2Kc90be48bcf02: Waiting [9B[8A[2K1891b109462d: Waiting [8B[7A[2Kece3d7190d9d: Waiting [7B[6A[2K962287d0bfa5: Waiting [6B[5A[2Ke9a2f9acdb7c: Waiting [5B[4A[2K99be4fab501b: Waiting [4B[3A[2K2562c30873a1: Waiting [3B[2A[2K28c74732c2be: Waiting [2B[1A[2K6c6237180dc8: Waiting [1B[25A[2K6498e51874bf: Downloading 3.595 kB/71.55 kB[25B[25A[2K6498e51874bf: Downloading 32.27 kB/71.55 kB[25B[24A[2K159ebdd1959b: Downloading    364 B/364 B[24B[24A[2K159ebdd1959b: Verifying Checksum [24B[24A[2K159ebdd1959b: Download complete [24B[25A[2K6498e51874bf: Downloading 48.65 kB/71.55 kB[25B[25A[2K6498e51874bf: Downloading 71.55 kB/71.55 kB[25B[25A[2K6498e51874bf: Verifying Checksum [25B[25A[2K6498e51874bf: Download complete [25B[26A[2K862a3e9af0ae: Downloading   540 kB/65.7 MB[26B[26A[2K862a3e9af0ae: Downloading 1.081 MB/65.7 MB[26B[26A[2K862a3e9af0ae: Downloading 1.621 MB/65.7 MB[26B[26A[2K862a3e9af0ae: Downloading 2.162 MB/65.7 MB[26B[26A[2K862a3e9af0ae: Downloading 2.703 MB/65.7 MB[26B[26A[2K862a3e9af0ae: Downloading 3.243 MB/65.7 MB[26B[26A[2K862a3e9af0ae: Downloading 3.784 MB/65.7 MB[26B[26A[2K862a3e9af0ae: Downloading 4.325 MB/65.7 MB[26B[26A[2K862a3e9af0ae: Downloading 4.865 MB/65.7 MB[26B[26A[2K862a3e9af0ae: Downloading 5.406 MB/65.7 MB[26B[26A[2K862a3e9af0ae: Downloading 5.947 MB/65.7 MB[26B[26A[2K862a3e9af0ae: Downloading 6.487 MB/65.7 MB[26B[26A[2K862a3e9af0ae: Downloading 7.028 MB/65.7 MB[26B[26A[2K862a3e9af0ae: Downloading 7.569 MB/65.7 MB[26B[26A[2K862a3e9af0ae: Downloading 8.109 MB/65.7 MB[26B[26A[2K862a3e9af0ae: Downloading  8.65 MB/65.7 MB[26B[26A[2K862a3e9af0ae: Downloading 9.191 MB/65.7 MB[26B[26A[2K862a3e9af0ae: Downloading 9.731 MB/65.7 MB[26B[26A[2K862a3e9af0ae: Downloading 10.27 MB/65.7 MB[26B[26A[2K862a3e9af0ae: Downloading 10.81 MB/65.7 MB[26B[23A[2K0fdbedd3771a: Downloading    680 B/680 B[23B[23A[2K0fdbedd3771a: Verifying Checksum [23B[23A[2K0fdbedd3771a: Download complete [23B[26A[2K862a3e9af0ae: Downloading 11.35 MB/65.7 MB[26B[26A[2K862a3e9af0ae: Downloading 11.89 MB/65.7 MB[26B[26A[2K862a3e9af0ae: Downloading 12.43 MB/65.7 MB[26B[26A[2K862a3e9af0ae: Downloading 12.98 MB/65.7 MB[26B[26A[2K862a3e9af0ae: Downloading 13.52 MB/65.7 MB[26B[26A[2K862a3e9af0ae: Downloading 14.06 MB/65.7 MB[26B[26A[2K862a3e9af0ae: Downloading  14.6 MB/65.7 MB[26B[26A[2K862a3e9af0ae: Downloading 15.14 MB/65.7 MB[26B[26A[2K862a3e9af0ae: Downloading 15.68 MB/65.7 MB[26B[26A[2K862a3e9af0ae: Downloading 16.22 MB/65.7 MB[26B[26A[2K862a3e9af0ae: Downloading 16.76 MB/65.7 MB[26B[22A[2K7a1f7116d1e3: Downloading    161 B/161 B[22B[22A[2K7a1f7116d1e3: Verifying Checksum [22B[22A[2K7a1f7116d1e3: Download complete [22B[26A[2K862a3e9af0ae: Downloading  17.3 MB/65.7 MB[26B[26A[2K862a3e9af0ae: Downloading 17.84 MB/65.7 MB[26B[26A[2K862a3e9af0ae: Downloading 18.38 MB/65.7 MB[26B[26A[2K862a3e9af0ae: Downloading 18.92 MB/65.7 MB[26B[26A[2K862a3e9af0ae: Downloading 19.46 MB/65.7 MB[26B[26A[2K862a3e9af0ae: Downloading    20 MB/65.7 MB[26B[26A[2K862a3e9af0ae: Downloading 20.54 MB/65.7 MB[26B[26A[2K862a3e9af0ae: Downloading 21.07 MB/65.7 MB[26B[26A[2K862a3e9af0ae: Downloading 21.61 MB/65.7 MB[26B[26A[2K862a3e9af0ae: Downloading 22.15 MB/65.7 MB[26B[26A[2K862a3e9af0ae: Downloading 22.69 MB/65.7 MB[26B[26A[2K862a3e9af0ae: Downloading 23.23 MB/65.7 MB[26B[26A[2K862a3e9af0ae: Downloading 23.77 MB/65.7 MB[26B[26A[2K862a3e9af0ae: Downloading 24.31 MB/65.7 MB[26B[26A[2K862a3e9af0ae: Downloading 24.85 MB/65.7 MB[26B[26A[2K862a3e9af0ae: Downloading 25.39 MB/65.7 MB[26B[26A[2K862a3e9af0ae: Downloading 25.94 MB/65.7 MB[26B[26A[2K862a3e9af0ae: Downloading 26.48 MB/65.7 MB[26B[26A[2K862a3e9af0ae: Downloading 27.02 MB/65.7 MB[26B[26A[2K862a3e9af0ae: Downloading 27.56 MB/65.7 MB[26B[26A[2K862a3e9af0ae: Downloading  28.1 MB/65.7 MB[26B[26A[2K862a3e9af0ae: Downloading 28.64 MB/65.7 MB[26B[26A[2K862a3e9af0ae: Downloading 29.18 MB/65.7 MB[26B[26A[2K862a3e9af0ae: Downloading 29.72 MB/65.7 MB[26B[26A[2K862a3e9af0ae: Downloading 30.26 MB/65.7 MB[26B[21A[2Kfef8544e54d7: Downloading 229.4 kB/22 MB[21B[26A[2K862a3e9af0ae: Downloading  30.8 MB/65.7 MB[26B[21A[2Kfef8544e54d7: Downloading 458.8 kB/22 MB[21B[26A[2K862a3e9af0ae: Downloading 31.34 MB/65.7 MB[26B[26A[2K862a3e9af0ae: Downloading 31.88 MB/65.7 MB[26B[21A[2Kfef8544e54d7: Downloading 688.1 kB/22 MB[21B[21A[2Kfef8544e54d7: Downloading 917.5 kB/22 MB[21B[26A[2K862a3e9af0ae: Downloading 32.42 MB/65.7 MB[26B[21A[2Kfef8544e54d7: Downloading 1.147 MB/22 MB[21B[21A[2Kfef8544e54d7: Downloading 1.376 MB/22 MB[21B[26A[2K862a3e9af0ae: Downloading 32.96 MB/65.7 MB[26B[21A[2Kfef8544e54d7: Downloading 1.606 MB/22 MB[21B[21A[2Kfef8544e54d7: Downloading 1.835 MB/22 MB[21B[26A[2K862a3e9af0ae: Downloading  33.5 MB/65.7 MB[26B[21A[2Kfef8544e54d7: Downloading 2.064 MB/22 MB[21B[21A[2Kfef8544e54d7: Downloading 2.294 MB/22 MB[21B[26A[2K862a3e9af0ae: Downloading 34.05 MB/65.7 MB[26B[21A[2Kfef8544e54d7: Downloading 2.523 MB/22 MB[21B[21A[2Kfef8544e54d7: Downloading 2.753 MB/22 MB[21B[26A[2K862a3e9af0ae: Downloading 34.59 MB/65.7 MB[26B[21A[2Kfef8544e54d7: Downloading 2.982 MB/22 MB[21B[21A[2Kfef8544e54d7: Downloading 3.211 MB/22 MB[21B[26A[2K862a3e9af0ae: Downloading 35.13 MB/65.7 MB[26B[21A[2Kfef8544e54d7: Downloading 3.441 MB/22 MB[21B[21A[2Kfef8544e54d7: Downloading  3.67 MB/22 MB[21B[26A[2K862a3e9af0ae: Downloading 35.67 MB/65.7 MB[26B[21A[2Kfef8544e54d7: Downloading 3.899 MB/22 MB[21B[21A[2Kfef8544e54d7: Downloading 4.129 MB/22 MB[21B[26A[2K862a3e9af0ae: Downloading 36.21 MB/65.7 MB[26B[21A[2Kfef8544e54d7: Downloading 4.358 MB/22 MB[21B[21A[2Kfef8544e54d7: Downloading 4.588 MB/22 MB[21B[26A[2K862a3e9af0ae: Downloading 36.75 MB/65.7 MB[26B[21A[2Kfef8544e54d7: Downloading 4.817 MB/22 MB[21B[21A[2Kfef8544e54d7: Downloading 5.046 MB/22 MB[21B[26A[2K862a3e9af0ae: Downloading 37.29 MB/65.7 MB[26B[21A[2Kfef8544e54d7: Downloading 5.276 MB/22 MB[21B[21A[2Kfef8544e54d7: Downloading 5.505 MB/22 MB[21B[26A[2K862a3e9af0ae: Downloading 37.83 MB/65.7 MB[26B[21A[2Kfef8544e54d7: Downloading 5.734 MB/22 MB[21B[21A[2Kfef8544e54d7: Downloading 5.964 MB/22 MB[21B[26A[2K862a3e9af0ae: Downloading 38.37 MB/65.7 MB[26B[21A[2Kfef8544e54d7: Downloading 6.193 MB/22 MB[21B[21A[2Kfef8544e54d7: Downloading 6.423 MB/22 MB[21B[26A[2K862a3e9af0ae: Downloading 38.91 MB/65.7 MB[26B[21A[2Kfef8544e54d7: Downloading 6.652 MB/22 MB[21B[21A[2Kfef8544e54d7: Downloading 6.881 MB/22 MB[21B[26A[2K862a3e9af0ae: Downloading 39.45 MB/65.7 MB[26B[21A[2Kfef8544e54d7: Downloading 7.111 MB/22 MB[21B[21A[2Kfef8544e54d7: Downloading  7.34 MB/22 MB[21B[26A[2K862a3e9af0ae: Downloading 39.99 MB/65.7 MB[26B[21A[2Kfef8544e54d7: Downloading 7.569 MB/22 MB[21B[21A[2Kfef8544e54d7: Downloading 7.799 MB/22 MB[21B[26A[2K862a3e9af0ae: Downloading 40.53 MB/65.7 MB[26B[21A[2Kfef8544e54d7: Downloading 8.028 MB/22 MB[21B[21A[2Kfef8544e54d7: Downloading 8.258 MB/22 MB[21B[26A[2K862a3e9af0ae: Downloading 41.07 MB/65.7 MB[26B[21A[2Kfef8544e54d7: Downloading 8.487 MB/22 MB[21B[21A[2Kfef8544e54d7: Downloading 8.716 MB/22 MB[21B[26A[2K862a3e9af0ae: Downloading 41.61 MB/65.7 MB[26B[21A[2Kfef8544e54d7: Downloading 8.946 MB/22 MB[21B[21A[2Kfef8544e54d7: Downloading 9.175 MB/22 MB[21B[21A[2Kfef8544e54d7: Downloading 9.404 MB/22 MB[21B[26A[2K862a3e9af0ae: Downloading 42.16 MB/65.7 MB[26B[21A[2Kfef8544e54d7: Downloading 9.634 MB/22 MB[21B[21A[2Kfef8544e54d7: Downloading 9.863 MB/22 MB[21B[26A[2K862a3e9af0ae: Downloading  42.7 MB/65.7 MB[26B[21A[2Kfef8544e54d7: Downloading 10.09 MB/22 MB[21B[21A[2Kfef8544e54d7: Downloading 10.32 MB/22 MB[21B[26A[2K862a3e9af0ae: Downloading 43.24 MB/65.7 MB[26B[21A[2Kfef8544e54d7: Downloading 10.55 MB/22 MB[21B[21A[2Kfef8544e54d7: Downloading 10.78 MB/22 MB[21B[26A[2K862a3e9af0ae: Downloading 43.78 MB/65.7 MB[26B[21A[2Kfef8544e54d7: Downloading 11.01 MB/22 MB[21B[21A[2Kfef8544e54d7: Downloading 11.24 MB/22 MB[21B[21A[2Kfef8544e54d7: Downloading 11.47 MB/22 MB[21B[26A[2K862a3e9af0ae: Downloading 44.32 MB/65.7 MB[26B[21A[2Kfef8544e54d7: Downloading  11.7 MB/22 MB[21B[21A[2Kfef8544e54d7: Downloading 11.93 MB/22 MB[21B[26A[2K862a3e9af0ae: Downloading 44.86 MB/65.7 MB[26B[21A[2Kfef8544e54d7: Downloading 12.16 MB/22 MB[21B[21A[2Kfef8544e54d7: Downloading 12.39 MB/22 MB[21B[26A[2K862a3e9af0ae: Downloading  45.4 MB/65.7 MB[26B[21A[2Kfef8544e54d7: Downloading 12.62 MB/22 MB[21B[21A[2Kfef8544e54d7: Downloading 12.85 MB/22 MB[21B[26A[2K862a3e9af0ae: Downloading 45.94 MB/65.7 MB[26B[21A[2Kfef8544e54d7: Downloading 13.07 MB/22 MB[21B[21A[2Kfef8544e54d7: Downloading  13.3 MB/22 MB[21B[21A[2Kfef8544e54d7: Downloading 13.53 MB/22 MB[21B[26A[2K862a3e9af0ae: Downloading 46.48 MB/65.7 MB[26B[21A[2Kfef8544e54d7: Downloading 13.76 MB/22 MB[21B[21A[2Kfef8544e54d7: Downloading 13.99 MB/22 MB[21B[26A[2K862a3e9af0ae: Downloading 47.02 MB/65.7 MB[26B[21A[2Kfef8544e54d7: Downloading 14.22 MB/22 MB[21B[21A[2Kfef8544e54d7: Downloading 14.45 MB/22 MB[21B[26A[2K862a3e9af0ae: Downloading 47.56 MB/65.7 MB[26B[21A[2Kfef8544e54d7: Downloading 14.68 MB/22 MB[21B[21A[2Kfef8544e54d7: Downloading 14.91 MB/22 MB[21B[26A[2K862a3e9af0ae: Downloading  48.1 MB/65.7 MB[26B[21A[2Kfef8544e54d7: Downloading 15.14 MB/22 MB[21B[21A[2Kfef8544e54d7: Downloading 15.37 MB/22 MB[21B[21A[2Kfef8544e54d7: Downloading  15.6 MB/22 MB[21B[21A[2Kfef8544e54d7: Downloading 15.83 MB/22 MB[21B[26A[2K862a3e9af0ae: Downloading 48.64 MB/65.7 MB[26B[21A[2Kfef8544e54d7: Downloading 16.06 MB/22 MB[21B[21A[2Kfef8544e54d7: Downloading 16.29 MB/22 MB[21B[26A[2K862a3e9af0ae: Downloading 49.18 MB/65.7 MB[26B[21A[2Kfef8544e54d7: Downloading 16.52 MB/22 MB[21B[21A[2Kfef8544e54d7: Downloading 16.74 MB/22 MB[21B[21A[2Kfef8544e54d7: Downloading 16.97 MB/22 MB[21B[26A[2K862a3e9af0ae: Downloading 49.72 MB/65.7 MB[26B[21A[2Kfef8544e54d7: Downloading  17.2 MB/22 MB[21B[21A[2Kfef8544e54d7: Downloading 17.43 MB/22 MB[21B[26A[2K862a3e9af0ae: Downloading 50.27 MB/65.7 MB[26B[21A[2Kfef8544e54d7: Downloading 17.66 MB/22 MB[21B[21A[2Kfef8544e54d7: Downloading 17.89 MB/22 MB[21B[21A[2Kfef8544e54d7: Downloading 18.12 MB/22 MB[21B[26A[2K862a3e9af0ae: Downloading 50.81 MB/65.7 MB[26B[21A[2Kfef8544e54d7: Downloading 18.35 MB/22 MB[21B[21A[2Kfef8544e54d7: Downloading 18.58 MB/22 MB[21B[26A[2K862a3e9af0ae: Downloading 51.35 MB/65.7 MB[26B[21A[2Kfef8544e54d7: Downloading 18.81 MB/22 MB[21B[21A[2Kfef8544e54d7: Downloading 19.04 MB/22 MB[21B[21A[2Kfef8544e54d7: Downloading 19.27 MB/22 MB[21B[26A[2K862a3e9af0ae: Downloading 51.89 MB/65.7 MB[26B[21A[2Kfef8544e54d7: Downloading  19.5 MB/22 MB[21B[21A[2Kfef8544e54d7: Downloading 19.73 MB/22 MB[21B[26A[2K862a3e9af0ae: Downloading 52.43 MB/65.7 MB[26B[21A[2Kfef8544e54d7: Downloading 19.96 MB/22 MB[21B[21A[2Kfef8544e54d7: Downloading 20.19 MB/22 MB[21B[21A[2Kfef8544e54d7: Downloading 20.41 MB/22 MB[21B[26A[2K862a3e9af0ae: Downloading 52.97 MB/65.7 MB[26B[21A[2Kfef8544e54d7: Downloading 20.64 MB/22 MB[21B[21A[2Kfef8544e54d7: Downloading 20.87 MB/22 MB[21B[26A[2K862a3e9af0ae: Downloading 53.51 MB/65.7 MB[26B[21A[2Kfef8544e54d7: Downloading  21.1 MB/22 MB[21B[21A[2Kfef8544e54d7: Downloading 21.33 MB/22 MB[21B[21A[2Kfef8544e54d7: Downloading 21.56 MB/22 MB[21B[26A[2K862a3e9af0ae: Downloading 54.05 MB/65.7 MB[26B[21A[2Kfef8544e54d7: Downloading 21.79 MB/22 MB[21B[21A[2Kfef8544e54d7: Verifying Checksum [21B[21A[2Kfef8544e54d7: Download complete [21B[20A[2Kd4406f5914d1: Downloading     91 B/91 B[20B[20A[2Kd4406f5914d1: Verifying Checksum [20B[20A[2Kd4406f5914d1: Download complete [20B[26A[2K862a3e9af0ae: Downloading 54.59 MB/65.7 MB[26B[26A[2K862a3e9af0ae: Downloading 55.13 MB/65.7 MB[26B[26A[2K862a3e9af0ae: Downloading 55.67 MB/65.7 MB[26B[26A[2K862a3e9af0ae: Downloading 56.21 MB/65.7 MB[26B[26A[2K862a3e9af0ae: Downloading 56.75 MB/65.7 MB[26B[26A[2K862a3e9af0ae: Downloading 57.29 MB/65.7 MB[26B[26A[2K862a3e9af0ae: Downloading 57.83 MB/65.7 MB[26B[26A[2K862a3e9af0ae: Downloading 58.38 MB/65.7 MB[26B[26A[2K862a3e9af0ae: Downloading 58.92 MB/65.7 MB[26B[26A[2K862a3e9af0ae: Downloading 59.46 MB/65.7 MB[26B[26A[2K862a3e9af0ae: Downloading    60 MB/65.7 MB[26B[26A[2K862a3e9af0ae: Downloading 60.54 MB/65.7 MB[26B[26A[2K862a3e9af0ae: Downloading 61.08 MB/65.7 MB[26B[26A[2K862a3e9af0ae: Downloading 61.62 MB/65.7 MB[26B[26A[2K862a3e9af0ae: Downloading 62.16 MB/65.7 MB[26B[26A[2K862a3e9af0ae: Downloading  62.7 MB/65.7 MB[26B[26A[2K862a3e9af0ae: Downloading 63.24 MB/65.7 MB[26B[26A[2K862a3e9af0ae: Downloading 63.78 MB/65.7 MB[26B[26A[2K862a3e9af0ae: Downloading 64.32 MB/65.7 MB[26B[26A[2K862a3e9af0ae: Downloading 64.86 MB/65.7 MB[26B[26A[2K862a3e9af0ae: Downloading  65.4 MB/65.7 MB[26B[26A[2K862a3e9af0ae: Verifying Checksum [26B[26A[2K862a3e9af0ae: Download complete [26B[26A[2K862a3e9af0ae: Extracting 557.1 kB/65.7 MB[26B[19A[2K7727c915d9c1: Downloading 48.65 kB/4.277 MB[19B[19A[2K7727c915d9c1: Downloading 97.52 kB/4.277 MB[19B[26A[2K862a3e9af0ae: Extracting 1.114 MB/65.7 MB[26B[19A[2K7727c915d9c1: Downloading 146.7 kB/4.277 MB[19B[19A[2K7727c915d9c1: Downloading 195.8 kB/4.277 MB[19B[19A[2K7727c915d9c1: Downloading   245 kB/4.277 MB[19B[19A[2K7727c915d9c1: Downloading 294.1 kB/4.277 MB[19B[19A[2K7727c915d9c1: Downloading 343.3 kB/4.277 MB[19B[19A[2K7727c915d9c1: Downloading 392.4 kB/4.277 MB[19B[19A[2K7727c915d9c1: Downloading 441.6 kB/4.277 MB[19B[19A[2K7727c915d9c1: Downloading 490.7 kB/4.277 MB[19B[19A[2K7727c915d9c1: Downloading 539.9 kB/4.277 MB[19B[19A[2K7727c915d9c1: Downloading   589 kB/4.277 MB[19B[19A[2K7727c915d9c1: Downloading 638.2 kB/4.277 MB[19B[19A[2K7727c915d9c1: Downloading 687.3 kB/4.277 MB[19B[19A[2K7727c915d9c1: Downloading 736.5 kB/4.277 MB[19B[19A[2K7727c915d9c1: Downloading 785.6 kB/4.277 MB[19B[19A[2K7727c915d9c1: Downloading 834.8 kB/4.277 MB[19B[19A[2K7727c915d9c1: Downloading 883.9 kB/4.277 MB[19B[19A[2K7727c915d9c1: Downloading 933.1 kB/4.277 MB[19B[19A[2K7727c915d9c1: Downloading 982.3 kB/4.277 MB[19B[19A[2K7727c915d9c1: Downloading 1.031 MB/4.277 MB[19B[19A[2K7727c915d9c1: Downloading 1.081 MB/4.277 MB[19B[19A[2K7727c915d9c1: Downloading  1.13 MB/4.277 MB[19B[19A[2K7727c915d9c1: Downloading 1.179 MB/4.277 MB[19B[19A[2K7727c915d9c1: Downloading 1.228 MB/4.277 MB[19B[19A[2K7727c915d9c1: Downloading 1.277 MB/4.277 MB[19B[19A[2K7727c915d9c1: Downloading 1.326 MB/4.277 MB[19B[19A[2K7727c915d9c1: Downloading 1.375 MB/4.277 MB[19B[19A[2K7727c915d9c1: Downloading 1.425 MB/4.277 MB[19B[19A[2K7727c915d9c1: Downloading 1.474 MB/4.277 MB[19B[19A[2K7727c915d9c1: Downloading 1.523 MB/4.277 MB[19B[19A[2K7727c915d9c1: Downloading 1.572 MB/4.277 MB[19B[19A[2K7727c915d9c1: Downloading 1.621 MB/4.277 MB[19B[19A[2K7727c915d9c1: Downloading  1.67 MB/4.277 MB[19B[19A[2K7727c915d9c1: Downloading  1.72 MB/4.277 MB[19B[19A[2K7727c915d9c1: Downloading 1.769 MB/4.277 MB[19B[19A[2K7727c915d9c1: Downloading 1.818 MB/4.277 MB[19B[19A[2K7727c915d9c1: Downloading 1.867 MB/4.277 MB[19B[19A[2K7727c915d9c1: Downloading 1.916 MB/4.277 MB[19B[19A[2K7727c915d9c1: Downloading 1.965 MB/4.277 MB[19B[19A[2K7727c915d9c1: Downloading 2.014 MB/4.277 MB[19B[19A[2K7727c915d9c1: Downloading 2.064 MB/4.277 MB[19B[19A[2K7727c915d9c1: Downloading 2.113 MB/4.277 MB[19B[19A[2K7727c915d9c1: Downloading 2.162 MB/4.277 MB[19B[19A[2K7727c915d9c1: Downloading 2.211 MB/4.277 MB[19B[19A[2K7727c915d9c1: Downloading  2.26 MB/4.277 MB[19B[19A[2K7727c915d9c1: Downloading 2.309 MB/4.277 MB[19B[19A[2K7727c915d9c1: Downloading 2.359 MB/4.277 MB[19B[19A[2K7727c915d9c1: Downloading 2.408 MB/4.277 MB[19B[19A[2K7727c915d9c1: Downloading 2.457 MB/4.277 MB[19B[19A[2K7727c915d9c1: Downloading 2.506 MB/4.277 MB[19B[19A[2K7727c915d9c1: Downloading 2.555 MB/4.277 MB[19B[19A[2K7727c915d9c1: Downloading 2.604 MB/4.277 MB[19B[19A[2K7727c915d9c1: Downloading 2.653 MB/4.277 MB[19B[19A[2K7727c915d9c1: Downloading 2.703 MB/4.277 MB[19B[19A[2K7727c915d9c1: Downloading 2.752 MB/4.277 MB[19B[19A[2K7727c915d9c1: Downloading 2.801 MB/4.277 MB[19B[19A[2K7727c915d9c1: Downloading  2.85 MB/4.277 MB[19B[19A[2K7727c915d9c1: Downloading 2.899 MB/4.277 MB[19B[19A[2K7727c915d9c1: Downloading 2.948 MB/4.277 MB[19B[19A[2K7727c915d9c1: Downloading 2.997 MB/4.277 MB[19B[19A[2K7727c915d9c1: Downloading 3.047 MB/4.277 MB[19B[19A[2K7727c915d9c1: Downloading 3.096 MB/4.277 MB[19B[19A[2K7727c915d9c1: Downloading 3.145 MB/4.277 MB[19B[19A[2K7727c915d9c1: Downloading 3.194 MB/4.277 MB[19B[19A[2K7727c915d9c1: Downloading 3.243 MB/4.277 MB[19B[19A[2K7727c915d9c1: Downloading 3.292 MB/4.277 MB[19B[19A[2K7727c915d9c1: Downloading 3.342 MB/4.277 MB[19B[19A[2K7727c915d9c1: Downloading 3.391 MB/4.277 MB[19B[19A[2K7727c915d9c1: Downloading  3.44 MB/4.277 MB[19B[26A[2K862a3e9af0ae: Extracting 1.671 MB/65.7 MB[26B[19A[2K7727c915d9c1: Downloading 3.489 MB/4.277 MB[19B[19A[2K7727c915d9c1: Downloading 3.538 MB/4.277 MB[19B[19A[2K7727c915d9c1: Downloading 3.587 MB/4.277 MB[19B[19A[2K7727c915d9c1: Downloading 3.636 MB/4.277 MB[19B[19A[2K7727c915d9c1: Downloading 3.686 MB/4.277 MB[19B[19A[2K7727c915d9c1: Downloading 3.735 MB/4.277 MB[19B[19A[2K7727c915d9c1: Downloading 3.784 MB/4.277 MB[19B[19A[2K7727c915d9c1: Downloading 3.833 MB/4.277 MB[19B[19A[2K7727c915d9c1: Downloading 3.882 MB/4.277 MB[19B[19A[2K7727c915d9c1: Downloading 3.931 MB/4.277 MB[19B[19A[2K7727c915d9c1: Downloading 3.981 MB/4.277 MB[19B[19A[2K7727c915d9c1: Downloading  4.03 MB/4.277 MB[19B[19A[2K7727c915d9c1: Downloading 4.079 MB/4.277 MB[19B[19A[2K7727c915d9c1: Downloading 4.128 MB/4.277 MB[19B[19A[2K7727c915d9c1: Downloading 4.177 MB/4.277 MB[19B[19A[2K7727c915d9c1: Downloading 4.226 MB/4.277 MB[19B[19A[2K7727c915d9c1: Downloading 4.275 MB/4.277 MB[19B[19A[2K7727c915d9c1: Verifying Checksum [19B[19A[2K7727c915d9c1: Download complete [19B[26A[2K862a3e9af0ae: Extracting 2.228 MB/65.7 MB[26B[18A[2K90568213fc62: Downloading 81.13 kB/7.461 MB[18B[18A[2K90568213fc62: Downloading 163.1 kB/7.461 MB[18B[17A[2K7a535b034f68: Downloading 15.88 kB/586.2 kB[17B[17A[2K7a535b034f68: Downloading 32.27 kB/586.2 kB[17B[26A[2K862a3e9af0ae: Extracting 2.785 MB/65.7 MB[26B[18A[2K90568213fc62: Downloading   245 kB/7.461 MB[18B[18A[2K90568213fc62: Downloading 326.9 kB/7.461 MB[18B[17A[2K7a535b034f68: Downloading 48.65 kB/586.2 kB[17B[17A[2K7a535b034f68: Downloading 64.75 kB/586.2 kB[17B[18A[2K90568213fc62: Downloading 408.8 kB/7.461 MB[18B[18A[2K90568213fc62: Downloading 490.7 kB/7.461 MB[18B[18A[2K90568213fc62: Downloading 572.7 kB/7.461 MB[18B[18A[2K90568213fc62: Downloading 654.6 kB/7.461 MB[18B[18A[2K90568213fc62: Downloading 736.5 kB/7.461 MB[18B[17A[2K7a535b034f68: Downloading 81.13 kB/586.2 kB[17B[17A[2K7a535b034f68: Downloading 97.52 kB/586.2 kB[17B[17A[2K7a535b034f68: Downloading 113.9 kB/586.2 kB[17B[17A[2K7a535b034f68: Downloading 130.3 kB/586.2 kB[17B[17A[2K7a535b034f68: Downloading 146.7 kB/586.2 kB[17B[18A[2K90568213fc62: Downloading 818.4 kB/7.461 MB[18B[17A[2K7a535b034f68: Downloading 163.1 kB/586.2 kB[17B[17A[2K7a535b034f68: Downloading 179.4 kB/586.2 kB[17B[17A[2K7a535b034f68: Downloading 195.8 kB/586.2 kB[17B[18A[2K90568213fc62: Downloading 900.3 kB/7.461 MB[18B[18A[2K90568213fc62: Downloading 982.3 kB/7.461 MB[18B[18A[2K90568213fc62: Downloading 1.064 MB/7.461 MB[18B[17A[2K7a535b034f68: Downloading 212.2 kB/586.2 kB[17B[17A[2K7a535b034f68: Downloading 228.6 kB/586.2 kB[17B[18A[2K90568213fc62: Downloading 1.146 MB/7.461 MB[18B[17A[2K7a535b034f68: Downloading   245 kB/586.2 kB[17B[17A[2K7a535b034f68: Downloading 261.4 kB/586.2 kB[17B[17A[2K7a535b034f68: Downloading 277.7 kB/586.2 kB[17B[18A[2K90568213fc62: Downloading 1.228 MB/7.461 MB[18B[17A[2K7a535b034f68: Downloading 294.1 kB/586.2 kB[17B[17A[2K7a535b034f68: Downloading 310.5 kB/586.2 kB[17B[17A[2K7a535b034f68: Downloading 326.9 kB/586.2 kB[17B[17A[2K7a535b034f68: Downloading 343.3 kB/586.2 kB[17B[18A[2K90568213fc62: Downloading  1.31 MB/7.461 MB[18B[17A[2K7a535b034f68: Downloading 359.7 kB/586.2 kB[17B[17A[2K7a535b034f68: Downloading   376 kB/586.2 kB[17B[17A[2K7a535b034f68: Downloading 392.4 kB/586.2 kB[17B[17A[2K7a535b034f68: Downloading 408.8 kB/586.2 kB[17B[18A[2K90568213fc62: Downloading 1.392 MB/7.461 MB[18B[17A[2K7a535b034f68: Downloading 425.2 kB/586.2 kB[17B[17A[2K7a535b034f68: Downloading 441.6 kB/586.2 kB[17B[18A[2K90568213fc62: Downloading 1.474 MB/7.461 MB[18B[18A[2K90568213fc62: Downloading 1.556 MB/7.461 MB[18B[18A[2K90568213fc62: Downloading 1.638 MB/7.461 MB[18B[18A[2K90568213fc62: Downloading  1.72 MB/7.461 MB[18B[18A[2K90568213fc62: Downloading 1.801 MB/7.461 MB[18B[17A[2K7a535b034f68: Downloading   458 kB/586.2 kB[17B[18A[2K90568213fc62: Downloading 1.883 MB/7.461 MB[18B[17A[2K7a535b034f68: Downloading 474.3 kB/586.2 kB[17B[17A[2K7a535b034f68: Downloading 490.7 kB/586.2 kB[17B[17A[2K7a535b034f68: Downloading 507.1 kB/586.2 kB[17B[17A[2K7a535b034f68: Downloading 523.5 kB/586.2 kB[17B[18A[2K90568213fc62: Downloading 1.965 MB/7.461 MB[18B[17A[2K7a535b034f68: Downloading 539.9 kB/586.2 kB[17B[17A[2K7a535b034f68: Downloading 556.3 kB/586.2 kB[17B[17A[2K7a535b034f68: Downloading 572.7 kB/586.2 kB[17B[17A[2K7a535b034f68: Downloading 586.2 kB/586.2 kB[17B[18A[2K90568213fc62: Downloading 2.047 MB/7.461 MB[18B[17A[2K7a535b034f68: Verifying Checksum [17B[17A[2K7a535b034f68: Download complete [17B[18A[2K90568213fc62: Downloading 2.129 MB/7.461 MB[18B[18A[2K90568213fc62: Downloading 2.211 MB/7.461 MB[18B[18A[2K90568213fc62: Downloading 2.293 MB/7.461 MB[18B[18A[2K90568213fc62: Downloading 2.375 MB/7.461 MB[18B[18A[2K90568213fc62: Downloading 2.457 MB/7.461 MB[18B[18A[2K90568213fc62: Downloading 2.539 MB/7.461 MB[18B[18A[2K90568213fc62: Downloading 2.621 MB/7.461 MB[18B[18A[2K90568213fc62: Downloading 2.703 MB/7.461 MB[18B[18A[2K90568213fc62: Downloading 2.784 MB/7.461 MB[18B[18A[2K90568213fc62: Downloading 2.866 MB/7.461 MB[18B[18A[2K90568213fc62: Downloading 2.948 MB/7.461 MB[18B[18A[2K90568213fc62: Downloading  3.03 MB/7.461 MB[18B[18A[2K90568213fc62: Downloading 3.112 MB/7.461 MB[18B[18A[2K90568213fc62: Downloading 3.194 MB/7.461 MB[18B[18A[2K90568213fc62: Downloading 3.276 MB/7.461 MB[18B[18A[2K90568213fc62: Downloading 3.358 MB/7.461 MB[18B[18A[2K90568213fc62: Downloading  3.44 MB/7.461 MB[18B[18A[2K90568213fc62: Downloading 3.522 MB/7.461 MB[18B[18A[2K90568213fc62: Downloading 3.604 MB/7.461 MB[18B[18A[2K90568213fc62: Downloading 3.686 MB/7.461 MB[18B[18A[2K90568213fc62: Downloading 3.768 MB/7.461 MB[18B[18A[2K90568213fc62: Downloading 3.849 MB/7.461 MB[18B[18A[2K90568213fc62: Downloading 3.931 MB/7.461 MB[18B[18A[2K90568213fc62: Downloading 4.013 MB/7.461 MB[18B[18A[2K90568213fc62: Downloading 4.095 MB/7.461 MB[18B[18A[2K90568213fc62: Downloading 4.177 MB/7.461 MB[18B[18A[2K90568213fc62: Downloading 4.259 MB/7.461 MB[18B[18A[2K90568213fc62: Downloading 4.341 MB/7.461 MB[18B[18A[2K90568213fc62: Downloading 4.423 MB/7.461 MB[18B[18A[2K90568213fc62: Downloading 4.505 MB/7.461 MB[18B[18A[2K90568213fc62: Downloading 4.587 MB/7.461 MB[18B[18A[2K90568213fc62: Downloading 4.669 MB/7.461 MB[18B[18A[2K90568213fc62: Downloading 4.751 MB/7.461 MB[18B[18A[2K90568213fc62: Downloading 4.832 MB/7.461 MB[18B[18A[2K90568213fc62: Downloading 4.914 MB/7.461 MB[18B[18A[2K90568213fc62: Downloading 4.996 MB/7.461 MB[18B[18A[2K90568213fc62: Downloading 5.078 MB/7.461 MB[18B[18A[2K90568213fc62: Downloading  5.16 MB/7.461 MB[18B[18A[2K90568213fc62: Downloading 5.242 MB/7.461 MB[18B[18A[2K90568213fc62: Downloading 5.324 MB/7.461 MB[18B[18A[2K90568213fc62: Downloading 5.406 MB/7.461 MB[18B[18A[2K90568213fc62: Downloading 5.488 MB/7.461 MB[18B[18A[2K90568213fc62: Downloading  5.57 MB/7.461 MB[18B[18A[2K90568213fc62: Downloading 5.652 MB/7.461 MB[18B[18A[2K90568213fc62: Downloading 5.734 MB/7.461 MB[18B[18A[2K90568213fc62: Downloading 5.816 MB/7.461 MB[18B[18A[2K90568213fc62: Downloading 5.897 MB/7.461 MB[18B[18A[2K90568213fc62: Downloading 5.979 MB/7.461 MB[18B[18A[2K90568213fc62: Downloading 6.061 MB/7.461 MB[18B[18A[2K90568213fc62: Downloading 6.143 MB/7.461 MB[18B[18A[2K90568213fc62: Downloading 6.225 MB/7.461 MB[18B[18A[2K90568213fc62: Downloading 6.307 MB/7.461 MB[18B[18A[2K90568213fc62: Downloading 6.389 MB/7.461 MB[18B[18A[2K90568213fc62: Downloading 6.471 MB/7.461 MB[18B[18A[2K90568213fc62: Downloading 6.553 MB/7.461 MB[18B[18A[2K90568213fc62: Downloading 6.635 MB/7.461 MB[18B[18A[2K90568213fc62: Downloading 6.717 MB/7.461 MB[18B[18A[2K90568213fc62: Downloading 6.799 MB/7.461 MB[18B[18A[2K90568213fc62: Downloading  6.88 MB/7.461 MB[18B[18A[2K90568213fc62: Downloading 6.962 MB/7.461 MB[18B[18A[2K90568213fc62: Downloading 7.044 MB/7.461 MB[18B[18A[2K90568213fc62: Downloading 7.126 MB/7.461 MB[18B[18A[2K90568213fc62: Downloading 7.208 MB/7.461 MB[18B[18A[2K90568213fc62: Downloading  7.29 MB/7.461 MB[18B[18A[2K90568213fc62: Downloading 7.372 MB/7.461 MB[18B[18A[2K90568213fc62: Downloading 7.454 MB/7.461 MB[18B[18A[2K90568213fc62: Verifying Checksum [18B[18A[2K90568213fc62: Download complete [18B[26A[2K862a3e9af0ae: Extracting 3.342 MB/65.7 MB[26B[26A[2K862a3e9af0ae: Extracting 3.899 MB/65.7 MB[26B[26A[2K862a3e9af0ae: Extracting 4.456 MB/65.7 MB[26B[16A[2Kd5b63d75581f: Downloading 15.88 kB/678.4 kB[16B[16A[2Kd5b63d75581f: Downloading 32.27 kB/678.4 kB[16B[16A[2Kd5b63d75581f: Downloading 48.65 kB/678.4 kB[16B[16A[2Kd5b63d75581f: Downloading 64.75 kB/678.4 kB[16B[16A[2Kd5b63d75581f: Downloading 81.42 kB/678.4 kB[16B[16A[2Kd5b63d75581f: Downloading  97.8 kB/678.4 kB[16B[16A[2Kd5b63d75581f: Downloading 114.2 kB/678.4 kB[16B[16A[2Kd5b63d75581f: Downloading 130.3 kB/678.4 kB[16B[16A[2Kd5b63d75581f: Downloading 146.7 kB/678.4 kB[16B[15A[2K3fb230caf62f: Downloading 16.38 kB/256.1 kB[15B[15A[2K3fb230caf62f: Downloading 32.77 kB/256.1 kB[15B[16A[2Kd5b63d75581f: Downloading 163.1 kB/678.4 kB[16B[16A[2Kd5b63d75581f: Downloading 179.4 kB/678.4 kB[16B[16A[2Kd5b63d75581f: Downloading 195.8 kB/678.4 kB[16B[16A[2Kd5b63d75581f: Downloading 212.2 kB/678.4 kB[16B[15A[2K3fb230caf62f: Downloading 49.15 kB/256.1 kB[15B[15A[2K3fb230caf62f: Downloading 64.64 kB/256.1 kB[15B[15A[2K3fb230caf62f: Downloading 81.03 kB/256.1 kB[15B[15A[2K3fb230caf62f: Downloading 97.41 kB/256.1 kB[15B[16A[2Kd5b63d75581f: Downloading 228.6 kB/678.4 kB[16B[16A[2Kd5b63d75581f: Downloading   245 kB/678.4 kB[16B[16A[2Kd5b63d75581f: Downloading 261.4 kB/678.4 kB[16B[16A[2Kd5b63d75581f: Downloading 277.7 kB/678.4 kB[16B[16A[2Kd5b63d75581f: Downloading 294.1 kB/678.4 kB[16B[16A[2Kd5b63d75581f: Downloading 310.5 kB/678.4 kB[16B[16A[2Kd5b63d75581f: Downloading 326.9 kB/678.4 kB[16B[16A[2Kd5b63d75581f: Downloading 343.3 kB/678.4 kB[16B[16A[2Kd5b63d75581f: Downloading 359.7 kB/678.4 kB[16B[16A[2Kd5b63d75581f: Downloading   376 kB/678.4 kB[16B[16A[2Kd5b63d75581f: Downloading 392.4 kB/678.4 kB[16B[16A[2Kd5b63d75581f: Downloading 408.8 kB/678.4 kB[16B[15A[2K3fb230caf62f: Downloading 113.8 kB/256.1 kB[15B[15A[2K3fb230caf62f: Downloading 130.2 kB/256.1 kB[15B[15A[2K3fb230caf62f: Downloading 146.6 kB/256.1 kB[15B[15A[2K3fb230caf62f: Downloading 162.9 kB/256.1 kB[15B[15A[2K3fb230caf62f: Downloading 179.3 kB/256.1 kB[15B[15A[2K3fb230caf62f: Downloading 195.7 kB/256.1 kB[15B[15A[2K3fb230caf62f: Downloading 212.1 kB/256.1 kB[15B[15A[2K3fb230caf62f: Downloading 228.5 kB/256.1 kB[15B[16A[2Kd5b63d75581f: Downloading 425.2 kB/678.4 kB[16B[16A[2Kd5b63d75581f: Downloading 441.6 kB/678.4 kB[16B[16A[2Kd5b63d75581f: Downloading   458 kB/678.4 kB[16B[16A[2Kd5b63d75581f: Downloading 474.3 kB/678.4 kB[16B[16A[2Kd5b63d75581f: Downloading 490.7 kB/678.4 kB[16B[16A[2Kd5b63d75581f: Downloading 507.1 kB/678.4 kB[16B[16A[2Kd5b63d75581f: Downloading 523.5 kB/678.4 kB[16B[16A[2Kd5b63d75581f: Downloading 539.9 kB/678.4 kB[16B[16A[2Kd5b63d75581f: Downloading 556.3 kB/678.4 kB[16B[16A[2Kd5b63d75581f: Downloading 572.7 kB/678.4 kB[16B[16A[2Kd5b63d75581f: Downloading   589 kB/678.4 kB[16B[16A[2Kd5b63d75581f: Downloading 605.4 kB/678.4 kB[16B[15A[2K3fb230caf62f: Downloading 244.9 kB/256.1 kB[15B[15A[2K3fb230caf62f: Downloading 256.1 kB/256.1 kB[15B[15A[2K3fb230caf62f: Verifying Checksum [15B[15A[2K3fb230caf62f: Download complete [15B[26A[2K862a3e9af0ae: Extracting 5.014 MB/65.7 MB[26B[16A[2Kd5b63d75581f: Downloading 621.8 kB/678.4 kB[16B[16A[2Kd5b63d75581f: Downloading 638.2 kB/678.4 kB[16B[16A[2Kd5b63d75581f: Downloading 654.6 kB/678.4 kB[16B[16A[2Kd5b63d75581f: Downloading   671 kB/678.4 kB[16B[16A[2Kd5b63d75581f: Downloading 678.4 kB/678.4 kB[16B[16A[2Kd5b63d75581f: Verifying Checksum [16B[16A[2Kd5b63d75581f: Download complete [16B[26A[2K862a3e9af0ae: Extracting 5.571 MB/65.7 MB[26B[26A[2K862a3e9af0ae: Extracting 6.128 MB/65.7 MB[26B[26A[2K862a3e9af0ae: Extracting 6.685 MB/65.7 MB[26B[26A[2K862a3e9af0ae: Extracting 7.242 MB/65.7 MB[26B[26A[2K862a3e9af0ae: Extracting 7.799 MB/65.7 MB[26B[14A[2Ka6bbf466b069: Downloading 3.594 kB/12.29 kB[14B[14A[2Ka6bbf466b069: Downloading 12.29 kB/12.29 kB[14B[14A[2Ka6bbf466b069: Verifying Checksum [14B[14A[2Ka6bbf466b069: Download complete [14B[13A[2K10863a77ded9: Downloading    233 B/233 B[13B[13A[2K10863a77ded9: Verifying Checksum [13B[13A[2K10863a77ded9: Download complete [13B[26A[2K862a3e9af0ae: Extracting 8.356 MB/65.7 MB[26B[12A[2Kfefda30b4d1c: Downloading 228.6 kB/22.02 MB[12B[12A[2Kfefda30b4d1c: Downloading   458 kB/22.02 MB[12B[12A[2Kfefda30b4d1c: Downloading 687.3 kB/22.02 MB[12B[12A[2Kfefda30b4d1c: Downloading 916.7 kB/22.02 MB[12B[12A[2Kfefda30b4d1c: Downloading 1.146 MB/22.02 MB[12B[26A[2K862a3e9af0ae: Extracting 8.913 MB/65.7 MB[26B[12A[2Kfefda30b4d1c: Downloading 1.375 MB/22.02 MB[12B[12A[2Kfefda30b4d1c: Downloading 1.605 MB/22.02 MB[12B[12A[2Kfefda30b4d1c: Downloading 1.834 MB/22.02 MB[12B[12A[2Kfefda30b4d1c: Downloading 2.064 MB/22.02 MB[12B[12A[2Kfefda30b4d1c: Downloading 2.293 MB/22.02 MB[12B[12A[2Kfefda30b4d1c: Downloading 2.522 MB/22.02 MB[12B[12A[2Kfefda30b4d1c: Downloading 2.752 MB/22.02 MB[12B[12A[2Kfefda30b4d1c: Downloading 2.981 MB/22.02 MB[12B[12A[2Kfefda30b4d1c: Downloading  3.21 MB/22.02 MB[12B[12A[2Kfefda30b4d1c: Downloading  3.44 MB/22.02 MB[12B[12A[2Kfefda30b4d1c: Downloading 3.669 MB/22.02 MB[12B[12A[2Kfefda30b4d1c: Downloading 3.899 MB/22.02 MB[12B[12A[2Kfefda30b4d1c: Downloading 4.128 MB/22.02 MB[12B[12A[2Kfefda30b4d1c: Downloading 4.357 MB/22.02 MB[12B[26A[2K862a3e9af0ae: Extracting  9.47 MB/65.7 MB[26B[12A[2Kfefda30b4d1c: Downloading 4.587 MB/22.02 MB[12B[12A[2Kfefda30b4d1c: Downloading 4.816 MB/22.02 MB[12B[12A[2Kfefda30b4d1c: Downloading 5.045 MB/22.02 MB[12B[12A[2Kfefda30b4d1c: Downloading 5.275 MB/22.02 MB[12B[12A[2Kfefda30b4d1c: Downloading 5.504 MB/22.02 MB[12B[12A[2Kfefda30b4d1c: Downloading 5.734 MB/22.02 MB[12B[12A[2Kfefda30b4d1c: Downloading 5.963 MB/22.02 MB[12B[12A[2Kfefda30b4d1c: Downloading 6.192 MB/22.02 MB[12B[12A[2Kfefda30b4d1c: Downloading 6.422 MB/22.02 MB[12B[12A[2Kfefda30b4d1c: Downloading 6.651 MB/22.02 MB[12B[12A[2Kfefda30b4d1c: Downloading  6.88 MB/22.02 MB[12B[12A[2Kfefda30b4d1c: Downloading  7.11 MB/22.02 MB[12B[12A[2Kfefda30b4d1c: Downloading 7.339 MB/22.02 MB[12B[12A[2Kfefda30b4d1c: Downloading 7.569 MB/22.02 MB[12B[12A[2Kfefda30b4d1c: Downloading 7.798 MB/22.02 MB[12B[26A[2K862a3e9af0ae: Extracting 10.03 MB/65.7 MB[26B[12A[2Kfefda30b4d1c: Downloading 8.027 MB/22.02 MB[12B[12A[2Kfefda30b4d1c: Downloading 8.257 MB/22.02 MB[12B[12A[2Kfefda30b4d1c: Downloading 8.486 MB/22.02 MB[12B[12A[2Kfefda30b4d1c: Downloading 8.715 MB/22.02 MB[12B[12A[2Kfefda30b4d1c: Downloading 8.945 MB/22.02 MB[12B[12A[2Kfefda30b4d1c: Downloading 9.174 MB/22.02 MB[12B[12A[2Kfefda30b4d1c: Downloading 9.404 MB/22.02 MB[12B[12A[2Kfefda30b4d1c: Downloading 9.633 MB/22.02 MB[12B[12A[2Kfefda30b4d1c: Downloading 9.862 MB/22.02 MB[12B[12A[2Kfefda30b4d1c: Downloading 10.09 MB/22.02 MB[12B[12A[2Kfefda30b4d1c: Downloading 10.32 MB/22.02 MB[12B[12A[2Kfefda30b4d1c: Downloading 10.55 MB/22.02 MB[12B[12A[2Kfefda30b4d1c: Downloading 10.78 MB/22.02 MB[12B[12A[2Kfefda30b4d1c: Downloading 11.01 MB/22.02 MB[12B[12A[2Kfefda30b4d1c: Downloading 11.24 MB/22.02 MB[12B[26A[2K862a3e9af0ae: Extracting 10.58 MB/65.7 MB[26B[12A[2Kfefda30b4d1c: Downloading 11.47 MB/22.02 MB[12B[12A[2Kfefda30b4d1c: Downloading  11.7 MB/22.02 MB[12B[12A[2Kfefda30b4d1c: Downloading 11.93 MB/22.02 MB[12B[12A[2Kfefda30b4d1c: Downloading 12.16 MB/22.02 MB[12B[12A[2Kfefda30b4d1c: Downloading 12.39 MB/22.02 MB[12B[12A[2Kfefda30b4d1c: Downloading 12.61 MB/22.02 MB[12B[12A[2Kfefda30b4d1c: Downloading 12.84 MB/22.02 MB[12B[12A[2Kfefda30b4d1c: Downloading 13.07 MB/22.02 MB[12B[12A[2Kfefda30b4d1c: Downloading  13.3 MB/22.02 MB[12B[12A[2Kfefda30b4d1c: Downloading 13.53 MB/22.02 MB[12B[12A[2Kfefda30b4d1c: Downloading 13.76 MB/22.02 MB[12B[12A[2Kfefda30b4d1c: Downloading 13.99 MB/22.02 MB[12B[12A[2Kfefda30b4d1c: Downloading 14.22 MB/22.02 MB[12B[12A[2Kfefda30b4d1c: Downloading 14.45 MB/22.02 MB[12B[12A[2Kfefda30b4d1c: Downloading 14.68 MB/22.02 MB[12B[12A[2Kfefda30b4d1c: Downloading 14.91 MB/22.02 MB[12B[12A[2Kfefda30b4d1c: Downloading 15.14 MB/22.02 MB[12B[12A[2Kfefda30b4d1c: Downloading 15.37 MB/22.02 MB[12B[12A[2Kfefda30b4d1c: Downloading  15.6 MB/22.02 MB[12B[12A[2Kfefda30b4d1c: Downloading 15.83 MB/22.02 MB[12B[12A[2Kfefda30b4d1c: Downloading 16.06 MB/22.02 MB[12B[26A[2K862a3e9af0ae: Extracting 11.14 MB/65.7 MB[26B[12A[2Kfefda30b4d1c: Downloading 16.28 MB/22.02 MB[12B[12A[2Kfefda30b4d1c: Downloading 16.51 MB/22.02 MB[12B[12A[2Kfefda30b4d1c: Downloading 16.74 MB/22.02 MB[12B[12A[2Kfefda30b4d1c: Downloading 16.97 MB/22.02 MB[12B[12A[2Kfefda30b4d1c: Downloading  17.2 MB/22.02 MB[12B[12A[2Kfefda30b4d1c: Downloading 17.43 MB/22.02 MB[12B[12A[2Kfefda30b4d1c: Downloading 17.66 MB/22.02 MB[12B[12A[2Kfefda30b4d1c: Downloading 17.89 MB/22.02 MB[12B[12A[2Kfefda30b4d1c: Downloading 18.12 MB/22.02 MB[12B[12A[2Kfefda30b4d1c: Downloading 18.35 MB/22.02 MB[12B[12A[2Kfefda30b4d1c: Downloading 18.58 MB/22.02 MB[12B[12A[2Kfefda30b4d1c: Downloading 18.81 MB/22.02 MB[12B[12A[2Kfefda30b4d1c: Downloading 19.04 MB/22.02 MB[12B[12A[2Kfefda30b4d1c: Downloading 19.27 MB/22.02 MB[12B[12A[2Kfefda30b4d1c: Downloading  19.5 MB/22.02 MB[12B[12A[2Kfefda30b4d1c: Downloading 19.73 MB/22.02 MB[12B[12A[2Kfefda30b4d1c: Downloading 19.95 MB/22.02 MB[12B[12A[2Kfefda30b4d1c: Downloading 20.18 MB/22.02 MB[12B[12A[2Kfefda30b4d1c: Downloading 20.41 MB/22.02 MB[12B[12A[2Kfefda30b4d1c: Downloading 20.64 MB/22.02 MB[12B[12A[2Kfefda30b4d1c: Downloading 20.87 MB/22.02 MB[12B[26A[2K862a3e9af0ae: Extracting  11.7 MB/65.7 MB[26B[12A[2Kfefda30b4d1c: Downloading  21.1 MB/22.02 MB[12B[12A[2Kfefda30b4d1c: Downloading 21.33 MB/22.02 MB[12B[12A[2Kfefda30b4d1c: Downloading 21.56 MB/22.02 MB[12B[12A[2Kfefda30b4d1c: Downloading 21.79 MB/22.02 MB[12B[12A[2Kfefda30b4d1c: Downloading 22.02 MB/22.02 MB[12B[12A[2Kfefda30b4d1c: Verifying Checksum [12B[12A[2Kfefda30b4d1c: Download complete [12B[26A[2K862a3e9af0ae: Extracting 12.26 MB/65.7 MB[26B[26A[2K862a3e9af0ae: Extracting 12.81 MB/65.7 MB[26B[10A[2K97e448a7f49e: Downloading 3.594 kB/15.03 kB[10B[10A[2K97e448a7f49e: Downloading 15.03 kB/15.03 kB[10B[10A[2K97e448a7f49e: Verifying Checksum [10B[10A[2K97e448a7f49e: Download complete [10B[11A[2K513191314116: Downloading 539.7 kB/62.05 MB[11B[11A[2K513191314116: Downloading  1.08 MB/62.05 MB[11B[11A[2K513191314116: Downloading 1.621 MB/62.05 MB[11B[26A[2K862a3e9af0ae: Extracting 13.37 MB/65.7 MB[26B[11A[2K513191314116: Downloading 2.162 MB/62.05 MB[11B[11A[2K513191314116: Downloading 2.702 MB/62.05 MB[11B[11A[2K513191314116: Downloading 3.243 MB/62.05 MB[11B[11A[2K513191314116: Downloading 3.784 MB/62.05 MB[11B[11A[2K513191314116: Downloading 4.324 MB/62.05 MB[11B[11A[2K513191314116: Downloading 4.865 MB/62.05 MB[11B[26A[2K862a3e9af0ae: Extracting 13.93 MB/65.7 MB[26B[11A[2K513191314116: Downloading 5.406 MB/62.05 MB[11B[11A[2K513191314116: Downloading 5.946 MB/62.05 MB[11B[11A[2K513191314116: Downloading 6.487 MB/62.05 MB[11B[11A[2K513191314116: Downloading 7.028 MB/62.05 MB[11B[11A[2K513191314116: Downloading 7.568 MB/62.05 MB[11B[11A[2K513191314116: Downloading 8.109 MB/62.05 MB[11B[11A[2K513191314116: Downloading  8.65 MB/62.05 MB[11B[26A[2K862a3e9af0ae: Extracting 14.48 MB/65.7 MB[26B[11A[2K513191314116: Downloading  9.19 MB/62.05 MB[11B[11A[2K513191314116: Downloading 9.731 MB/62.05 MB[11B[11A[2K513191314116: Downloading 10.27 MB/62.05 MB[11B[11A[2K513191314116: Downloading 10.81 MB/62.05 MB[11B[11A[2K513191314116: Downloading 11.35 MB/62.05 MB[11B[11A[2K513191314116: Downloading 11.89 MB/62.05 MB[11B[26A[2K862a3e9af0ae: Extracting 15.04 MB/65.7 MB[26B[11A[2K513191314116: Downloading 12.43 MB/62.05 MB[11B[11A[2K513191314116: Downloading 12.98 MB/62.05 MB[11B[11A[2K513191314116: Downloading 13.52 MB/62.05 MB[11B[11A[2K513191314116: Downloading 14.06 MB/62.05 MB[11B[11A[2K513191314116: Downloading  14.6 MB/62.05 MB[11B[26A[2K862a3e9af0ae: Extracting  15.6 MB/65.7 MB[26B[11A[2K513191314116: Downloading 15.14 MB/62.05 MB[11B[11A[2K513191314116: Downloading 15.68 MB/62.05 MB[11B[11A[2K513191314116: Downloading 16.22 MB/62.05 MB[11B[11A[2K513191314116: Downloading 16.76 MB/62.05 MB[11B[11A[2K513191314116: Downloading  17.3 MB/62.05 MB[11B[11A[2K513191314116: Downloading 17.84 MB/62.05 MB[11B[11A[2K513191314116: Downloading 18.38 MB/62.05 MB[11B[11A[2K513191314116: Downloading 18.92 MB/62.05 MB[11B[26A[2K862a3e9af0ae: Extracting 16.15 MB/65.7 MB[26B[11A[2K513191314116: Downloading 19.46 MB/62.05 MB[11B[11A[2K513191314116: Downloading    20 MB/62.05 MB[11B[11A[2K513191314116: Downloading 20.54 MB/62.05 MB[11B[11A[2K513191314116: Downloading 21.09 MB/62.05 MB[11B[11A[2K513191314116: Downloading 21.63 MB/62.05 MB[11B[11A[2K513191314116: Downloading 22.17 MB/62.05 MB[11B[11A[2K513191314116: Downloading 22.71 MB/62.05 MB[11B[26A[2K862a3e9af0ae: Extracting 16.71 MB/65.7 MB[26B[11A[2K513191314116: Downloading 23.25 MB/62.05 MB[11B[11A[2K513191314116: Downloading 23.79 MB/62.05 MB[11B[11A[2K513191314116: Downloading 24.33 MB/62.05 MB[11B[11A[2K513191314116: Downloading 24.87 MB/62.05 MB[11B[11A[2K513191314116: Downloading 25.41 MB/62.05 MB[11B[11A[2K513191314116: Downloading 25.95 MB/62.05 MB[11B[26A[2K862a3e9af0ae: Extracting 17.27 MB/65.7 MB[26B[11A[2K513191314116: Downloading 26.49 MB/62.05 MB[11B[11A[2K513191314116: Downloading 27.03 MB/62.05 MB[11B[11A[2K513191314116: Downloading 27.57 MB/62.05 MB[11B[11A[2K513191314116: Downloading 28.11 MB/62.05 MB[11B[11A[2K513191314116: Downloading 28.65 MB/62.05 MB[11B[11A[2K513191314116: Downloading  29.2 MB/62.05 MB[11B[11A[2K513191314116: Downloading 29.74 MB/62.05 MB[11B[11A[2K513191314116: Downloading 30.28 MB/62.05 MB[11B[11A[2K513191314116: Downloading 30.82 MB/62.05 MB[11B[26A[2K862a3e9af0ae: Extracting 17.83 MB/65.7 MB[26B[11A[2K513191314116: Downloading 31.36 MB/62.05 MB[11B[11A[2K513191314116: Downloading  31.9 MB/62.05 MB[11B[11A[2K513191314116: Downloading 32.44 MB/62.05 MB[11B[11A[2K513191314116: Downloading 32.98 MB/62.05 MB[11B[11A[2K513191314116: Downloading 33.52 MB/62.05 MB[11B[11A[2K513191314116: Downloading 34.06 MB/62.05 MB[11B[26A[2K862a3e9af0ae: Extracting 18.38 MB/65.7 MB[26B[11A[2K513191314116: Downloading  34.6 MB/62.05 MB[11B[11A[2K513191314116: Downloading 35.14 MB/62.05 MB[11B[11A[2K513191314116: Downloading 35.68 MB/62.05 MB[11B[11A[2K513191314116: Downloading 36.22 MB/62.05 MB[11B[11A[2K513191314116: Downloading 36.76 MB/62.05 MB[11B[11A[2K513191314116: Downloading 37.31 MB/62.05 MB[11B[11A[2K513191314116: Downloading 37.85 MB/62.05 MB[11B[26A[2K862a3e9af0ae: Extracting 18.94 MB/65.7 MB[26B[11A[2K513191314116: Downloading 38.39 MB/62.05 MB[11B[11A[2K513191314116: Downloading 38.93 MB/62.05 MB[11B[11A[2K513191314116: Downloading 39.47 MB/62.05 MB[11B[11A[2K513191314116: Downloading 40.01 MB/62.05 MB[11B[11A[2K513191314116: Downloading 40.55 MB/62.05 MB[11B[11A[2K513191314116: Downloading 41.09 MB/62.05 MB[11B[11A[2K513191314116: Downloading 41.63 MB/62.05 MB[11B[11A[2K513191314116: Downloading 42.17 MB/62.05 MB[11B[11A[2K513191314116: Downloading 42.71 MB/62.05 MB[11B[26A[2K862a3e9af0ae: Extracting  19.5 MB/65.7 MB[26B[11A[2K513191314116: Downloading 43.25 MB/62.05 MB[11B[11A[2K513191314116: Downloading 43.79 MB/62.05 MB[11B[11A[2K513191314116: Downloading 44.33 MB/62.05 MB[11B[11A[2K513191314116: Downloading 44.87 MB/62.05 MB[11B[11A[2K513191314116: Downloading 45.42 MB/62.05 MB[11B[11A[2K513191314116: Downloading 45.96 MB/62.05 MB[11B[11A[2K513191314116: Downloading  46.5 MB/62.05 MB[11B[11A[2K513191314116: Downloading 47.04 MB/62.05 MB[11B[26A[2K862a3e9af0ae: Extracting 20.05 MB/65.7 MB[26B[11A[2K513191314116: Downloading 47.58 MB/62.05 MB[11B[11A[2K513191314116: Downloading 48.12 MB/62.05 MB[11B[11A[2K513191314116: Downloading 48.66 MB/62.05 MB[11B[11A[2K513191314116: Downloading  49.2 MB/62.05 MB[11B[11A[2K513191314116: Downloading 49.74 MB/62.05 MB[11B[11A[2K513191314116: Downloading 50.28 MB/62.05 MB[11B[11A[2K513191314116: Downloading 50.82 MB/62.05 MB[11B[26A[2K862a3e9af0ae: Extracting 20.61 MB/65.7 MB[26B[11A[2K513191314116: Downloading 51.36 MB/62.05 MB[11B[11A[2K513191314116: Downloading  51.9 MB/62.05 MB[11B[11A[2K513191314116: Downloading 52.44 MB/62.05 MB[11B[11A[2K513191314116: Downloading 52.98 MB/62.05 MB[11B[11A[2K513191314116: Downloading 53.53 MB/62.05 MB[11B[11A[2K513191314116: Downloading 54.07 MB/62.05 MB[11B[11A[2K513191314116: Downloading 54.61 MB/62.05 MB[11B[11A[2K513191314116: Downloading 55.15 MB/62.05 MB[11B[11A[2K513191314116: Downloading 55.69 MB/62.05 MB[11B[26A[2K862a3e9af0ae: Extracting 21.17 MB/65.7 MB[26B[11A[2K513191314116: Downloading 56.23 MB/62.05 MB[11B[11A[2K513191314116: Downloading 56.77 MB/62.05 MB[11B[11A[2K513191314116: Downloading 57.31 MB/62.05 MB[11B[11A[2K513191314116: Downloading 57.85 MB/62.05 MB[11B[11A[2K513191314116: Downloading 58.39 MB/62.05 MB[11B[11A[2K513191314116: Downloading 58.93 MB/62.05 MB[11B[11A[2K513191314116: Downloading 59.47 MB/62.05 MB[11B[11A[2K513191314116: Downloading 60.01 MB/62.05 MB[11B[26A[2K862a3e9af0ae: Extracting 21.73 MB/65.7 MB[26B[11A[2K513191314116: Downloading 60.55 MB/62.05 MB[11B[11A[2K513191314116: Downloading 61.09 MB/62.05 MB[11B[11A[2K513191314116: Downloading 61.64 MB/62.05 MB[11B[11A[2K513191314116: Verifying Checksum [11B[11A[2K513191314116: Download complete [11B[26A[2K862a3e9af0ae: Extracting 22.28 MB/65.7 MB[26B[9A[2Kc90be48bcf02: Downloading    230 B/230 B[9B[9A[2Kc90be48bcf02: Verifying Checksum [9B[9A[2Kc90be48bcf02: Download complete [9B[8A[2K1891b109462d: Downloading    236 B/236 B[8B[8A[2K1891b109462d: Verifying Checksum [8B[8A[2K1891b109462d: Download complete [8B[26A[2K862a3e9af0ae: Extracting 22.84 MB/65.7 MB[26B[26A[2K862a3e9af0ae: Extracting  23.4 MB/65.7 MB[26B[26A[2K862a3e9af0ae: Extracting 23.95 MB/65.7 MB[26B[26A[2K862a3e9af0ae: Extracting 24.51 MB/65.7 MB[26B[7A[2Kece3d7190d9d: Downloading 228.6 kB/22.02 MB[7B[7A[2Kece3d7190d9d: Downloading   458 kB/22.02 MB[7B[7A[2Kece3d7190d9d: Downloading 687.3 kB/22.02 MB[7B[7A[2Kece3d7190d9d: Downloading 916.7 kB/22.02 MB[7B[5A[2Ke9a2f9acdb7c: Downloading 37.65 kB/3.322 MB[5B[5A[2Ke9a2f9acdb7c: Downloading 81.03 kB/3.322 MB[5B[7A[2Kece3d7190d9d: Downloading 1.146 MB/22.02 MB[7B[7A[2Kece3d7190d9d: Downloading 1.375 MB/22.02 MB[7B[7A[2Kece3d7190d9d: Downloading 1.605 MB/22.02 MB[7B[26A[2K862a3e9af0ae: Extracting 25.07 MB/65.7 MB[26B[7A[2Kece3d7190d9d: Downloading 1.834 MB/22.02 MB[7B[7A[2Kece3d7190d9d: Downloading 2.064 MB/22.02 MB[7B[7A[2Kece3d7190d9d: Downloading 2.293 MB/22.02 MB[7B[7A[2Kece3d7190d9d: Downloading 2.522 MB/22.02 MB[7B[7A[2Kece3d7190d9d: Downloading 2.752 MB/22.02 MB[7B[7A[2Kece3d7190d9d: Downloading 2.981 MB/22.02 MB[7B[7A[2Kece3d7190d9d: Downloading  3.21 MB/22.02 MB[7B[7A[2Kece3d7190d9d: Downloading  3.44 MB/22.02 MB[7B[7A[2Kece3d7190d9d: Downloading 3.669 MB/22.02 MB[7B[7A[2Kece3d7190d9d: Downloading 3.899 MB/22.02 MB[7B[7A[2Kece3d7190d9d: Downloading 4.128 MB/22.02 MB[7B[7A[2Kece3d7190d9d: Downloading 4.357 MB/22.02 MB[7B[7A[2Kece3d7190d9d: Downloading 4.587 MB/22.02 MB[7B[7A[2Kece3d7190d9d: Downloading 4.816 MB/22.02 MB[7B[7A[2Kece3d7190d9d: Downloading 5.045 MB/22.02 MB[7B[6A[2K962287d0bfa5: Downloading 539.8 kB/67.66 MB[6B[7A[2Kece3d7190d9d: Downloading 5.275 MB/22.02 MB[7B[6A[2K962287d0bfa5: Downloading 1.081 MB/67.66 MB[6B[7A[2Kece3d7190d9d: Downloading 5.504 MB/22.02 MB[7B[26A[2K862a3e9af0ae: Extracting 25.62 MB/65.7 MB[26B[6A[2K962287d0bfa5: Downloading 1.621 MB/67.66 MB[6B[7A[2Kece3d7190d9d: Downloading 5.734 MB/22.02 MB[7B[6A[2K962287d0bfa5: Downloading 2.162 MB/67.66 MB[6B[7A[2Kece3d7190d9d: Downloading 5.963 MB/22.02 MB[7B[6A[2K962287d0bfa5: Downloading 2.703 MB/67.66 MB[6B[7A[2Kece3d7190d9d: Downloading 6.192 MB/22.02 MB[7B[6A[2K962287d0bfa5: Downloading 3.243 MB/67.66 MB[6B[7A[2Kece3d7190d9d: Downloading 6.422 MB/22.02 MB[7B[6A[2K962287d0bfa5: Downloading 3.784 MB/67.66 MB[6B[26A[2K862a3e9af0ae: Extracting 26.18 MB/65.7 MB[26B[7A[2Kece3d7190d9d: Downloading 6.651 MB/22.02 MB[7B[6A[2K962287d0bfa5: Downloading 4.325 MB/67.66 MB[6B[7A[2Kece3d7190d9d: Downloading  6.88 MB/22.02 MB[7B[6A[2K962287d0bfa5: Downloading 4.865 MB/67.66 MB[6B[5A[2Ke9a2f9acdb7c: Downloading 130.2 kB/3.322 MB[5B[7A[2Kece3d7190d9d: Downloading  7.11 MB/22.02 MB[7B[5A[2Ke9a2f9acdb7c: Downloading 179.3 kB/3.322 MB[5B[5A[2Ke9a2f9acdb7c: Downloading 228.5 kB/3.322 MB[5B[6A[2K962287d0bfa5: Downloading 5.406 MB/67.66 MB[6B[5A[2Ke9a2f9acdb7c: Downloading 277.6 kB/3.322 MB[5B[7A[2Kece3d7190d9d: Downloading 7.339 MB/22.02 MB[7B[5A[2Ke9a2f9acdb7c: Downloading 326.8 kB/3.322 MB[5B[6A[2K962287d0bfa5: Downloading 5.947 MB/67.66 MB[6B[5A[2Ke9a2f9acdb7c: Downloading 375.9 kB/3.322 MB[5B[7A[2Kece3d7190d9d: Downloading 7.569 MB/22.02 MB[7B[5A[2Ke9a2f9acdb7c: Downloading 425.1 kB/3.322 MB[5B[6A[2K962287d0bfa5: Downloading 6.487 MB/67.66 MB[6B[5A[2Ke9a2f9acdb7c: Downloading 474.2 kB/3.322 MB[5B[7A[2Kece3d7190d9d: Downloading 7.798 MB/22.02 MB[7B[5A[2Ke9a2f9acdb7c: Downloading 523.4 kB/3.322 MB[5B[5A[2Ke9a2f9acdb7c: Downloading 572.5 kB/3.322 MB[5B[6A[2K962287d0bfa5: Downloading 7.028 MB/67.66 MB[6B[5A[2Ke9a2f9acdb7c: Downloading 621.7 kB/3.322 MB[5B[7A[2Kece3d7190d9d: Downloading 8.027 MB/22.02 MB[7B[5A[2Ke9a2f9acdb7c: Downloading 670.9 kB/3.322 MB[5B[6A[2K962287d0bfa5: Downloading 7.569 MB/67.66 MB[6B[5A[2Ke9a2f9acdb7c: Downloading   720 kB/3.322 MB[5B[7A[2Kece3d7190d9d: Downloading 8.257 MB/22.02 MB[7B[26A[2K862a3e9af0ae: Extracting 26.74 MB/65.7 MB[26B[5A[2Ke9a2f9acdb7c: Downloading 769.2 kB/3.322 MB[5B[6A[2K962287d0bfa5: Downloading 8.109 MB/67.66 MB[6B[5A[2Ke9a2f9acdb7c: Downloading 818.3 kB/3.322 MB[5B[7A[2Kece3d7190d9d: Downloading 8.486 MB/22.02 MB[7B[5A[2Ke9a2f9acdb7c: Downloading 867.5 kB/3.322 MB[5B[6A[2K962287d0bfa5: Downloading  8.65 MB/67.66 MB[6B[5A[2Ke9a2f9acdb7c: Downloading 916.6 kB/3.322 MB[5B[7A[2Kece3d7190d9d: Downloading 8.715 MB/22.02 MB[7B[5A[2Ke9a2f9acdb7c: Downloading 965.8 kB/3.322 MB[5B[5A[2Ke9a2f9acdb7c: Downloading 1.015 MB/3.322 MB[5B[5A[2Ke9a2f9acdb7c: Downloading 1.064 MB/3.322 MB[5B[5A[2Ke9a2f9acdb7c: Downloading 1.113 MB/3.322 MB[5B[5A[2Ke9a2f9acdb7c: Downloading 1.162 MB/3.322 MB[5B[5A[2Ke9a2f9acdb7c: Downloading 1.212 MB/3.322 MB[5B[5A[2Ke9a2f9acdb7c: Downloading 1.261 MB/3.322 MB[5B[5A[2Ke9a2f9acdb7c: Downloading  1.31 MB/3.322 MB[5B[5A[2Ke9a2f9acdb7c: Downloading 1.359 MB/3.322 MB[5B[5A[2Ke9a2f9acdb7c: Downloading 1.408 MB/3.322 MB[5B[5A[2Ke9a2f9acdb7c: Downloading 1.457 MB/3.322 MB[5B[5A[2Ke9a2f9acdb7c: Downloading 1.506 MB/3.322 MB[5B[5A[2Ke9a2f9acdb7c: Downloading 1.556 MB/3.322 MB[5B[5A[2Ke9a2f9acdb7c: Downloading 1.605 MB/3.322 MB[5B[5A[2Ke9a2f9acdb7c: Downloading 1.654 MB/3.322 MB[5B[5A[2Ke9a2f9acdb7c: Downloading 1.699 MB/3.322 MB[5B[5A[2Ke9a2f9acdb7c: Downloading 1.736 MB/3.322 MB[5B[5A[2Ke9a2f9acdb7c: Downloading 1.785 MB/3.322 MB[5B[5A[2Ke9a2f9acdb7c: Downloading 1.834 MB/3.322 MB[5B[7A[2Kece3d7190d9d: Downloading 8.945 MB/22.02 MB[7B[5A[2Ke9a2f9acdb7c: Downloading 1.883 MB/3.322 MB[5B[5A[2Ke9a2f9acdb7c: Downloading 1.932 MB/3.322 MB[5B[5A[2Ke9a2f9acdb7c: Downloading 1.982 MB/3.322 MB[5B[7A[2Kece3d7190d9d: Downloading 9.174 MB/22.02 MB[7B[6A[2K962287d0bfa5: Downloading 9.191 MB/67.66 MB[6B[7A[2Kece3d7190d9d: Downloading 9.404 MB/22.02 MB[7B[5A[2Ke9a2f9acdb7c: Downloading 2.031 MB/3.322 MB[5B[7A[2Kece3d7190d9d: Downloading 9.633 MB/22.02 MB[7B[7A[2Kece3d7190d9d: Downloading 9.862 MB/22.02 MB[7B[6A[2K962287d0bfa5: Downloading 9.731 MB/67.66 MB[6B[5A[2Ke9a2f9acdb7c: Downloading  2.08 MB/3.322 MB[5B[7A[2Kece3d7190d9d: Downloading 10.09 MB/22.02 MB[7B[7A[2Kece3d7190d9d: Downloading 10.32 MB/22.02 MB[7B[7A[2Kece3d7190d9d: Downloading 10.55 MB/22.02 MB[7B[6A[2K962287d0bfa5: Downloading 10.27 MB/67.66 MB[6B[5A[2Ke9a2f9acdb7c: Downloading 2.129 MB/3.322 MB[5B[7A[2Kece3d7190d9d: Downloading 10.78 MB/22.02 MB[7B[7A[2Kece3d7190d9d: Downloading 11.01 MB/22.02 MB[7B[6A[2K962287d0bfa5: Downloading 10.81 MB/67.66 MB[6B[5A[2Ke9a2f9acdb7c: Downloading 2.178 MB/3.322 MB[5B[7A[2Kece3d7190d9d: Downloading 11.24 MB/22.02 MB[7B[7A[2Kece3d7190d9d: Downloading 11.47 MB/22.02 MB[7B[7A[2Kece3d7190d9d: Downloading  11.7 MB/22.02 MB[7B[6A[2K962287d0bfa5: Downloading 11.35 MB/67.66 MB[6B[5A[2Ke9a2f9acdb7c: Downloading 2.227 MB/3.322 MB[5B[7A[2Kece3d7190d9d: Downloading 11.93 MB/22.02 MB[7B[7A[2Kece3d7190d9d: Downloading 12.16 MB/22.02 MB[7B[6A[2K962287d0bfa5: Downloading 11.89 MB/67.66 MB[6B[7A[2Kece3d7190d9d: Downloading 12.39 MB/22.02 MB[7B[5A[2Ke9a2f9acdb7c: Downloading 2.276 MB/3.322 MB[5B[7A[2Kece3d7190d9d: Downloading 12.61 MB/22.02 MB[7B[7A[2Kece3d7190d9d: Downloading 12.84 MB/22.02 MB[7B[6A[2K962287d0bfa5: Downloading 12.43 MB/67.66 MB[6B[5A[2Ke9a2f9acdb7c: Downloading 2.326 MB/3.322 MB[5B[7A[2Kece3d7190d9d: Downloading 13.07 MB/22.02 MB[7B[7A[2Kece3d7190d9d: Downloading  13.3 MB/22.02 MB[7B[6A[2K962287d0bfa5: Downloading 12.98 MB/67.66 MB[6B[7A[2Kece3d7190d9d: Downloading 13.53 MB/22.02 MB[7B[5A[2Ke9a2f9acdb7c: Downloading 2.375 MB/3.322 MB[5B[7A[2Kece3d7190d9d: Downloading 13.76 MB/22.02 MB[7B[7A[2Kece3d7190d9d: Downloading 13.99 MB/22.02 MB[7B[6A[2K962287d0bfa5: Downloading 13.52 MB/67.66 MB[6B[5A[2Ke9a2f9acdb7c: Downloading 2.424 MB/3.322 MB[5B[6A[2K962287d0bfa5: Downloading 14.06 MB/67.66 MB[6B[5A[2Ke9a2f9acdb7c: Downloading 2.473 MB/3.322 MB[5B[6A[2K962287d0bfa5: Downloading  14.6 MB/67.66 MB[6B[5A[2Ke9a2f9acdb7c: Downloading 2.522 MB/3.322 MB[5B[6A[2K962287d0bfa5: Downloading 15.14 MB/67.66 MB[6B[5A[2Ke9a2f9acdb7c: Downloading 2.571 MB/3.322 MB[5B[6A[2K962287d0bfa5: Downloading 15.68 MB/67.66 MB[6B[5A[2Ke9a2f9acdb7c: Downloading 2.621 MB/3.322 MB[5B[6A[2K962287d0bfa5: Downloading 16.22 MB/67.66 MB[6B[5A[2Ke9a2f9acdb7c: Downloading  2.67 MB/3.322 MB[5B[6A[2K962287d0bfa5: Downloading 16.76 MB/67.66 MB[6B[5A[2Ke9a2f9acdb7c: Downloading 2.719 MB/3.322 MB[5B[26A[2K862a3e9af0ae: Extracting  27.3 MB/65.7 MB[26B[6A[2K962287d0bfa5: Downloading  17.3 MB/67.66 MB[6B[5A[2Ke9a2f9acdb7c: Downloading 2.768 MB/3.322 MB[5B[6A[2K962287d0bfa5: Downloading 17.84 MB/67.66 MB[6B[5A[2Ke9a2f9acdb7c: Downloading 2.817 MB/3.322 MB[5B[6A[2K962287d0bfa5: Downloading 18.38 MB/67.66 MB[6B[5A[2Ke9a2f9acdb7c: Downloading 2.866 MB/3.322 MB[5B[6A[2K962287d0bfa5: Downloading 18.92 MB/67.66 MB[6B[5A[2Ke9a2f9acdb7c: Downloading 2.915 MB/3.322 MB[5B[6A[2K962287d0bfa5: Downloading 19.46 MB/67.66 MB[6B[5A[2Ke9a2f9acdb7c: Downloading 2.965 MB/3.322 MB[5B[6A[2K962287d0bfa5: Downloading    20 MB/67.66 MB[6B[5A[2Ke9a2f9acdb7c: Downloading 3.014 MB/3.322 MB[5B[6A[2K962287d0bfa5: Downloading 20.54 MB/67.66 MB[6B[5A[2Ke9a2f9acdb7c: Downloading 3.063 MB/3.322 MB[5B[6A[2K962287d0bfa5: Downloading 21.09 MB/67.66 MB[6B[5A[2Ke9a2f9acdb7c: Downloading 3.112 MB/3.322 MB[5B[6A[2K962287d0bfa5: Downloading 21.63 MB/67.66 MB[6B[5A[2Ke9a2f9acdb7c: Downloading 3.161 MB/3.322 MB[5B[6A[2K962287d0bfa5: Downloading 22.17 MB/67.66 MB[6B[5A[2Ke9a2f9acdb7c: Downloading  3.21 MB/3.322 MB[5B[6A[2K962287d0bfa5: Downloading 22.71 MB/67.66 MB[6B[5A[2Ke9a2f9acdb7c: Downloading  3.26 MB/3.322 MB[5B[6A[2K962287d0bfa5: Downloading 23.25 MB/67.66 MB[6B[5A[2Ke9a2f9acdb7c: Downloading 3.309 MB/3.322 MB[5B[26A[2K862a3e9af0ae: Extracting 27.85 MB/65.7 MB[26B[6A[2K962287d0bfa5: Downloading 23.79 MB/67.66 MB[6B[7A[2Kece3d7190d9d: Downloading 14.22 MB/22.02 MB[7B[7A[2Kece3d7190d9d: Downloading 14.45 MB/22.02 MB[7B[7A[2Kece3d7190d9d: Downloading 14.68 MB/22.02 MB[7B[7A[2Kece3d7190d9d: Downloading 14.91 MB/22.02 MB[7B[7A[2Kece3d7190d9d: Downloading 15.14 MB/22.02 MB[7B[5A[2Ke9a2f9acdb7c: Verifying Checksum [5B[5A[2Ke9a2f9acdb7c: Download complete [5B[7A[2Kece3d7190d9d: Downloading 15.37 MB/22.02 MB[7B[6A[2K962287d0bfa5: Downloading 24.33 MB/67.66 MB[6B[7A[2Kece3d7190d9d: Downloading  15.6 MB/22.02 MB[7B[6A[2K962287d0bfa5: Downloading 24.87 MB/67.66 MB[6B[7A[2Kece3d7190d9d: Downloading 15.83 MB/22.02 MB[7B[7A[2Kece3d7190d9d: Downloading 16.06 MB/22.02 MB[7B[7A[2Kece3d7190d9d: Downloading 16.28 MB/22.02 MB[7B[7A[2Kece3d7190d9d: Downloading 16.51 MB/22.02 MB[7B[6A[2K962287d0bfa5: Downloading 25.41 MB/67.66 MB[6B[7A[2Kece3d7190d9d: Downloading 16.74 MB/22.02 MB[7B[7A[2Kece3d7190d9d: Downloading 16.97 MB/22.02 MB[7B[7A[2Kece3d7190d9d: Downloading  17.2 MB/22.02 MB[7B[7A[2Kece3d7190d9d: Downloading 17.43 MB/22.02 MB[7B[6A[2K962287d0bfa5: Downloading 25.95 MB/67.66 MB[6B[7A[2Kece3d7190d9d: Downloading 17.66 MB/22.02 MB[7B[7A[2Kece3d7190d9d: Downloading 17.89 MB/22.02 MB[7B[7A[2Kece3d7190d9d: Downloading 18.12 MB/22.02 MB[7B[6A[2K962287d0bfa5: Downloading 26.49 MB/67.66 MB[6B[7A[2Kece3d7190d9d: Downloading 18.35 MB/22.02 MB[7B[7A[2Kece3d7190d9d: Downloading 18.58 MB/22.02 MB[7B[7A[2Kece3d7190d9d: Downloading 18.81 MB/22.02 MB[7B[7A[2Kece3d7190d9d: Downloading 19.04 MB/22.02 MB[7B[6A[2K962287d0bfa5: Downloading 27.03 MB/67.66 MB[6B[7A[2Kece3d7190d9d: Downloading 19.27 MB/22.02 MB[7B[7A[2Kece3d7190d9d: Downloading  19.5 MB/22.02 MB[7B[7A[2Kece3d7190d9d: Downloading 19.73 MB/22.02 MB[7B[6A[2K962287d0bfa5: Downloading 27.57 MB/67.66 MB[6B[7A[2Kece3d7190d9d: Downloading 19.95 MB/22.02 MB[7B[7A[2Kece3d7190d9d: Downloading 20.18 MB/22.02 MB[7B[7A[2Kece3d7190d9d: Downloading 20.41 MB/22.02 MB[7B[6A[2K962287d0bfa5: Downloading 28.11 MB/67.66 MB[6B[7A[2Kece3d7190d9d: Downloading 20.64 MB/22.02 MB[7B[7A[2Kece3d7190d9d: Downloading 20.87 MB/22.02 MB[7B[7A[2Kece3d7190d9d: Downloading  21.1 MB/22.02 MB[7B[7A[2Kece3d7190d9d: Downloading 21.33 MB/22.02 MB[7B[6A[2K962287d0bfa5: Downloading 28.65 MB/67.66 MB[6B[7A[2Kece3d7190d9d: Downloading 21.56 MB/22.02 MB[7B[7A[2Kece3d7190d9d: Downloading 21.79 MB/22.02 MB[7B[7A[2Kece3d7190d9d: Downloading 22.02 MB/22.02 MB[7B[7A[2Kece3d7190d9d: Verifying Checksum [7B[7A[2Kece3d7190d9d: Download complete [7B[6A[2K962287d0bfa5: Downloading  29.2 MB/67.66 MB[6B[6A[2K962287d0bfa5: Downloading 29.74 MB/67.66 MB[6B[6A[2K962287d0bfa5: Downloading 30.28 MB/67.66 MB[6B[26A[2K862a3e9af0ae: Extracting 28.41 MB/65.7 MB[26B[6A[2K962287d0bfa5: Downloading 30.82 MB/67.66 MB[6B[6A[2K962287d0bfa5: Downloading 31.36 MB/67.66 MB[6B[6A[2K962287d0bfa5: Downloading  31.9 MB/67.66 MB[6B[6A[2K962287d0bfa5: Downloading 32.44 MB/67.66 MB[6B[6A[2K962287d0bfa5: Downloading 32.98 MB/67.66 MB[6B[6A[2K962287d0bfa5: Downloading 33.52 MB/67.66 MB[6B[26A[2K862a3e9af0ae: Extracting 28.97 MB/65.7 MB[26B[6A[2K962287d0bfa5: Downloading 34.06 MB/67.66 MB[6B[6A[2K962287d0bfa5: Downloading  34.6 MB/67.66 MB[6B[6A[2K962287d0bfa5: Downloading 35.14 MB/67.66 MB[6B[6A[2K962287d0bfa5: Downloading 35.68 MB/67.66 MB[6B[6A[2K962287d0bfa5: Downloading 36.22 MB/67.66 MB[6B[6A[2K962287d0bfa5: Downloading 36.76 MB/67.66 MB[6B[6A[2K962287d0bfa5: Downloading 37.31 MB/67.66 MB[6B[26A[2K862a3e9af0ae: Extracting 29.52 MB/65.7 MB[26B[6A[2K962287d0bfa5: Downloading 37.85 MB/67.66 MB[6B[6A[2K962287d0bfa5: Downloading 38.39 MB/67.66 MB[6B[6A[2K962287d0bfa5: Downloading 38.93 MB/67.66 MB[6B[6A[2K962287d0bfa5: Downloading 39.47 MB/67.66 MB[6B[6A[2K962287d0bfa5: Downloading 40.01 MB/67.66 MB[6B[6A[2K962287d0bfa5: Downloading 40.55 MB/67.66 MB[6B[6A[2K962287d0bfa5: Downloading 41.09 MB/67.66 MB[6B[6A[2K962287d0bfa5: Downloading 41.63 MB/67.66 MB[6B[6A[2K962287d0bfa5: Downloading 42.17 MB/67.66 MB[6B[6A[2K962287d0bfa5: Downloading 42.71 MB/67.66 MB[6B[6A[2K962287d0bfa5: Downloading 43.25 MB/67.66 MB[6B[6A[2K962287d0bfa5: Downloading 43.79 MB/67.66 MB[6B[6A[2K962287d0bfa5: Downloading 44.33 MB/67.66 MB[6B[26A[2K862a3e9af0ae: Extracting 30.08 MB/65.7 MB[26B[6A[2K962287d0bfa5: Downloading 44.87 MB/67.66 MB[6B[6A[2K962287d0bfa5: Downloading 45.42 MB/67.66 MB[6B[6A[2K962287d0bfa5: Downloading 45.96 MB/67.66 MB[6B[6A[2K962287d0bfa5: Downloading  46.5 MB/67.66 MB[6B[6A[2K962287d0bfa5: Downloading 47.04 MB/67.66 MB[6B[6A[2K962287d0bfa5: Downloading 47.58 MB/67.66 MB[6B[6A[2K962287d0bfa5: Downloading 48.12 MB/67.66 MB[6B[6A[2K962287d0bfa5: Downloading 48.66 MB/67.66 MB[6B[6A[2K962287d0bfa5: Downloading  49.2 MB/67.66 MB[6B[6A[2K962287d0bfa5: Downloading 49.74 MB/67.66 MB[6B[6A[2K962287d0bfa5: Downloading 50.28 MB/67.66 MB[6B[6A[2K962287d0bfa5: Downloading 50.82 MB/67.66 MB[6B[6A[2K962287d0bfa5: Downloading 51.36 MB/67.66 MB[6B[26A[2K862a3e9af0ae: Extracting 30.64 MB/65.7 MB[26B[6A[2K962287d0bfa5: Downloading  51.9 MB/67.66 MB[6B[6A[2K962287d0bfa5: Downloading 52.44 MB/67.66 MB[6B[6A[2K962287d0bfa5: Downloading 52.99 MB/67.66 MB[6B[6A[2K962287d0bfa5: Downloading 53.53 MB/67.66 MB[6B[6A[2K962287d0bfa5: Downloading 54.07 MB/67.66 MB[6B[6A[2K962287d0bfa5: Downloading 54.61 MB/67.66 MB[6B[6A[2K962287d0bfa5: Downloading 55.15 MB/67.66 MB[6B[6A[2K962287d0bfa5: Downloading 55.69 MB/67.66 MB[6B[6A[2K962287d0bfa5: Downloading 56.23 MB/67.66 MB[6B[26A[2K862a3e9af0ae: Extracting  31.2 MB/65.7 MB[26B[6A[2K962287d0bfa5: Downloading 56.77 MB/67.66 MB[6B[6A[2K962287d0bfa5: Downloading 57.31 MB/67.66 MB[6B[6A[2K962287d0bfa5: Downloading 57.85 MB/67.66 MB[6B[6A[2K962287d0bfa5: Downloading 58.39 MB/67.66 MB[6B[6A[2K962287d0bfa5: Downloading 58.93 MB/67.66 MB[6B[6A[2K962287d0bfa5: Downloading 59.47 MB/67.66 MB[6B[6A[2K962287d0bfa5: Downloading 60.01 MB/67.66 MB[6B[6A[2K962287d0bfa5: Downloading 60.55 MB/67.66 MB[6B[6A[2K962287d0bfa5: Downloading  61.1 MB/67.66 MB[6B[26A[2K862a3e9af0ae: Extracting 31.75 MB/65.7 MB[26B[6A[2K962287d0bfa5: Downloading 61.64 MB/67.66 MB[6B[6A[2K962287d0bfa5: Downloading 62.18 MB/67.66 MB[6B[6A[2K962287d0bfa5: Downloading 62.72 MB/67.66 MB[6B[6A[2K962287d0bfa5: Downloading 63.26 MB/67.66 MB[6B[6A[2K962287d0bfa5: Downloading  63.8 MB/67.66 MB[6B[6A[2K962287d0bfa5: Downloading 64.34 MB/67.66 MB[6B[6A[2K962287d0bfa5: Downloading 64.88 MB/67.66 MB[6B[6A[2K962287d0bfa5: Downloading 65.42 MB/67.66 MB[6B[6A[2K962287d0bfa5: Downloading 65.96 MB/67.66 MB[6B[26A[2K862a3e9af0ae: Extracting 32.31 MB/65.7 MB[26B[6A[2K962287d0bfa5: Downloading  66.5 MB/67.66 MB[6B[6A[2K962287d0bfa5: Downloading 67.04 MB/67.66 MB[6B[6A[2K962287d0bfa5: Downloading 67.58 MB/67.66 MB[6B[6A[2K962287d0bfa5: Verifying Checksum [6B[6A[2K962287d0bfa5: Download complete [6B[4A[2K99be4fab501b: Downloading 16.38 kB/1.091 MB[4B[4A[2K99be4fab501b: Downloading 32.77 kB/1.091 MB[4B[26A[2K862a3e9af0ae: Extracting 32.87 MB/65.7 MB[26B[4A[2K99be4fab501b: Downloading 49.15 kB/1.091 MB[4B[4A[2K99be4fab501b: Downloading 64.64 kB/1.091 MB[4B[4A[2K99be4fab501b: Downloading 81.03 kB/1.091 MB[4B[4A[2K99be4fab501b: Downloading 97.41 kB/1.091 MB[4B[4A[2K99be4fab501b: Downloading 113.8 kB/1.091 MB[4B[4A[2K99be4fab501b: Downloading 130.2 kB/1.091 MB[4B[4A[2K99be4fab501b: Downloading 146.6 kB/1.091 MB[4B[4A[2K99be4fab501b: Downloading 162.9 kB/1.091 MB[4B[4A[2K99be4fab501b: Downloading 179.3 kB/1.091 MB[4B[4A[2K99be4fab501b: Downloading 195.7 kB/1.091 MB[4B[4A[2K99be4fab501b: Downloading 212.1 kB/1.091 MB[4B[4A[2K99be4fab501b: Downloading 228.5 kB/1.091 MB[4B[3A[2K2562c30873a1: Downloading 1.022 kB/1.022 kB[3B[3A[2K2562c30873a1: Verifying Checksum [3B[3A[2K2562c30873a1: Download complete [3B[4A[2K99be4fab501b: Downloading 244.9 kB/1.091 MB[4B[4A[2K99be4fab501b: Downloading 261.3 kB/1.091 MB[4B[4A[2K99be4fab501b: Downloading 277.6 kB/1.091 MB[4B[4A[2K99be4fab501b: Downloading   294 kB/1.091 MB[4B[4A[2K99be4fab501b: Downloading 310.4 kB/1.091 MB[4B[4A[2K99be4fab501b: Downloading 326.8 kB/1.091 MB[4B[4A[2K99be4fab501b: Downloading 343.2 kB/1.091 MB[4B[4A[2K99be4fab501b: Downloading 359.6 kB/1.091 MB[4B[4A[2K99be4fab501b: Downloading 375.9 kB/1.091 MB[4B[4A[2K99be4fab501b: Downloading 392.3 kB/1.091 MB[4B[4A[2K99be4fab501b: Downloading 408.7 kB/1.091 MB[4B[4A[2K99be4fab501b: Downloading 425.1 kB/1.091 MB[4B[4A[2K99be4fab501b: Downloading 441.5 kB/1.091 MB[4B[4A[2K99be4fab501b: Downloading 457.9 kB/1.091 MB[4B[4A[2K99be4fab501b: Downloading 474.2 kB/1.091 MB[4B[4A[2K99be4fab501b: Downloading 490.6 kB/1.091 MB[4B[4A[2K99be4fab501b: Downloading   507 kB/1.091 MB[4B[4A[2K99be4fab501b: Downloading 523.4 kB/1.091 MB[4B[4A[2K99be4fab501b: Downloading 539.8 kB/1.091 MB[4B[4A[2K99be4fab501b: Downloading 556.2 kB/1.091 MB[4B[4A[2K99be4fab501b: Downloading 572.5 kB/1.091 MB[4B[4A[2K99be4fab501b: Downloading 588.9 kB/1.091 MB[4B[4A[2K99be4fab501b: Downloading 605.3 kB/1.091 MB[4B[4A[2K99be4fab501b: Downloading 621.7 kB/1.091 MB[4B[4A[2K99be4fab501b: Downloading 638.1 kB/1.091 MB[4B[4A[2K99be4fab501b: Downloading 654.5 kB/1.091 MB[4B[4A[2K99be4fab501b: Downloading 670.9 kB/1.091 MB[4B[4A[2K99be4fab501b: Downloading 687.2 kB/1.091 MB[4B[4A[2K99be4fab501b: Downloading 703.6 kB/1.091 MB[4B[4A[2K99be4fab501b: Downloading   720 kB/1.091 MB[4B[4A[2K99be4fab501b: Downloading 736.4 kB/1.091 MB[4B[4A[2K99be4fab501b: Downloading 752.8 kB/1.091 MB[4B[4A[2K99be4fab501b: Downloading 769.2 kB/1.091 MB[4B[4A[2K99be4fab501b: Downloading 785.5 kB/1.091 MB[4B[4A[2K99be4fab501b: Downloading 801.9 kB/1.091 MB[4B[4A[2K99be4fab501b: Downloading 818.3 kB/1.091 MB[4B[4A[2K99be4fab501b: Downloading 834.7 kB/1.091 MB[4B[4A[2K99be4fab501b: Downloading 851.1 kB/1.091 MB[4B[4A[2K99be4fab501b: Downloading 867.5 kB/1.091 MB[4B[4A[2K99be4fab501b: Downloading 883.8 kB/1.091 MB[4B[4A[2K99be4fab501b: Downloading 900.2 kB/1.091 MB[4B[4A[2K99be4fab501b: Downloading 916.6 kB/1.091 MB[4B[4A[2K99be4fab501b: Downloading   933 kB/1.091 MB[4B[4A[2K99be4fab501b: Downloading 949.4 kB/1.091 MB[4B[4A[2K99be4fab501b: Downloading 965.8 kB/1.091 MB[4B[4A[2K99be4fab501b: Downloading 982.1 kB/1.091 MB[4B[4A[2K99be4fab501b: Downloading 998.5 kB/1.091 MB[4B[4A[2K99be4fab501b: Downloading 1.015 MB/1.091 MB[4B[4A[2K99be4fab501b: Downloading 1.031 MB/1.091 MB[4B[4A[2K99be4fab501b: Downloading 1.048 MB/1.091 MB[4B[4A[2K99be4fab501b: Downloading 1.064 MB/1.091 MB[4B[4A[2K99be4fab501b: Downloading  1.08 MB/1.091 MB[4B[4A[2K99be4fab501b: Verifying Checksum [4B[4A[2K99be4fab501b: Download complete [4B[26A[2K862a3e9af0ae: Extracting 33.42 MB/65.7 MB[26B[26A[2K862a3e9af0ae: Extracting 33.98 MB/65.7 MB[26B[26A[2K862a3e9af0ae: Extracting 34.54 MB/65.7 MB[26B[26A[2K862a3e9af0ae: Extracting 35.09 MB/65.7 MB[26B[26A[2K862a3e9af0ae: Extracting 35.65 MB/65.7 MB[26B[2A[2K28c74732c2be: Downloading 1.022 kB/1.022 kB[2B[2A[2K28c74732c2be: Verifying Checksum [2B[2A[2K28c74732c2be: Download complete [2B[1A[2K6c6237180dc8: Downloading    134 B/134 B[1B[1A[2K6c6237180dc8: Verifying Checksum [1B[1A[2K6c6237180dc8: Download complete [1B[26A[2K862a3e9af0ae: Extracting 36.21 MB/65.7 MB[26B[26A[2K862a3e9af0ae: Extracting 36.77 MB/65.7 MB[26B[26A[2K862a3e9af0ae: Extracting 37.32 MB/65.7 MB[26B[26A[2K862a3e9af0ae: Extracting 37.88 MB/65.7 MB[26B[26A[2K862a3e9af0ae: Extracting 38.44 MB/65.7 MB[26B[26A[2K862a3e9af0ae: Extracting 38.99 MB/65.7 MB[26B[26A[2K862a3e9af0ae: Extracting 39.55 MB/65.7 MB[26B[26A[2K862a3e9af0ae: Extracting 40.11 MB/65.7 MB[26B[26A[2K862a3e9af0ae: Extracting 40.67 MB/65.7 MB[26B[26A[2K862a3e9af0ae: Extracting 41.22 MB/65.7 MB[26B[26A[2K862a3e9af0ae: Extracting 41.78 MB/65.7 MB[26B[26A[2K862a3e9af0ae: Extracting 42.34 MB/65.7 MB[26B[26A[2K862a3e9af0ae: Extracting 42.89 MB/65.7 MB[26B[26A[2K862a3e9af0ae: Extracting 43.45 MB/65.7 MB[26B[26A[2K862a3e9af0ae: Extracting 44.01 MB/65.7 MB[26B[26A[2K862a3e9af0ae: Extracting 44.56 MB/65.7 MB[26B[26A[2K862a3e9af0ae: Extracting 45.12 MB/65.7 MB[26B[26A[2K862a3e9af0ae: Extracting 45.68 MB/65.7 MB[26B[26A[2K862a3e9af0ae: Extracting 46.24 MB/65.7 MB[26B[26A[2K862a3e9af0ae: Extracting 46.79 MB/65.7 MB[26B[26A[2K862a3e9af0ae: Extracting 47.35 MB/65.7 MB[26B[26A[2K862a3e9af0ae: Extracting 47.91 MB/65.7 MB[26B[26A[2K862a3e9af0ae: Extracting 48.46 MB/65.7 MB[26B[26A[2K862a3e9af0ae: Extracting 49.02 MB/65.7 MB[26B[26A[2K862a3e9af0ae: Extracting 49.58 MB/65.7 MB[26B[26A[2K862a3e9af0ae: Extracting 50.14 MB/65.7 MB[26B[26A[2K862a3e9af0ae: Extracting 50.69 MB/65.7 MB[26B[26A[2K862a3e9af0ae: Extracting 51.25 MB/65.7 MB[26B[26A[2K862a3e9af0ae: Extracting 51.81 MB/65.7 MB[26B[26A[2K862a3e9af0ae: Extracting 52.36 MB/65.7 MB[26B[26A[2K862a3e9af0ae: Extracting 52.92 MB/65.7 MB[26B[26A[2K862a3e9af0ae: Extracting 53.48 MB/65.7 MB[26B[26A[2K862a3e9af0ae: Extracting 54.03 MB/65.7 MB[26B[26A[2K862a3e9af0ae: Extracting 54.59 MB/65.7 MB[26B[26A[2K862a3e9af0ae: Extracting 55.15 MB/65.7 MB[26B[26A[2K862a3e9af0ae: Extracting 55.71 MB/65.7 MB[26B[26A[2K862a3e9af0ae: Extracting 56.26 MB/65.7 MB[26B[26A[2K862a3e9af0ae: Extracting 56.82 MB/65.7 MB[26B[26A[2K862a3e9af0ae: Extracting 57.38 MB/65.7 MB[26B[26A[2K862a3e9af0ae: Extracting 57.93 MB/65.7 MB[26B[26A[2K862a3e9af0ae: Extracting 58.49 MB/65.7 MB[26B[26A[2K862a3e9af0ae: Extracting 59.05 MB/65.7 MB[26B[26A[2K862a3e9af0ae: Extracting  59.6 MB/65.7 MB[26B[26A[2K862a3e9af0ae: Extracting 60.16 MB/65.7 MB[26B[26A[2K862a3e9af0ae: Extracting 60.72 MB/65.7 MB[26B[26A[2K862a3e9af0ae: Extracting 61.28 MB/65.7 MB[26B[26A[2K862a3e9af0ae: Extracting 61.83 MB/65.7 MB[26B[26A[2K862a3e9af0ae: Extracting 62.39 MB/65.7 MB[26B[26A[2K862a3e9af0ae: Extracting 62.95 MB/65.7 MB[26B[26A[2K862a3e9af0ae: Extracting  63.5 MB/65.7 MB[26B[26A[2K862a3e9af0ae: Extracting 64.06 MB/65.7 MB[26B[26A[2K862a3e9af0ae: Extracting 64.62 MB/65.7 MB[26B[26A[2K862a3e9af0ae: Extracting 65.18 MB/65.7 MB[26B[26A[2K862a3e9af0ae: Extracting  65.7 MB/65.7 MB[26B[26A[2K862a3e9af0ae: Pull complete [26B[25A[2K6498e51874bf: Extracting 32.77 kB/71.55 kB[25B[25A[2K6498e51874bf: Extracting 65.54 kB/71.55 kB[25B[25A[2K6498e51874bf: Extracting 71.55 kB/71.55 kB[25B[25A[2K6498e51874bf: Extracting 71.55 kB/71.55 kB[25B[25A[2K6498e51874bf: Pull complete [25B[24A[2K159ebdd1959b: Extracting    364 B/364 B[24B[24A[2K159ebdd1959b: Extracting    364 B/364 B[24B[24A[2K159ebdd1959b: Pull complete [24B[23A[2K0fdbedd3771a: Extracting    680 B/680 B[23B[23A[2K0fdbedd3771a: Extracting    680 B/680 B[23B[23A[2K0fdbedd3771a: Pull complete [23B[22A[2K7a1f7116d1e3: Extracting    161 B/161 B[22B[22A[2K7a1f7116d1e3: Extracting    161 B/161 B[22B[22A[2K7a1f7116d1e3: Pull complete [22B[21A[2Kfef8544e54d7: Extracting 229.4 kB/22 MB[21B[21A[2Kfef8544e54d7: Extracting 458.8 kB/22 MB[21B[21A[2Kfef8544e54d7: Extracting 688.1 kB/22 MB[21B[21A[2Kfef8544e54d7: Extracting 917.5 kB/22 MB[21B[21A[2Kfef8544e54d7: Extracting 1.147 MB/22 MB[21B[21A[2Kfef8544e54d7: Extracting 1.376 MB/22 MB[21B[21A[2Kfef8544e54d7: Extracting 1.606 MB/22 MB[21B[21A[2Kfef8544e54d7: Extracting 1.835 MB/22 MB[21B[21A[2Kfef8544e54d7: Extracting 2.064 MB/22 MB[21B[21A[2Kfef8544e54d7: Extracting 2.294 MB/22 MB[21B[21A[2Kfef8544e54d7: Extracting 2.523 MB/22 MB[21B[21A[2Kfef8544e54d7: Extracting 2.753 MB/22 MB[21B[21A[2Kfef8544e54d7: Extracting 2.982 MB/22 MB[21B[21A[2Kfef8544e54d7: Extracting 3.211 MB/22 MB[21B[21A[2Kfef8544e54d7: Extracting 3.441 MB/22 MB[21B[21A[2Kfef8544e54d7: Extracting  3.67 MB/22 MB[21B[21A[2Kfef8544e54d7: Extracting 3.899 MB/22 MB[21B[21A[2Kfef8544e54d7: Extracting 4.129 MB/22 MB[21B[21A[2Kfef8544e54d7: Extracting 4.358 MB/22 MB[21B[21A[2Kfef8544e54d7: Extracting 4.588 MB/22 MB[21B[21A[2Kfef8544e54d7: Extracting 4.817 MB/22 MB[21B[21A[2Kfef8544e54d7: Extracting 5.046 MB/22 MB[21B[21A[2Kfef8544e54d7: Extracting 5.276 MB/22 MB[21B[21A[2Kfef8544e54d7: Extracting 5.505 MB/22 MB[21B[21A[2Kfef8544e54d7: Extracting 5.734 MB/22 MB[21B[21A[2Kfef8544e54d7: Extracting 5.964 MB/22 MB[21B[21A[2Kfef8544e54d7: Extracting 6.193 MB/22 MB[21B[21A[2Kfef8544e54d7: Extracting 6.423 MB/22 MB[21B[21A[2Kfef8544e54d7: Extracting 6.652 MB/22 MB[21B[21A[2Kfef8544e54d7: Extracting 6.881 MB/22 MB[21B[21A[2Kfef8544e54d7: Extracting 7.111 MB/22 MB[21B[21A[2Kfef8544e54d7: Extracting  7.34 MB/22 MB[21B[21A[2Kfef8544e54d7: Extracting 7.569 MB/22 MB[21B[21A[2Kfef8544e54d7: Extracting 7.799 MB/22 MB[21B[21A[2Kfef8544e54d7: Extracting 8.028 MB/22 MB[21B[21A[2Kfef8544e54d7: Extracting 8.258 MB/22 MB[21B[21A[2Kfef8544e54d7: Extracting 8.487 MB/22 MB[21B[21A[2Kfef8544e54d7: Extracting 8.716 MB/22 MB[21B[21A[2Kfef8544e54d7: Extracting 8.946 MB/22 MB[21B[21A[2Kfef8544e54d7: Extracting 9.175 MB/22 MB[21B[21A[2Kfef8544e54d7: Extracting 9.404 MB/22 MB[21B[21A[2Kfef8544e54d7: Extracting 9.634 MB/22 MB[21B[21A[2Kfef8544e54d7: Extracting 9.863 MB/22 MB[21B[21A[2Kfef8544e54d7: Extracting 10.09 MB/22 MB[21B[21A[2Kfef8544e54d7: Extracting 10.32 MB/22 MB[21B[21A[2Kfef8544e54d7: Extracting 10.55 MB/22 MB[21B[21A[2Kfef8544e54d7: Extracting 10.78 MB/22 MB[21B[21A[2Kfef8544e54d7: Extracting 11.01 MB/22 MB[21B[21A[2Kfef8544e54d7: Extracting 11.24 MB/22 MB[21B[21A[2Kfef8544e54d7: Extracting 11.47 MB/22 MB[21B[21A[2Kfef8544e54d7: Extracting  11.7 MB/22 MB[21B[21A[2Kfef8544e54d7: Extracting 11.93 MB/22 MB[21B[21A[2Kfef8544e54d7: Extracting 12.16 MB/22 MB[21B[21A[2Kfef8544e54d7: Extracting 12.39 MB/22 MB[21B[21A[2Kfef8544e54d7: Extracting 12.62 MB/22 MB[21B[21A[2Kfef8544e54d7: Extracting 12.85 MB/22 MB[21B[21A[2Kfef8544e54d7: Extracting 13.07 MB/22 MB[21B[21A[2Kfef8544e54d7: Extracting  13.3 MB/22 MB[21B[21A[2Kfef8544e54d7: Extracting 13.53 MB/22 MB[21B[21A[2Kfef8544e54d7: Extracting 13.76 MB/22 MB[21B[21A[2Kfef8544e54d7: Extracting 13.99 MB/22 MB[21B[21A[2Kfef8544e54d7: Extracting 14.22 MB/22 MB[21B[21A[2Kfef8544e54d7: Extracting 14.45 MB/22 MB[21B[21A[2Kfef8544e54d7: Extracting 14.68 MB/22 MB[21B[21A[2Kfef8544e54d7: Extracting 14.91 MB/22 MB[21B[21A[2Kfef8544e54d7: Extracting 15.14 MB/22 MB[21B[21A[2Kfef8544e54d7: Extracting 15.37 MB/22 MB[21B[21A[2Kfef8544e54d7: Extracting  15.6 MB/22 MB[21B[21A[2Kfef8544e54d7: Extracting 15.83 MB/22 MB[21B[21A[2Kfef8544e54d7: Extracting 16.06 MB/22 MB[21B[21A[2Kfef8544e54d7: Extracting 16.29 MB/22 MB[21B[21A[2Kfef8544e54d7: Extracting 16.52 MB/22 MB[21B[21A[2Kfef8544e54d7: Extracting 16.74 MB/22 MB[21B[21A[2Kfef8544e54d7: Extracting 16.97 MB/22 MB[21B[21A[2Kfef8544e54d7: Extracting  17.2 MB/22 MB[21B[21A[2Kfef8544e54d7: Extracting 17.43 MB/22 MB[21B[21A[2Kfef8544e54d7: Extracting 17.66 MB/22 MB[21B[21A[2Kfef8544e54d7: Extracting 17.89 MB/22 MB[21B[21A[2Kfef8544e54d7: Extracting 18.12 MB/22 MB[21B[21A[2Kfef8544e54d7: Extracting 18.35 MB/22 MB[21B[21A[2Kfef8544e54d7: Extracting 18.58 MB/22 MB[21B[21A[2Kfef8544e54d7: Extracting 18.81 MB/22 MB[21B[21A[2Kfef8544e54d7: Extracting 19.04 MB/22 MB[21B[21A[2Kfef8544e54d7: Extracting 19.27 MB/22 MB[21B[21A[2Kfef8544e54d7: Extracting  19.5 MB/22 MB[21B[21A[2Kfef8544e54d7: Extracting 19.73 MB/22 MB[21B[21A[2Kfef8544e54d7: Extracting 19.96 MB/22 MB[21B[21A[2Kfef8544e54d7: Extracting 20.19 MB/22 MB[21B[21A[2Kfef8544e54d7: Extracting 20.41 MB/22 MB[21B[21A[2Kfef8544e54d7: Extracting 20.64 MB/22 MB[21B[21A[2Kfef8544e54d7: Extracting 20.87 MB/22 MB[21B[21A[2Kfef8544e54d7: Extracting  21.1 MB/22 MB[21B[21A[2Kfef8544e54d7: Extracting 21.33 MB/22 MB[21B[21A[2Kfef8544e54d7: Extracting 21.56 MB/22 MB[21B[21A[2Kfef8544e54d7: Extracting 21.79 MB/22 MB[21B[21A[2Kfef8544e54d7: Extracting    22 MB/22 MB[21B[21A[2Kfef8544e54d7: Pull complete [21B[20A[2Kd4406f5914d1: Extracting     91 B/91 B[20B[20A[2Kd4406f5914d1: Extracting     91 B/91 B[20B[20A[2Kd4406f5914d1: Pull complete [20B[19A[2K7727c915d9c1: Extracting 65.54 kB/4.277 MB[19B[19A[2K7727c915d9c1: Extracting 131.1 kB/4.277 MB[19B[19A[2K7727c915d9c1: Extracting 196.6 kB/4.277 MB[19B[19A[2K7727c915d9c1: Extracting 262.1 kB/4.277 MB[19B[19A[2K7727c915d9c1: Extracting 327.7 kB/4.277 MB[19B[19A[2K7727c915d9c1: Extracting 393.2 kB/4.277 MB[19B[19A[2K7727c915d9c1: Extracting 458.8 kB/4.277 MB[19B[19A[2K7727c915d9c1: Extracting 524.3 kB/4.277 MB[19B[19A[2K7727c915d9c1: Extracting 589.8 kB/4.277 MB[19B[19A[2K7727c915d9c1: Extracting 655.4 kB/4.277 MB[19B[19A[2K7727c915d9c1: Extracting 720.9 kB/4.277 MB[19B[19A[2K7727c915d9c1: Extracting 786.4 kB/4.277 MB[19B[19A[2K7727c915d9c1: Extracting   852 kB/4.277 MB[19B[19A[2K7727c915d9c1: Extracting 917.5 kB/4.277 MB[19B[19A[2K7727c915d9c1: Extracting   983 kB/4.277 MB[19B[19A[2K7727c915d9c1: Extracting 1.049 MB/4.277 MB[19B[19A[2K7727c915d9c1: Extracting 1.114 MB/4.277 MB[19B[19A[2K7727c915d9c1: Extracting  1.18 MB/4.277 MB[19B[19A[2K7727c915d9c1: Extracting 1.245 MB/4.277 MB[19B[19A[2K7727c915d9c1: Extracting 1.311 MB/4.277 MB[19B[19A[2K7727c915d9c1: Extracting 1.376 MB/4.277 MB[19B[19A[2K7727c915d9c1: Extracting 1.442 MB/4.277 MB[19B[19A[2K7727c915d9c1: Extracting 1.507 MB/4.277 MB[19B[19A[2K7727c915d9c1: Extracting 1.573 MB/4.277 MB[19B[19A[2K7727c915d9c1: Extracting 1.638 MB/4.277 MB[19B[19A[2K7727c915d9c1: Extracting 1.704 MB/4.277 MB[19B[19A[2K7727c915d9c1: Extracting 1.769 MB/4.277 MB[19B[19A[2K7727c915d9c1: Extracting 1.835 MB/4.277 MB[19B[19A[2K7727c915d9c1: Extracting 1.901 MB/4.277 MB[19B[19A[2K7727c915d9c1: Extracting 1.966 MB/4.277 MB[19B[19A[2K7727c915d9c1: Extracting 2.032 MB/4.277 MB[19B[19A[2K7727c915d9c1: Extracting 2.097 MB/4.277 MB[19B[19A[2K7727c915d9c1: Extracting 2.163 MB/4.277 MB[19B[19A[2K7727c915d9c1: Extracting 2.228 MB/4.277 MB[19B[19A[2K7727c915d9c1: Extracting 2.294 MB/4.277 MB[19B[19A[2K7727c915d9c1: Extracting 2.359 MB/4.277 MB[19B[19A[2K7727c915d9c1: Extracting 2.425 MB/4.277 MB[19B[19A[2K7727c915d9c1: Extracting  2.49 MB/4.277 MB[19B[19A[2K7727c915d9c1: Extracting 2.556 MB/4.277 MB[19B[19A[2K7727c915d9c1: Extracting 2.621 MB/4.277 MB[19B[19A[2K7727c915d9c1: Extracting 2.687 MB/4.277 MB[19B[19A[2K7727c915d9c1: Extracting 2.753 MB/4.277 MB[19B[19A[2K7727c915d9c1: Extracting 2.818 MB/4.277 MB[19B[19A[2K7727c915d9c1: Extracting 2.884 MB/4.277 MB[19B[19A[2K7727c915d9c1: Extracting 2.949 MB/4.277 MB[19B[19A[2K7727c915d9c1: Extracting 3.015 MB/4.277 MB[19B[19A[2K7727c915d9c1: Extracting  3.08 MB/4.277 MB[19B[19A[2K7727c915d9c1: Extracting 3.146 MB/4.277 MB[19B[19A[2K7727c915d9c1: Extracting 3.211 MB/4.277 MB[19B[19A[2K7727c915d9c1: Extracting 3.277 MB/4.277 MB[19B[19A[2K7727c915d9c1: Extracting 3.342 MB/4.277 MB[19B[19A[2K7727c915d9c1: Extracting 3.408 MB/4.277 MB[19B[19A[2K7727c915d9c1: Extracting 3.473 MB/4.277 MB[19B[19A[2K7727c915d9c1: Extracting 3.539 MB/4.277 MB[19B[19A[2K7727c915d9c1: Extracting 3.604 MB/4.277 MB[19B[19A[2K7727c915d9c1: Extracting  3.67 MB/4.277 MB[19B[19A[2K7727c915d9c1: Extracting 3.736 MB/4.277 MB[19B[19A[2K7727c915d9c1: Extracting 3.801 MB/4.277 MB[19B[19A[2K7727c915d9c1: Extracting 3.867 MB/4.277 MB[19B[19A[2K7727c915d9c1: Extracting 3.932 MB/4.277 MB[19B[19A[2K7727c915d9c1: Extracting 3.998 MB/4.277 MB[19B[19A[2K7727c915d9c1: Extracting 4.063 MB/4.277 MB[19B[19A[2K7727c915d9c1: Extracting 4.129 MB/4.277 MB[19B[19A[2K7727c915d9c1: Extracting 4.194 MB/4.277 MB[19B[19A[2K7727c915d9c1: Extracting  4.26 MB/4.277 MB[19B[19A[2K7727c915d9c1: Extracting 4.277 MB/4.277 MB[19B[19A[2K7727c915d9c1: Pull complete [19B[18A[2K90568213fc62: Extracting  98.3 kB/7.461 MB[18B[18A[2K90568213fc62: Extracting 196.6 kB/7.461 MB[18B[18A[2K90568213fc62: Extracting 294.9 kB/7.461 MB[18B[18A[2K90568213fc62: Extracting 393.2 kB/7.461 MB[18B[18A[2K90568213fc62: Extracting 491.5 kB/7.461 MB[18B[18A[2K90568213fc62: Extracting 589.8 kB/7.461 MB[18B[18A[2K90568213fc62: Extracting 688.1 kB/7.461 MB[18B[18A[2K90568213fc62: Extracting 786.4 kB/7.461 MB[18B[18A[2K90568213fc62: Extracting 884.7 kB/7.461 MB[18B[18A[2K90568213fc62: Extracting   983 kB/7.461 MB[18B[18A[2K90568213fc62: Extracting 1.081 MB/7.461 MB[18B[18A[2K90568213fc62: Extracting  1.18 MB/7.461 MB[18B[18A[2K90568213fc62: Extracting 1.278 MB/7.461 MB[18B[18A[2K90568213fc62: Extracting 1.376 MB/7.461 MB[18B[18A[2K90568213fc62: Extracting 1.475 MB/7.461 MB[18B[18A[2K90568213fc62: Extracting 1.573 MB/7.461 MB[18B[18A[2K90568213fc62: Extracting 1.671 MB/7.461 MB[18B[18A[2K90568213fc62: Extracting 1.769 MB/7.461 MB[18B[18A[2K90568213fc62: Extracting 1.868 MB/7.461 MB[18B[18A[2K90568213fc62: Extracting 1.966 MB/7.461 MB[18B[18A[2K90568213fc62: Extracting 2.064 MB/7.461 MB[18B[18A[2K90568213fc62: Extracting 2.163 MB/7.461 MB[18B[18A[2K90568213fc62: Extracting 2.261 MB/7.461 MB[18B[18A[2K90568213fc62: Extracting 2.359 MB/7.461 MB[18B[18A[2K90568213fc62: Extracting 2.458 MB/7.461 MB[18B[18A[2K90568213fc62: Extracting 2.556 MB/7.461 MB[18B[18A[2K90568213fc62: Extracting 2.654 MB/7.461 MB[18B[18A[2K90568213fc62: Extracting 2.753 MB/7.461 MB[18B[18A[2K90568213fc62: Extracting 2.851 MB/7.461 MB[18B[18A[2K90568213fc62: Extracting 2.949 MB/7.461 MB[18B[18A[2K90568213fc62: Extracting 3.047 MB/7.461 MB[18B[18A[2K90568213fc62: Extracting 3.146 MB/7.461 MB[18B[18A[2K90568213fc62: Extracting 3.244 MB/7.461 MB[18B[18A[2K90568213fc62: Extracting 3.342 MB/7.461 MB[18B[18A[2K90568213fc62: Extracting 3.441 MB/7.461 MB[18B[18A[2K90568213fc62: Extracting 3.539 MB/7.461 MB[18B[18A[2K90568213fc62: Extracting 3.637 MB/7.461 MB[18B[18A[2K90568213fc62: Extracting 3.736 MB/7.461 MB[18B[18A[2K90568213fc62: Extracting 3.834 MB/7.461 MB[18B[18A[2K90568213fc62: Extracting 3.932 MB/7.461 MB[18B[18A[2K90568213fc62: Extracting  4.03 MB/7.461 MB[18B[18A[2K90568213fc62: Extracting 4.129 MB/7.461 MB[18B[18A[2K90568213fc62: Extracting 4.227 MB/7.461 MB[18B[18A[2K90568213fc62: Extracting 4.325 MB/7.461 MB[18B[18A[2K90568213fc62: Extracting 4.424 MB/7.461 MB[18B[18A[2K90568213fc62: Extracting 4.522 MB/7.461 MB[18B[18A[2K90568213fc62: Extracting  4.62 MB/7.461 MB[18B[18A[2K90568213fc62: Extracting 4.719 MB/7.461 MB[18B[18A[2K90568213fc62: Extracting 4.817 MB/7.461 MB[18B[18A[2K90568213fc62: Extracting 4.915 MB/7.461 MB[18B[18A[2K90568213fc62: Extracting 5.014 MB/7.461 MB[18B[18A[2K90568213fc62: Extracting 5.112 MB/7.461 MB[18B[18A[2K90568213fc62: Extracting  5.21 MB/7.461 MB[18B[18A[2K90568213fc62: Extracting 5.308 MB/7.461 MB[18B[18A[2K90568213fc62: Extracting 5.407 MB/7.461 MB[18B[18A[2K90568213fc62: Extracting 5.505 MB/7.461 MB[18B[18A[2K90568213fc62: Extracting 5.603 MB/7.461 MB[18B[18A[2K90568213fc62: Extracting 5.702 MB/7.461 MB[18B[18A[2K90568213fc62: Extracting   5.8 MB/7.461 MB[18B[18A[2K90568213fc62: Extracting 5.898 MB/7.461 MB[18B[18A[2K90568213fc62: Extracting 5.997 MB/7.461 MB[18B[18A[2K90568213fc62: Extracting 6.095 MB/7.461 MB[18B[18A[2K90568213fc62: Extracting 6.193 MB/7.461 MB[18B[18A[2K90568213fc62: Extracting 6.291 MB/7.461 MB[18B[18A[2K90568213fc62: Extracting  6.39 MB/7.461 MB[18B[18A[2K90568213fc62: Extracting 6.488 MB/7.461 MB[18B[18A[2K90568213fc62: Extracting 6.586 MB/7.461 MB[18B[18A[2K90568213fc62: Extracting 6.685 MB/7.461 MB[18B[18A[2K90568213fc62: Extracting 6.783 MB/7.461 MB[18B[18A[2K90568213fc62: Extracting 6.881 MB/7.461 MB[18B[18A[2K90568213fc62: Extracting  6.98 MB/7.461 MB[18B[18A[2K90568213fc62: Extracting 7.078 MB/7.461 MB[18B[18A[2K90568213fc62: Extracting 7.176 MB/7.461 MB[18B[18A[2K90568213fc62: Extracting 7.274 MB/7.461 MB[18B[18A[2K90568213fc62: Extracting 7.373 MB/7.461 MB[18B[18A[2K90568213fc62: Extracting 7.461 MB/7.461 MB[18B[18A[2K90568213fc62: Extracting 7.461 MB/7.461 MB[18B[18A[2K90568213fc62: Pull complete [18B[17A[2K7a535b034f68: Extracting 32.77 kB/586.2 kB[17B[17A[2K7a535b034f68: Extracting 65.54 kB/586.2 kB[17B[17A[2K7a535b034f68: Extracting  98.3 kB/586.2 kB[17B[17A[2K7a535b034f68: Extracting 131.1 kB/586.2 kB[17B[17A[2K7a535b034f68: Extracting 163.8 kB/586.2 kB[17B[17A[2K7a535b034f68: Extracting 196.6 kB/586.2 kB[17B[17A[2K7a535b034f68: Extracting 229.4 kB/586.2 kB[17B[17A[2K7a535b034f68: Extracting 262.1 kB/586.2 kB[17B[17A[2K7a535b034f68: Extracting 294.9 kB/586.2 kB[17B[17A[2K7a535b034f68: Extracting 327.7 kB/586.2 kB[17B[17A[2K7a535b034f68: Extracting 360.4 kB/586.2 kB[17B[17A[2K7a535b034f68: Extracting 393.2 kB/586.2 kB[17B[17A[2K7a535b034f68: Extracting   426 kB/586.2 kB[17B[17A[2K7a535b034f68: Extracting 458.8 kB/586.2 kB[17B[17A[2K7a535b034f68: Extracting 491.5 kB/586.2 kB[17B[17A[2K7a535b034f68: Extracting 524.3 kB/586.2 kB[17B[17A[2K7a535b034f68: Extracting 557.1 kB/586.2 kB[17B[17A[2K7a535b034f68: Extracting 586.2 kB/586.2 kB[17B[17A[2K7a535b034f68: Extracting 586.2 kB/586.2 kB[17B[17A[2K7a535b034f68: Pull complete [17B[16A[2Kd5b63d75581f: Extracting 32.77 kB/678.4 kB[16B[16A[2Kd5b63d75581f: Extracting 65.54 kB/678.4 kB[16B[16A[2Kd5b63d75581f: Extracting  98.3 kB/678.4 kB[16B[16A[2Kd5b63d75581f: Extracting 131.1 kB/678.4 kB[16B[16A[2Kd5b63d75581f: Extracting 163.8 kB/678.4 kB[16B[16A[2Kd5b63d75581f: Extracting 196.6 kB/678.4 kB[16B[16A[2Kd5b63d75581f: Extracting 229.4 kB/678.4 kB[16B[16A[2Kd5b63d75581f: Extracting 262.1 kB/678.4 kB[16B[16A[2Kd5b63d75581f: Extracting 294.9 kB/678.4 kB[16B[16A[2Kd5b63d75581f: Extracting 327.7 kB/678.4 kB[16B[16A[2Kd5b63d75581f: Extracting 360.4 kB/678.4 kB[16B[16A[2Kd5b63d75581f: Extracting   426 kB/678.4 kB[16B[16A[2Kd5b63d75581f: Extracting 458.8 kB/678.4 kB[16B[16A[2Kd5b63d75581f: Extracting 491.5 kB/678.4 kB[16B[16A[2Kd5b63d75581f: Extracting 524.3 kB/678.4 kB[16B[16A[2Kd5b63d75581f: Extracting 557.1 kB/678.4 kB[16B[16A[2Kd5b63d75581f: Extracting 589.8 kB/678.4 kB[16B[16A[2Kd5b63d75581f: Extracting 622.6 kB/678.4 kB[16B[16A[2Kd5b63d75581f: Extracting 655.4 kB/678.4 kB[16B[16A[2Kd5b63d75581f: Extracting 678.4 kB/678.4 kB[16B[16A[2Kd5b63d75581f: Extracting 678.4 kB/678.4 kB[16B[16A[2Kd5b63d75581f: Pull complete [16B[15A[2K3fb230caf62f: Extracting 32.77 kB/256.1 kB[15B[15A[2K3fb230caf62f: Extracting 65.54 kB/256.1 kB[15B[15A[2K3fb230caf62f: Extracting  98.3 kB/256.1 kB[15B[15A[2K3fb230caf62f: Extracting 131.1 kB/256.1 kB[15B[15A[2K3fb230caf62f: Extracting 163.8 kB/256.1 kB[15B[15A[2K3fb230caf62f: Extracting 196.6 kB/256.1 kB[15B[15A[2K3fb230caf62f: Extracting 229.4 kB/256.1 kB[15B[15A[2K3fb230caf62f: Extracting 256.1 kB/256.1 kB[15B[15A[2K3fb230caf62f: Extracting 256.1 kB/256.1 kB[15B[15A[2K3fb230caf62f: Pull complete [15B[14A[2Ka6bbf466b069: Extracting 12.29 kB/12.29 kB[14B[14A[2Ka6bbf466b069: Extracting 12.29 kB/12.29 kB[14B[14A[2Ka6bbf466b069: Pull complete [14B[13A[2K10863a77ded9: Extracting    233 B/233 B[13B[13A[2K10863a77ded9: Extracting    233 B/233 B[13B[13A[2K10863a77ded9: Pull complete [13B[12A[2Kfefda30b4d1c: Extracting 229.4 kB/22.02 MB[12B[12A[2Kfefda30b4d1c: Extracting 458.8 kB/22.02 MB[12B[12A[2Kfefda30b4d1c: Extracting 688.1 kB/22.02 MB[12B[12A[2Kfefda30b4d1c: Extracting 917.5 kB/22.02 MB[12B[12A[2Kfefda30b4d1c: Extracting 1.147 MB/22.02 MB[12B[12A[2Kfefda30b4d1c: Extracting 1.376 MB/22.02 MB[12B[12A[2Kfefda30b4d1c: Extracting 1.606 MB/22.02 MB[12B[12A[2Kfefda30b4d1c: Extracting 1.835 MB/22.02 MB[12B[12A[2Kfefda30b4d1c: Extracting 2.064 MB/22.02 MB[12B[12A[2Kfefda30b4d1c: Extracting 2.294 MB/22.02 MB[12B[12A[2Kfefda30b4d1c: Extracting 2.523 MB/22.02 MB[12B[12A[2Kfefda30b4d1c: Extracting 2.753 MB/22.02 MB[12B[12A[2Kfefda30b4d1c: Extracting 2.982 MB/22.02 MB[12B[12A[2Kfefda30b4d1c: Extracting 3.211 MB/22.02 MB[12B[12A[2Kfefda30b4d1c: Extracting 3.441 MB/22.02 MB[12B[12A[2Kfefda30b4d1c: Extracting  3.67 MB/22.02 MB[12B[12A[2Kfefda30b4d1c: Extracting 3.899 MB/22.02 MB[12B[12A[2Kfefda30b4d1c: Extracting 4.129 MB/22.02 MB[12B[12A[2Kfefda30b4d1c: Extracting 4.358 MB/22.02 MB[12B[12A[2Kfefda30b4d1c: Extracting 4.588 MB/22.02 MB[12B[12A[2Kfefda30b4d1c: Extracting 4.817 MB/22.02 MB[12B[12A[2Kfefda30b4d1c: Extracting 5.046 MB/22.02 MB[12B[12A[2Kfefda30b4d1c: Extracting 5.276 MB/22.02 MB[12B[12A[2Kfefda30b4d1c: Extracting 5.505 MB/22.02 MB[12B[12A[2Kfefda30b4d1c: Extracting 5.734 MB/22.02 MB[12B[12A[2Kfefda30b4d1c: Extracting 5.964 MB/22.02 MB[12B[12A[2Kfefda30b4d1c: Extracting 6.193 MB/22.02 MB[12B[12A[2Kfefda30b4d1c: Extracting 6.423 MB/22.02 MB[12B[12A[2Kfefda30b4d1c: Extracting 6.652 MB/22.02 MB[12B[12A[2Kfefda30b4d1c: Extracting 6.881 MB/22.02 MB[12B[12A[2Kfefda30b4d1c: Extracting 7.111 MB/22.02 MB[12B[12A[2Kfefda30b4d1c: Extracting  7.34 MB/22.02 MB[12B[12A[2Kfefda30b4d1c: Extracting 7.569 MB/22.02 MB[12B[12A[2Kfefda30b4d1c: Extracting 7.799 MB/22.02 MB[12B[12A[2Kfefda30b4d1c: Extracting 8.028 MB/22.02 MB[12B[12A[2Kfefda30b4d1c: Extracting 8.258 MB/22.02 MB[12B[12A[2Kfefda30b4d1c: Extracting 8.487 MB/22.02 MB[12B[12A[2Kfefda30b4d1c: Extracting 8.716 MB/22.02 MB[12B[12A[2Kfefda30b4d1c: Extracting 8.946 MB/22.02 MB[12B[12A[2Kfefda30b4d1c: Extracting 9.175 MB/22.02 MB[12B[12A[2Kfefda30b4d1c: Extracting 9.404 MB/22.02 MB[12B[12A[2Kfefda30b4d1c: Extracting 9.634 MB/22.02 MB[12B[12A[2Kfefda30b4d1c: Extracting 9.863 MB/22.02 MB[12B[12A[2Kfefda30b4d1c: Extracting 10.09 MB/22.02 MB[12B[12A[2Kfefda30b4d1c: Extracting 10.32 MB/22.02 MB[12B[12A[2Kfefda30b4d1c: Extracting 10.55 MB/22.02 MB[12B[12A[2Kfefda30b4d1c: Extracting 10.78 MB/22.02 MB[12B[12A[2Kfefda30b4d1c: Extracting 11.01 MB/22.02 MB[12B[12A[2Kfefda30b4d1c: Extracting 11.24 MB/22.02 MB[12B[12A[2Kfefda30b4d1c: Extracting 11.47 MB/22.02 MB[12B[12A[2Kfefda30b4d1c: Extracting  11.7 MB/22.02 MB[12B[12A[2Kfefda30b4d1c: Extracting 11.93 MB/22.02 MB[12B[12A[2Kfefda30b4d1c: Extracting 12.16 MB/22.02 MB[12B[12A[2Kfefda30b4d1c: Extracting 12.39 MB/22.02 MB[12B[12A[2Kfefda30b4d1c: Extracting 12.62 MB/22.02 MB[12B[12A[2Kfefda30b4d1c: Extracting 12.85 MB/22.02 MB[12B[12A[2Kfefda30b4d1c: Extracting 13.07 MB/22.02 MB[12B[12A[2Kfefda30b4d1c: Extracting  13.3 MB/22.02 MB[12B[12A[2Kfefda30b4d1c: Extracting 13.53 MB/22.02 MB[12B[12A[2Kfefda30b4d1c: Extracting 13.76 MB/22.02 MB[12B[12A[2Kfefda30b4d1c: Extracting 13.99 MB/22.02 MB[12B[12A[2Kfefda30b4d1c: Extracting 14.22 MB/22.02 MB[12B[12A[2Kfefda30b4d1c: Extracting 14.45 MB/22.02 MB[12B[12A[2Kfefda30b4d1c: Extracting 14.68 MB/22.02 MB[12B[12A[2Kfefda30b4d1c: Extracting 14.91 MB/22.02 MB[12B[12A[2Kfefda30b4d1c: Extracting 15.14 MB/22.02 MB[12B[12A[2Kfefda30b4d1c: Extracting 15.37 MB/22.02 MB[12B[12A[2Kfefda30b4d1c: Extracting  15.6 MB/22.02 MB[12B[12A[2Kfefda30b4d1c: Extracting 15.83 MB/22.02 MB[12B[12A[2Kfefda30b4d1c: Extracting 16.06 MB/22.02 MB[12B[12A[2Kfefda30b4d1c: Extracting 16.29 MB/22.02 MB[12B[12A[2Kfefda30b4d1c: Extracting 16.52 MB/22.02 MB[12B[12A[2Kfefda30b4d1c: Extracting 16.74 MB/22.02 MB[12B[12A[2Kfefda30b4d1c: Extracting 16.97 MB/22.02 MB[12B[12A[2Kfefda30b4d1c: Extracting  17.2 MB/22.02 MB[12B[12A[2Kfefda30b4d1c: Extracting 17.43 MB/22.02 MB[12B[12A[2Kfefda30b4d1c: Extracting 17.66 MB/22.02 MB[12B[12A[2Kfefda30b4d1c: Extracting 17.89 MB/22.02 MB[12B[12A[2Kfefda30b4d1c: Extracting 18.12 MB/22.02 MB[12B[12A[2Kfefda30b4d1c: Extracting 18.35 MB/22.02 MB[12B[12A[2Kfefda30b4d1c: Extracting 18.58 MB/22.02 MB[12B[12A[2Kfefda30b4d1c: Extracting 18.81 MB/22.02 MB[12B[12A[2Kfefda30b4d1c: Extracting 19.04 MB/22.02 MB[12B[12A[2Kfefda30b4d1c: Extracting 19.27 MB/22.02 MB[12B[12A[2Kfefda30b4d1c: Extracting  19.5 MB/22.02 MB[12B[12A[2Kfefda30b4d1c: Extracting 19.73 MB/22.02 MB[12B[12A[2Kfefda30b4d1c: Extracting 19.96 MB/22.02 MB[12B[12A[2Kfefda30b4d1c: Extracting 20.19 MB/22.02 MB[12B[12A[2Kfefda30b4d1c: Extracting 20.41 MB/22.02 MB[12B[12A[2Kfefda30b4d1c: Extracting 20.64 MB/22.02 MB[12B[12A[2Kfefda30b4d1c: Extracting 20.87 MB/22.02 MB[12B[12A[2Kfefda30b4d1c: Extracting  21.1 MB/22.02 MB[12B[12A[2Kfefda30b4d1c: Extracting 21.33 MB/22.02 MB[12B[12A[2Kfefda30b4d1c: Extracting 21.56 MB/22.02 MB[12B[12A[2Kfefda30b4d1c: Extracting 21.79 MB/22.02 MB[12B[12A[2Kfefda30b4d1c: Extracting 22.02 MB/22.02 MB[12B[12A[2Kfefda30b4d1c: Pull complete [12B[11A[2K513191314116: Extracting 557.1 kB/62.05 MB[11B[11A[2K513191314116: Extracting 1.114 MB/62.05 MB[11B[11A[2K513191314116: Extracting 1.671 MB/62.05 MB[11B[11A[2K513191314116: Extracting 2.228 MB/62.05 MB[11B[11A[2K513191314116: Extracting 2.785 MB/62.05 MB[11B[11A[2K513191314116: Extracting 3.342 MB/62.05 MB[11B[11A[2K513191314116: Extracting 3.899 MB/62.05 MB[11B[11A[2K513191314116: Extracting 4.456 MB/62.05 MB[11B[11A[2K513191314116: Extracting 5.014 MB/62.05 MB[11B[11A[2K513191314116: Extracting 5.571 MB/62.05 MB[11B[11A[2K513191314116: Extracting 6.128 MB/62.05 MB[11B[11A[2K513191314116: Extracting 6.685 MB/62.05 MB[11B[11A[2K513191314116: Extracting 7.242 MB/62.05 MB[11B[11A[2K513191314116: Extracting 7.799 MB/62.05 MB[11B[11A[2K513191314116: Extracting 8.356 MB/62.05 MB[11B[11A[2K513191314116: Extracting 8.913 MB/62.05 MB[11B[11A[2K513191314116: Extracting  9.47 MB/62.05 MB[11B[11A[2K513191314116: Extracting 10.03 MB/62.05 MB[11B[11A[2K513191314116: Extracting 10.58 MB/62.05 MB[11B[11A[2K513191314116: Extracting 11.14 MB/62.05 MB[11B[11A[2K513191314116: Extracting  11.7 MB/62.05 MB[11B[11A[2K513191314116: Extracting 12.26 MB/62.05 MB[11B[11A[2K513191314116: Extracting 12.81 MB/62.05 MB[11B[11A[2K513191314116: Extracting 13.37 MB/62.05 MB[11B[11A[2K513191314116: Extracting 13.93 MB/62.05 MB[11B[11A[2K513191314116: Extracting 14.48 MB/62.05 MB[11B[11A[2K513191314116: Extracting 15.04 MB/62.05 MB[11B[11A[2K513191314116: Extracting  15.6 MB/62.05 MB[11B[11A[2K513191314116: Extracting 16.15 MB/62.05 MB[11B[11A[2K513191314116: Extracting 16.71 MB/62.05 MB[11B[11A[2K513191314116: Extracting 17.27 MB/62.05 MB[11B[11A[2K513191314116: Extracting 17.83 MB/62.05 MB[11B[11A[2K513191314116: Extracting 18.38 MB/62.05 MB[11B[11A[2K513191314116: Extracting 18.94 MB/62.05 MB[11B[11A[2K513191314116: Extracting  19.5 MB/62.05 MB[11B[11A[2K513191314116: Extracting 20.05 MB/62.05 MB[11B[11A[2K513191314116: Extracting 20.61 MB/62.05 MB[11B[11A[2K513191314116: Extracting 21.17 MB/62.05 MB[11B[11A[2K513191314116: Extracting 21.73 MB/62.05 MB[11B[11A[2K513191314116: Extracting 22.28 MB/62.05 MB[11B[11A[2K513191314116: Extracting 22.84 MB/62.05 MB[11B[11A[2K513191314116: Extracting  23.4 MB/62.05 MB[11B[11A[2K513191314116: Extracting 23.95 MB/62.05 MB[11B[11A[2K513191314116: Extracting 24.51 MB/62.05 MB[11B[11A[2K513191314116: Extracting 25.07 MB/62.05 MB[11B[11A[2K513191314116: Extracting 25.62 MB/62.05 MB[11B[11A[2K513191314116: Extracting 26.18 MB/62.05 MB[11B[11A[2K513191314116: Extracting 26.74 MB/62.05 MB[11B[11A[2K513191314116: Extracting  27.3 MB/62.05 MB[11B[11A[2K513191314116: Extracting 27.85 MB/62.05 MB[11B[11A[2K513191314116: Extracting 28.41 MB/62.05 MB[11B[11A[2K513191314116: Extracting 28.97 MB/62.05 MB[11B[11A[2K513191314116: Extracting 29.52 MB/62.05 MB[11B[11A[2K513191314116: Extracting 30.08 MB/62.05 MB[11B[11A[2K513191314116: Extracting 30.64 MB/62.05 MB[11B[11A[2K513191314116: Extracting  31.2 MB/62.05 MB[11B[11A[2K513191314116: Extracting 31.75 MB/62.05 MB[11B[11A[2K513191314116: Extracting 32.31 MB/62.05 MB[11B[11A[2K513191314116: Extracting 32.87 MB/62.05 MB[11B[11A[2K513191314116: Extracting 33.42 MB/62.05 MB[11B[11A[2K513191314116: Extracting 33.98 MB/62.05 MB[11B[11A[2K513191314116: Extracting 34.54 MB/62.05 MB[11B[11A[2K513191314116: Extracting 35.09 MB/62.05 MB[11B[11A[2K513191314116: Extracting 35.65 MB/62.05 MB[11B[11A[2K513191314116: Extracting 36.21 MB/62.05 MB[11B[11A[2K513191314116: Extracting 36.77 MB/62.05 MB[11B[11A[2K513191314116: Extracting 37.32 MB/62.05 MB[11B[11A[2K513191314116: Extracting 37.88 MB/62.05 MB[11B[11A[2K513191314116: Extracting 38.44 MB/62.05 MB[11B[11A[2K513191314116: Extracting 38.99 MB/62.05 MB[11B[11A[2K513191314116: Extracting 39.55 MB/62.05 MB[11B[11A[2K513191314116: Extracting 40.11 MB/62.05 MB[11B[11A[2K513191314116: Extracting 40.67 MB/62.05 MB[11B[11A[2K513191314116: Extracting 41.22 MB/62.05 MB[11B[11A[2K513191314116: Extracting 41.78 MB/62.05 MB[11B[11A[2K513191314116: Extracting 42.34 MB/62.05 MB[11B[11A[2K513191314116: Extracting 42.89 MB/62.05 MB[11B[11A[2K513191314116: Extracting 43.45 MB/62.05 MB[11B[11A[2K513191314116: Extracting 44.01 MB/62.05 MB[11B[11A[2K513191314116: Extracting 44.56 MB/62.05 MB[11B[11A[2K513191314116: Extracting 45.12 MB/62.05 MB[11B[11A[2K513191314116: Extracting 45.68 MB/62.05 MB[11B[11A[2K513191314116: Extracting 46.24 MB/62.05 MB[11B[11A[2K513191314116: Extracting 46.79 MB/62.05 MB[11B[11A[2K513191314116: Extracting 47.35 MB/62.05 MB[11B[11A[2K513191314116: Extracting 47.91 MB/62.05 MB[11B[11A[2K513191314116: Extracting 48.46 MB/62.05 MB[11B[11A[2K513191314116: Extracting 49.02 MB/62.05 MB[11B[11A[2K513191314116: Extracting 49.58 MB/62.05 MB[11B[11A[2K513191314116: Extracting 50.14 MB/62.05 MB[11B[11A[2K513191314116: Extracting 50.69 MB/62.05 MB[11B[11A[2K513191314116: Extracting 51.25 MB/62.05 MB[11B[11A[2K513191314116: Extracting 51.81 MB/62.05 MB[11B[11A[2K513191314116: Extracting 52.36 MB/62.05 MB[11B[11A[2K513191314116: Extracting 52.92 MB/62.05 MB[11B[11A[2K513191314116: Extracting 53.48 MB/62.05 MB[11B[11A[2K513191314116: Extracting 54.03 MB/62.05 MB[11B[11A[2K513191314116: Extracting 54.59 MB/62.05 MB[11B[11A[2K513191314116: Extracting 55.15 MB/62.05 MB[11B[11A[2K513191314116: Extracting 55.71 MB/62.05 MB[11B[11A[2K513191314116: Extracting 56.26 MB/62.05 MB[11B[11A[2K513191314116: Extracting 56.82 MB/62.05 MB[11B[11A[2K513191314116: Extracting 57.38 MB/62.05 MB[11B[11A[2K513191314116: Extracting 57.93 MB/62.05 MB[11B[11A[2K513191314116: Extracting 58.49 MB/62.05 MB[11B[11A[2K513191314116: Extracting 59.05 MB/62.05 MB[11B[11A[2K513191314116: Extracting  59.6 MB/62.05 MB[11B[11A[2K513191314116: Extracting 60.16 MB/62.05 MB[11B[11A[2K513191314116: Extracting 60.72 MB/62.05 MB[11B[11A[2K513191314116: Extracting 61.28 MB/62.05 MB[11B[11A[2K513191314116: Extracting 61.83 MB/62.05 MB[11B[11A[2K513191314116: Extracting 62.05 MB/62.05 MB[11B[11A[2K513191314116: Pull complete [11B[10A[2K97e448a7f49e: Extracting 15.03 kB/15.03 kB[10B[10A[2K97e448a7f49e: Extracting 15.03 kB/15.03 kB[10B[10A[2K97e448a7f49e: Pull complete [10B[9A[2Kc90be48bcf02: Extracting    230 B/230 B[9B[9A[2Kc90be48bcf02: Extracting    230 B/230 B[9B[9A[2Kc90be48bcf02: Pull complete [9B[8A[2K1891b109462d: Extracting    236 B/236 B[8B[8A[2K1891b109462d: Extracting    236 B/236 B[8B[8A[2K1891b109462d: Pull complete [8B[7A[2Kece3d7190d9d: Extracting 229.4 kB/22.02 MB[7B[7A[2Kece3d7190d9d: Extracting 458.8 kB/22.02 MB[7B[7A[2Kece3d7190d9d: Extracting 688.1 kB/22.02 MB[7B[7A[2Kece3d7190d9d: Extracting 917.5 kB/22.02 MB[7B[7A[2Kece3d7190d9d: Extracting 1.147 MB/22.02 MB[7B[7A[2Kece3d7190d9d: Extracting 1.376 MB/22.02 MB[7B[7A[2Kece3d7190d9d: Extracting 1.606 MB/22.02 MB[7B[7A[2Kece3d7190d9d: Extracting 1.835 MB/22.02 MB[7B[7A[2Kece3d7190d9d: Extracting 2.064 MB/22.02 MB[7B[7A[2Kece3d7190d9d: Extracting 2.294 MB/22.02 MB[7B[7A[2Kece3d7190d9d: Extracting 2.523 MB/22.02 MB[7B[7A[2Kece3d7190d9d: Extracting 2.753 MB/22.02 MB[7B[7A[2Kece3d7190d9d: Extracting 2.982 MB/22.02 MB[7B[7A[2Kece3d7190d9d: Extracting 3.211 MB/22.02 MB[7B[7A[2Kece3d7190d9d: Extracting 3.441 MB/22.02 MB[7B[7A[2Kece3d7190d9d: Extracting  3.67 MB/22.02 MB[7B[7A[2Kece3d7190d9d: Extracting 3.899 MB/22.02 MB[7B[7A[2Kece3d7190d9d: Extracting 4.129 MB/22.02 MB[7B[7A[2Kece3d7190d9d: Extracting 4.358 MB/22.02 MB[7B[7A[2Kece3d7190d9d: Extracting 4.588 MB/22.02 MB[7B[7A[2Kece3d7190d9d: Extracting 4.817 MB/22.02 MB[7B[7A[2Kece3d7190d9d: Extracting 5.046 MB/22.02 MB[7B[7A[2Kece3d7190d9d: Extracting 5.276 MB/22.02 MB[7B[7A[2Kece3d7190d9d: Extracting 5.505 MB/22.02 MB[7B[7A[2Kece3d7190d9d: Extracting 5.734 MB/22.02 MB[7B[7A[2Kece3d7190d9d: Extracting 5.964 MB/22.02 MB[7B[7A[2Kece3d7190d9d: Extracting 6.193 MB/22.02 MB[7B[7A[2Kece3d7190d9d: Extracting 6.423 MB/22.02 MB[7B[7A[2Kece3d7190d9d: Extracting 6.652 MB/22.02 MB[7B[7A[2Kece3d7190d9d: Extracting 6.881 MB/22.02 MB[7B[7A[2Kece3d7190d9d: Extracting 7.111 MB/22.02 MB[7B[7A[2Kece3d7190d9d: Extracting  7.34 MB/22.02 MB[7B[7A[2Kece3d7190d9d: Extracting 7.569 MB/22.02 MB[7B[7A[2Kece3d7190d9d: Extracting 7.799 MB/22.02 MB[7B[7A[2Kece3d7190d9d: Extracting 8.028 MB/22.02 MB[7B[7A[2Kece3d7190d9d: Extracting 8.258 MB/22.02 MB[7B[7A[2Kece3d7190d9d: Extracting 8.487 MB/22.02 MB[7B[7A[2Kece3d7190d9d: Extracting 8.716 MB/22.02 MB[7B[7A[2Kece3d7190d9d: Extracting 8.946 MB/22.02 MB[7B[7A[2Kece3d7190d9d: Extracting 9.175 MB/22.02 MB[7B[7A[2Kece3d7190d9d: Extracting 9.404 MB/22.02 MB[7B[7A[2Kece3d7190d9d: Extracting 9.634 MB/22.02 MB[7B[7A[2Kece3d7190d9d: Extracting 9.863 MB/22.02 MB[7B[7A[2Kece3d7190d9d: Extracting 10.09 MB/22.02 MB[7B[7A[2Kece3d7190d9d: Extracting 10.32 MB/22.02 MB[7B[7A[2Kece3d7190d9d: Extracting 10.55 MB/22.02 MB[7B[7A[2Kece3d7190d9d: Extracting 10.78 MB/22.02 MB[7B[7A[2Kece3d7190d9d: Extracting 11.01 MB/22.02 MB[7B[7A[2Kece3d7190d9d: Extracting 11.24 MB/22.02 MB[7B[7A[2Kece3d7190d9d: Extracting 11.47 MB/22.02 MB[7B[7A[2Kece3d7190d9d: Extracting  11.7 MB/22.02 MB[7B[7A[2Kece3d7190d9d: Extracting 11.93 MB/22.02 MB[7B[7A[2Kece3d7190d9d: Extracting 12.16 MB/22.02 MB[7B[7A[2Kece3d7190d9d: Extracting 12.39 MB/22.02 MB[7B[7A[2Kece3d7190d9d: Extracting 12.62 MB/22.02 MB[7B[7A[2Kece3d7190d9d: Extracting 12.85 MB/22.02 MB[7B[7A[2Kece3d7190d9d: Extracting 13.07 MB/22.02 MB[7B[7A[2Kece3d7190d9d: Extracting  13.3 MB/22.02 MB[7B[7A[2Kece3d7190d9d: Extracting 13.53 MB/22.02 MB[7B[7A[2Kece3d7190d9d: Extracting 13.76 MB/22.02 MB[7B[7A[2Kece3d7190d9d: Extracting 13.99 MB/22.02 MB[7B[7A[2Kece3d7190d9d: Extracting 14.22 MB/22.02 MB[7B[7A[2Kece3d7190d9d: Extracting 14.45 MB/22.02 MB[7B[7A[2Kece3d7190d9d: Extracting 14.68 MB/22.02 MB[7B[7A[2Kece3d7190d9d: Extracting 14.91 MB/22.02 MB[7B[7A[2Kece3d7190d9d: Extracting 15.14 MB/22.02 MB[7B[7A[2Kece3d7190d9d: Extracting 15.37 MB/22.02 MB[7B[7A[2Kece3d7190d9d: Extracting  15.6 MB/22.02 MB[7B[7A[2Kece3d7190d9d: Extracting 15.83 MB/22.02 MB[7B[7A[2Kece3d7190d9d: Extracting 16.06 MB/22.02 MB[7B[7A[2Kece3d7190d9d: Extracting 16.29 MB/22.02 MB[7B[7A[2Kece3d7190d9d: Extracting 16.52 MB/22.02 MB[7B[7A[2Kece3d7190d9d: Extracting 16.74 MB/22.02 MB[7B[7A[2Kece3d7190d9d: Extracting 16.97 MB/22.02 MB[7B[7A[2Kece3d7190d9d: Extracting  17.2 MB/22.02 MB[7B[7A[2Kece3d7190d9d: Extracting 17.43 MB/22.02 MB[7B[7A[2Kece3d7190d9d: Extracting 17.66 MB/22.02 MB[7B[7A[2Kece3d7190d9d: Extracting 17.89 MB/22.02 MB[7B[7A[2Kece3d7190d9d: Extracting 18.12 MB/22.02 MB[7B[7A[2Kece3d7190d9d: Extracting 18.35 MB/22.02 MB[7B[7A[2Kece3d7190d9d: Extracting 18.58 MB/22.02 MB[7B[7A[2Kece3d7190d9d: Extracting 18.81 MB/22.02 MB[7B[7A[2Kece3d7190d9d: Extracting 19.04 MB/22.02 MB[7B[7A[2Kece3d7190d9d: Extracting 19.27 MB/22.02 MB[7B[7A[2Kece3d7190d9d: Extracting  19.5 MB/22.02 MB[7B[7A[2Kece3d7190d9d: Extracting 19.73 MB/22.02 MB[7B[7A[2Kece3d7190d9d: Extracting 19.96 MB/22.02 MB[7B[7A[2Kece3d7190d9d: Extracting 20.19 MB/22.02 MB[7B[7A[2Kece3d7190d9d: Extracting 20.41 MB/22.02 MB[7B[7A[2Kece3d7190d9d: Extracting 20.64 MB/22.02 MB[7B[7A[2Kece3d7190d9d: Extracting 20.87 MB/22.02 MB[7B[7A[2Kece3d7190d9d: Extracting  21.1 MB/22.02 MB[7B[7A[2Kece3d7190d9d: Extracting 21.33 MB/22.02 MB[7B[7A[2Kece3d7190d9d: Extracting 21.56 MB/22.02 MB[7B[7A[2Kece3d7190d9d: Extracting 21.79 MB/22.02 MB[7B[7A[2Kece3d7190d9d: Extracting 22.02 MB/22.02 MB[7B[7A[2Kece3d7190d9d: Extracting 22.02 MB/22.02 MB[7B[7A[2Kece3d7190d9d: Pull complete [7B[6A[2K962287d0bfa5: Extracting 557.1 kB/67.66 MB[6B[6A[2K962287d0bfa5: Extracting 1.114 MB/67.66 MB[6B[6A[2K962287d0bfa5: Extracting 1.671 MB/67.66 MB[6B[6A[2K962287d0bfa5: Extracting 2.228 MB/67.66 MB[6B[6A[2K962287d0bfa5: Extracting 2.785 MB/67.66 MB[6B[6A[2K962287d0bfa5: Extracting 3.342 MB/67.66 MB[6B[6A[2K962287d0bfa5: Extracting 3.899 MB/67.66 MB[6B[6A[2K962287d0bfa5: Extracting 4.456 MB/67.66 MB[6B[6A[2K962287d0bfa5: Extracting 5.014 MB/67.66 MB[6B[6A[2K962287d0bfa5: Extracting 5.571 MB/67.66 MB[6B[6A[2K962287d0bfa5: Extracting 6.128 MB/67.66 MB[6B[6A[2K962287d0bfa5: Extracting 6.685 MB/67.66 MB[6B[6A[2K962287d0bfa5: Extracting 7.242 MB/67.66 MB[6B[6A[2K962287d0bfa5: Extracting 7.799 MB/67.66 MB[6B[6A[2K962287d0bfa5: Extracting 8.356 MB/67.66 MB[6B[6A[2K962287d0bfa5: Extracting 8.913 MB/67.66 MB[6B[6A[2K962287d0bfa5: Extracting  9.47 MB/67.66 MB[6B[6A[2K962287d0bfa5: Extracting 10.03 MB/67.66 MB[6B[6A[2K962287d0bfa5: Extracting 10.58 MB/67.66 MB[6B[6A[2K962287d0bfa5: Extracting 11.14 MB/67.66 MB[6B[6A[2K962287d0bfa5: Extracting  11.7 MB/67.66 MB[6B[6A[2K962287d0bfa5: Extracting 12.26 MB/67.66 MB[6B[6A[2K962287d0bfa5: Extracting 12.81 MB/67.66 MB[6B[6A[2K962287d0bfa5: Extracting 13.37 MB/67.66 MB[6B[6A[2K962287d0bfa5: Extracting 13.93 MB/67.66 MB[6B[6A[2K962287d0bfa5: Extracting 14.48 MB/67.66 MB[6B[6A[2K962287d0bfa5: Extracting 15.04 MB/67.66 MB[6B[6A[2K962287d0bfa5: Extracting  15.6 MB/67.66 MB[6B[6A[2K962287d0bfa5: Extracting 16.15 MB/67.66 MB[6B[6A[2K962287d0bfa5: Extracting 16.71 MB/67.66 MB[6B[6A[2K962287d0bfa5: Extracting 17.27 MB/67.66 MB[6B[6A[2K962287d0bfa5: Extracting 17.83 MB/67.66 MB[6B[6A[2K962287d0bfa5: Extracting 18.38 MB/67.66 MB[6B[6A[2K962287d0bfa5: Extracting 18.94 MB/67.66 MB[6B[6A[2K962287d0bfa5: Extracting  19.5 MB/67.66 MB[6B[6A[2K962287d0bfa5: Extracting 20.05 MB/67.66 MB[6B[6A[2K962287d0bfa5: Extracting 20.61 MB/67.66 MB[6B[6A[2K962287d0bfa5: Extracting 21.17 MB/67.66 MB[6B[6A[2K962287d0bfa5: Extracting 21.73 MB/67.66 MB[6B[6A[2K962287d0bfa5: Extracting 22.28 MB/67.66 MB[6B[6A[2K962287d0bfa5: Extracting 22.84 MB/67.66 MB[6B[6A[2K962287d0bfa5: Extracting  23.4 MB/67.66 MB[6B[6A[2K962287d0bfa5: Extracting 23.95 MB/67.66 MB[6B[6A[2K962287d0bfa5: Extracting 24.51 MB/67.66 MB[6B[6A[2K962287d0bfa5: Extracting 25.07 MB/67.66 MB[6B[6A[2K962287d0bfa5: Extracting 25.62 MB/67.66 MB[6B[6A[2K962287d0bfa5: Extracting 26.18 MB/67.66 MB[6B[6A[2K962287d0bfa5: Extracting 26.74 MB/67.66 MB[6B[6A[2K962287d0bfa5: Extracting  27.3 MB/67.66 MB[6B[6A[2K962287d0bfa5: Extracting 27.85 MB/67.66 MB[6B[6A[2K962287d0bfa5: Extracting 28.41 MB/67.66 MB[6B[6A[2K962287d0bfa5: Extracting 28.97 MB/67.66 MB[6B[6A[2K962287d0bfa5: Extracting 29.52 MB/67.66 MB[6B[6A[2K962287d0bfa5: Extracting 30.08 MB/67.66 MB[6B[6A[2K962287d0bfa5: Extracting 30.64 MB/67.66 MB[6B[6A[2K962287d0bfa5: Extracting  31.2 MB/67.66 MB[6B[6A[2K962287d0bfa5: Extracting 31.75 MB/67.66 MB[6B[6A[2K962287d0bfa5: Extracting 32.31 MB/67.66 MB[6B[6A[2K962287d0bfa5: Extracting 32.87 MB/67.66 MB[6B[6A[2K962287d0bfa5: Extracting 33.42 MB/67.66 MB[6B[6A[2K962287d0bfa5: Extracting 33.98 MB/67.66 MB[6B[6A[2K962287d0bfa5: Extracting 34.54 MB/67.66 MB[6B[6A[2K962287d0bfa5: Extracting 35.09 MB/67.66 MB[6B[6A[2K962287d0bfa5: Extracting 35.65 MB/67.66 MB[6B[6A[2K962287d0bfa5: Extracting 36.21 MB/67.66 MB[6B[6A[2K962287d0bfa5: Extracting 36.77 MB/67.66 MB[6B[6A[2K962287d0bfa5: Extracting 37.32 MB/67.66 MB[6B[6A[2K962287d0bfa5: Extracting 37.88 MB/67.66 MB[6B[6A[2K962287d0bfa5: Extracting 38.44 MB/67.66 MB[6B[6A[2K962287d0bfa5: Extracting 38.99 MB/67.66 MB[6B[6A[2K962287d0bfa5: Extracting 39.55 MB/67.66 MB[6B[6A[2K962287d0bfa5: Extracting 40.11 MB/67.66 MB[6B[6A[2K962287d0bfa5: Extracting 40.67 MB/67.66 MB[6B[6A[2K962287d0bfa5: Extracting 41.22 MB/67.66 MB[6B[6A[2K962287d0bfa5: Extracting 41.78 MB/67.66 MB[6B[6A[2K962287d0bfa5: Extracting 42.34 MB/67.66 MB[6B[6A[2K962287d0bfa5: Extracting 42.89 MB/67.66 MB[6B[6A[2K962287d0bfa5: Extracting 43.45 MB/67.66 MB[6B[6A[2K962287d0bfa5: Extracting 44.01 MB/67.66 MB[6B[6A[2K962287d0bfa5: Extracting 44.56 MB/67.66 MB[6B[6A[2K962287d0bfa5: Extracting 45.12 MB/67.66 MB[6B[6A[2K962287d0bfa5: Extracting 45.68 MB/67.66 MB[6B[6A[2K962287d0bfa5: Extracting 46.24 MB/67.66 MB[6B[6A[2K962287d0bfa5: Extracting 46.79 MB/67.66 MB[6B[6A[2K962287d0bfa5: Extracting 47.35 MB/67.66 MB[6B[6A[2K962287d0bfa5: Extracting 47.91 MB/67.66 MB[6B[6A[2K962287d0bfa5: Extracting 48.46 MB/67.66 MB[6B[6A[2K962287d0bfa5: Extracting 49.02 MB/67.66 MB[6B[6A[2K962287d0bfa5: Extracting 49.58 MB/67.66 MB[6B[6A[2K962287d0bfa5: Extracting 50.14 MB/67.66 MB[6B[6A[2K962287d0bfa5: Extracting 50.69 MB/67.66 MB[6B[6A[2K962287d0bfa5: Extracting 51.25 MB/67.66 MB[6B[6A[2K962287d0bfa5: Extracting 51.81 MB/67.66 MB[6B[6A[2K962287d0bfa5: Extracting 52.36 MB/67.66 MB[6B[6A[2K962287d0bfa5: Extracting 52.92 MB/67.66 MB[6B[6A[2K962287d0bfa5: Extracting 53.48 MB/67.66 MB[6B[6A[2K962287d0bfa5: Extracting 54.03 MB/67.66 MB[6B[6A[2K962287d0bfa5: Extracting 54.59 MB/67.66 MB[6B[6A[2K962287d0bfa5: Extracting 55.15 MB/67.66 MB[6B[6A[2K962287d0bfa5: Extracting 55.71 MB/67.66 MB[6B[6A[2K962287d0bfa5: Extracting 56.26 MB/67.66 MB[6B[6A[2K962287d0bfa5: Extracting 56.82 MB/67.66 MB[6B[6A[2K962287d0bfa5: Extracting 57.38 MB/67.66 MB[6B[6A[2K962287d0bfa5: Extracting 57.93 MB/67.66 MB[6B[6A[2K962287d0bfa5: Extracting 58.49 MB/67.66 MB[6B[6A[2K962287d0bfa5: Extracting 59.05 MB/67.66 MB[6B[6A[2K962287d0bfa5: Extracting  59.6 MB/67.66 MB[6B[6A[2K962287d0bfa5: Extracting 60.16 MB/67.66 MB[6B[6A[2K962287d0bfa5: Extracting 60.72 MB/67.66 MB[6B[6A[2K962287d0bfa5: Extracting 61.28 MB/67.66 MB[6B[6A[2K962287d0bfa5: Extracting 61.83 MB/67.66 MB[6B[6A[2K962287d0bfa5: Extracting 62.39 MB/67.66 MB[6B[6A[2K962287d0bfa5: Extracting 62.95 MB/67.66 MB[6B[6A[2K962287d0bfa5: Extracting  63.5 MB/67.66 MB[6B[6A[2K962287d0bfa5: Extracting 64.06 MB/67.66 MB[6B[6A[2K962287d0bfa5: Extracting 64.62 MB/67.66 MB[6B[6A[2K962287d0bfa5: Extracting 65.18 MB/67.66 MB[6B[6A[2K962287d0bfa5: Extracting 65.73 MB/67.66 MB[6B[6A[2K962287d0bfa5: Extracting 66.29 MB/67.66 MB[6B[6A[2K962287d0bfa5: Extracting 66.85 MB/67.66 MB[6B[6A[2K962287d0bfa5: Extracting  67.4 MB/67.66 MB[6B[6A[2K962287d0bfa5: Extracting 67.66 MB/67.66 MB[6B[6A[2K962287d0bfa5: Pull complete [6B[5A[2Ke9a2f9acdb7c: Extracting 65.54 kB/3.322 MB[5B[5A[2Ke9a2f9acdb7c: Extracting 131.1 kB/3.322 MB[5B[5A[2Ke9a2f9acdb7c: Extracting 196.6 kB/3.322 MB[5B[5A[2Ke9a2f9acdb7c: Extracting 262.1 kB/3.322 MB[5B[5A[2Ke9a2f9acdb7c: Extracting 327.7 kB/3.322 MB[5B[5A[2Ke9a2f9acdb7c: Extracting 393.2 kB/3.322 MB[5B[5A[2Ke9a2f9acdb7c: Extracting 458.8 kB/3.322 MB[5B[5A[2Ke9a2f9acdb7c: Extracting 524.3 kB/3.322 MB[5B[5A[2Ke9a2f9acdb7c: Extracting 589.8 kB/3.322 MB[5B[5A[2Ke9a2f9acdb7c: Extracting 655.4 kB/3.322 MB[5B[5A[2Ke9a2f9acdb7c: Extracting 720.9 kB/3.322 MB[5B[5A[2Ke9a2f9acdb7c: Extracting 786.4 kB/3.322 MB[5B[5A[2Ke9a2f9acdb7c: Extracting   852 kB/3.322 MB[5B[5A[2Ke9a2f9acdb7c: Extracting 917.5 kB/3.322 MB[5B[5A[2Ke9a2f9acdb7c: Extracting   983 kB/3.322 MB[5B[5A[2Ke9a2f9acdb7c: Extracting 1.049 MB/3.322 MB[5B[5A[2Ke9a2f9acdb7c: Extracting 1.114 MB/3.322 MB[5B[5A[2Ke9a2f9acdb7c: Extracting  1.18 MB/3.322 MB[5B[5A[2Ke9a2f9acdb7c: Extracting 1.245 MB/3.322 MB[5B[5A[2Ke9a2f9acdb7c: Extracting 1.311 MB/3.322 MB[5B[5A[2Ke9a2f9acdb7c: Extracting 1.376 MB/3.322 MB[5B[5A[2Ke9a2f9acdb7c: Extracting 1.442 MB/3.322 MB[5B[5A[2Ke9a2f9acdb7c: Extracting 1.507 MB/3.322 MB[5B[5A[2Ke9a2f9acdb7c: Extracting 1.573 MB/3.322 MB[5B[5A[2Ke9a2f9acdb7c: Extracting 1.638 MB/3.322 MB[5B[5A[2Ke9a2f9acdb7c: Extracting 1.704 MB/3.322 MB[5B[5A[2Ke9a2f9acdb7c: Extracting 1.769 MB/3.322 MB[5B[5A[2Ke9a2f9acdb7c: Extracting 1.835 MB/3.322 MB[5B[5A[2Ke9a2f9acdb7c: Extracting 1.901 MB/3.322 MB[5B[5A[2Ke9a2f9acdb7c: Extracting 1.966 MB/3.322 MB[5B[5A[2Ke9a2f9acdb7c: Extracting 2.032 MB/3.322 MB[5B[5A[2Ke9a2f9acdb7c: Extracting 2.097 MB/3.322 MB[5B[5A[2Ke9a2f9acdb7c: Extracting 2.163 MB/3.322 MB[5B[5A[2Ke9a2f9acdb7c: Extracting 2.228 MB/3.322 MB[5B[5A[2Ke9a2f9acdb7c: Extracting 2.294 MB/3.322 MB[5B[5A[2Ke9a2f9acdb7c: Extracting 2.359 MB/3.322 MB[5B[5A[2Ke9a2f9acdb7c: Extracting 2.425 MB/3.322 MB[5B[5A[2Ke9a2f9acdb7c: Extracting  2.49 MB/3.322 MB[5B[5A[2Ke9a2f9acdb7c: Extracting 2.556 MB/3.322 MB[5B[5A[2Ke9a2f9acdb7c: Extracting 2.621 MB/3.322 MB[5B[5A[2Ke9a2f9acdb7c: Extracting 2.687 MB/3.322 MB[5B[5A[2Ke9a2f9acdb7c: Extracting 2.753 MB/3.322 MB[5B[5A[2Ke9a2f9acdb7c: Extracting 2.818 MB/3.322 MB[5B[5A[2Ke9a2f9acdb7c: Extracting 2.884 MB/3.322 MB[5B[5A[2Ke9a2f9acdb7c: Extracting 2.949 MB/3.322 MB[5B[5A[2Ke9a2f9acdb7c: Extracting 3.015 MB/3.322 MB[5B[5A[2Ke9a2f9acdb7c: Extracting  3.08 MB/3.322 MB[5B[5A[2Ke9a2f9acdb7c: Extracting 3.146 MB/3.322 MB[5B[5A[2Ke9a2f9acdb7c: Extracting 3.211 MB/3.322 MB[5B[5A[2Ke9a2f9acdb7c: Extracting 3.277 MB/3.322 MB[5B[5A[2Ke9a2f9acdb7c: Extracting 3.322 MB/3.322 MB[5B[5A[2Ke9a2f9acdb7c: Extracting 3.322 MB/3.322 MB[5B[5A[2Ke9a2f9acdb7c: Pull complete [5B[4A[2K99be4fab501b: Extracting 32.77 kB/1.091 MB[4B[4A[2K99be4fab501b: Extracting 65.54 kB/1.091 MB[4B[4A[2K99be4fab501b: Extracting  98.3 kB/1.091 MB[4B[4A[2K99be4fab501b: Extracting 163.8 kB/1.091 MB[4B[4A[2K99be4fab501b: Extracting 196.6 kB/1.091 MB[4B[4A[2K99be4fab501b: Extracting 229.4 kB/1.091 MB[4B[4A[2K99be4fab501b: Extracting 262.1 kB/1.091 MB[4B[4A[2K99be4fab501b: Extracting 294.9 kB/1.091 MB[4B[4A[2K99be4fab501b: Extracting 327.7 kB/1.091 MB[4B[4A[2K99be4fab501b: Extracting 360.4 kB/1.091 MB[4B[4A[2K99be4fab501b: Extracting 393.2 kB/1.091 MB[4B[4A[2K99be4fab501b: Extracting   426 kB/1.091 MB[4B[4A[2K99be4fab501b: Extracting 458.8 kB/1.091 MB[4B[4A[2K99be4fab501b: Extracting 491.5 kB/1.091 MB[4B[4A[2K99be4fab501b: Extracting 524.3 kB/1.091 MB[4B[4A[2K99be4fab501b: Extracting 557.1 kB/1.091 MB[4B[4A[2K99be4fab501b: Extracting 589.8 kB/1.091 MB[4B[4A[2K99be4fab501b: Extracting 622.6 kB/1.091 MB[4B[4A[2K99be4fab501b: Extracting 655.4 kB/1.091 MB[4B[4A[2K99be4fab501b: Extracting 688.1 kB/1.091 MB[4B[4A[2K99be4fab501b: Extracting 720.9 kB/1.091 MB[4B[4A[2K99be4fab501b: Extracting 753.7 kB/1.091 MB[4B[4A[2K99be4fab501b: Extracting 786.4 kB/1.091 MB[4B[4A[2K99be4fab501b: Extracting 819.2 kB/1.091 MB[4B[4A[2K99be4fab501b: Extracting   852 kB/1.091 MB[4B[4A[2K99be4fab501b: Extracting 884.7 kB/1.091 MB[4B[4A[2K99be4fab501b: Extracting 917.5 kB/1.091 MB[4B[4A[2K99be4fab501b: Extracting 950.3 kB/1.091 MB[4B[4A[2K99be4fab501b: Extracting   983 kB/1.091 MB[4B[4A[2K99be4fab501b: Extracting 1.016 MB/1.091 MB[4B[4A[2K99be4fab501b: Extracting 1.049 MB/1.091 MB[4B[4A[2K99be4fab501b: Extracting 1.081 MB/1.091 MB[4B[4A[2K99be4fab501b: Extracting 1.091 MB/1.091 MB[4B[4A[2K99be4fab501b: Pull complete [4B[3A[2K2562c30873a1: Extracting 1.022 kB/1.022 kB[3B[3A[2K2562c30873a1: Extracting 1.022 kB/1.022 kB[3B[3A[2K2562c30873a1: Pull complete [3B[2A[2K28c74732c2be: Extracting 1.022 kB/1.022 kB[2B[2A[2K28c74732c2be: Extracting 1.022 kB/1.022 kB[2B[2A[2K28c74732c2be: Pull complete [2B[1A[2K6c6237180dc8: Extracting    134 B/134 B[1B[1A[2K6c6237180dc8: Extracting    134 B/134 B[1B[1A[2K6c6237180dc8: Pull complete [1BDigest: sha256:50959caafc90dd0452214e19ee03a3a533eba3af685ee74e2ff46a6148b34d6c
Status: Downloaded newer image for basho/riak-ts:latest
a4d15eae89c15b13490f6120803dd44679cc9c774aff4b3a83f4b132867a751a

travis_time:end:1dca3a20:start=1472677078719230995,finish=1472677100799986759,duration=22080755764[0Ktravis_fold:end:before_script.1[0Ktravis_fold:start:before_script.2[0Ktravis_time:start:040d525a[0K$ docker exec $RIAK_FLAVOR riak-admin wait-for-service riak_kv
Node 'riak@172.17.0.2' not responding to pings.
Node 'riak@172.17.0.2' not responding to pings.
riak_kv is not up: 
riak_kv is not up: []
riak_kv is not up: []
riak_kv is not up: []
riak_kv is up

travis_time:end:040d525a:start=1472677100806830952,finish=1472677117830689538,duration=17023858586[0Ktravis_fold:end:before_script.2[0Ktravis_fold:start:before_script.3[0Ktravis_time:start:004f2270[0K$ tools/devrel/riak-cluster-config "docker exec $RIAK_FLAVOR riak-admin" 8098 false false
plain created

WARNING: After activating plain, nodes in this cluster
can no longer be downgraded to a version of Riak prior to 2.0
search_type created

WARNING: After activating search_type, nodes in this cluster
can no longer be downgraded to a version of Riak prior to 2.0
mr created

WARNING: After activating mr, nodes in this cluster
can no longer be downgraded to a version of Riak prior to 2.0
no_siblings created

WARNING: After activating no_siblings, nodes in this cluster
can no longer be downgraded to a version of Riak prior to 2.0
maps created

WARNING: After activating maps, nodes in this cluster
can no longer be downgraded to a version of Riak prior to 2.0
sets created

WARNING: After activating sets, nodes in this cluster
can no longer be downgraded to a version of Riak prior to 2.0
counters created

WARNING: After activating counters, nodes in this cluster
can no longer be downgraded to a version of Riak prior to 2.0
other_counters created

WARNING: After activating other_counters, nodes in this cluster
can no longer be downgraded to a version of Riak prior to 2.0
yokozuna created

WARNING: After activating yokozuna, nodes in this cluster
can no longer be downgraded to a version of Riak prior to 2.0
write_once created

WARNING: After activating write_once, nodes in this cluster
can no longer be downgraded to a version of Riak prior to 2.0
GeoCheckin created

WARNING: After activating GeoCheckin, nodes in this cluster
can no longer be downgraded to a version of Riak prior to 2.0
GeoCheckin_Wide created

WARNING: After activating GeoCheckin_Wide, nodes in this cluster
can no longer be downgraded to a version of Riak prior to 2.0
plain has been activated

WARNING: Nodes in this cluster can no longer be
downgraded to a version of Riak prior to 2.0
search_type has been activated
mr has been activated
no_siblings has been activated
maps has been activated
sets has been activated
counters has been activated
other_counters has been activated
yokozuna has been activated
write_once has been activated
GeoCheckin has been activated
GeoCheckin_Wide has been activated
Setting properties on test_multi_bucket HTTP CODE:204 ...DONE

travis_time:end:004f2270:start=1472677117835629582,finish=1472677136253355092,duration=18417725510[0Ktravis_fold:end:before_script.3[0Ktravis_time:start:22c18f26[0K$ if [ $RIAK_FLAVOR == "riak-kv" ]; then mvn -Pitest,default -Dcom.basho.riak.yokozuna=false verify; else echo "Not riak-kv flavor"; fi
Java HotSpot(TM) 64-Bit Server VM warning: ignoring option MaxPermSize=192m; support was removed in 8.0
[INFO] Scanning for projects...
[INFO]                                                                         
[INFO] ------------------------------------------------------------------------
[INFO] Building Riak Client for Java 2.1.0-SNAPSHOT
[INFO] ------------------------------------------------------------------------
[INFO] 
[INFO] --- maven-enforcer-plugin:1.4.1:enforce (enforce-property) @ riak-client ---
[INFO] 
[INFO] --- jacoco-maven-plugin:0.7.7.201606060606:prepare-agent (jacoco-initialize) @ riak-client ---
[INFO] argLine set to -javaagent:/home/travis/.m2/repository/org/jacoco/org.jacoco.agent/0.7.7.201606060606/org.jacoco.agent-0.7.7.201606060606-runtime.jar=destfile=/home/travis/build/basho/riak-java-client/target/jacoco.exec
[INFO] 
[INFO] --- maven-resources-plugin:2.6:resources (default-resources) @ riak-client ---
[INFO] Using 'UTF-8' encoding to copy filtered resources.
[INFO] Copying 1 resource
[INFO] 
[INFO] --- maven-compiler-plugin:3.5.1:compile (default-compile) @ riak-client ---
[INFO] Changes detected - recompiling the module!
[INFO] Compiling 283 source files to /home/travis/build/basho/riak-java-client/target/classes
[INFO] 
[INFO] --- maven-resources-plugin:2.6:testResources (default-testResources) @ riak-client ---
[INFO] Using 'UTF-8' encoding to copy filtered resources.
[INFO] Copying 1 resource
[INFO] 
[INFO] --- maven-compiler-plugin:3.5.1:testCompile (default-testCompile) @ riak-client ---
[INFO] Nothing to compile - all classes are up to date
[INFO] 
[INFO] --- maven-surefire-plugin:2.19.1:test (default-test) @ riak-client ---

-------------------------------------------------------
 T E S T S
-------------------------------------------------------
Running com.basho.riak.client.AppTest
Tests run: 1, Failures: 0, Errors: 0, Skipped: 0, Time elapsed: 0.102 sec - in com.basho.riak.client.AppTest
Running com.basho.riak.client.api.commands.UpdateDatatypeTest
Tests run: 1, Failures: 0, Errors: 0, Skipped: 0, Time elapsed: 0.838 sec - in com.basho.riak.client.api.commands.UpdateDatatypeTest
Running com.basho.riak.client.api.commands.FetchValueTest
Tests run: 1, Failures: 0, Errors: 0, Skipped: 1, Time elapsed: 0 sec - in com.basho.riak.client.api.commands.FetchValueTest
Running com.basho.riak.client.api.commands.FetchDatatypeTest
Tests run: 1, Failures: 0, Errors: 0, Skipped: 0, Time elapsed: 0.024 sec - in com.basho.riak.client.api.commands.FetchDatatypeTest
Running com.basho.riak.client.api.commands.StoreValueTest
Tests run: 2, Failures: 0, Errors: 0, Skipped: 1, Time elapsed: 0.021 sec - in com.basho.riak.client.api.commands.StoreValueTest
Running com.basho.riak.client.api.commands.indexes.SecondaryIndexQueryTest
Tests run: 2, Failures: 0, Errors: 0, Skipped: 0, Time elapsed: 0.032 sec - in com.basho.riak.client.api.commands.indexes.SecondaryIndexQueryTest
Running com.basho.riak.client.api.commands.mapreduce.FunctionPhaseSerializerTest
Tests run: 2, Failures: 0, Errors: 0, Skipped: 0, Time elapsed: 0.686 sec - in com.basho.riak.client.api.commands.mapreduce.FunctionPhaseSerializerTest
Running com.basho.riak.client.api.commands.mapreduce.MapReduceSpecSerializerTest
Tests run: 2, Failures: 0, Errors: 0, Skipped: 0, Time elapsed: 0.132 sec - in com.basho.riak.client.api.commands.mapreduce.MapReduceSpecSerializerTest
Running com.basho.riak.client.api.commands.mapreduce.InputSerializerTest
Tests run: 11, Failures: 0, Errors: 0, Skipped: 0, Time elapsed: 0.043 sec - in com.basho.riak.client.api.commands.mapreduce.InputSerializerTest
Running com.basho.riak.client.api.commands.mapreduce.LinkPhaseSerializerTest
Tests run: 1, Failures: 0, Errors: 0, Skipped: 0, Time elapsed: 0.008 sec - in com.basho.riak.client.api.commands.mapreduce.LinkPhaseSerializerTest
Running com.basho.riak.client.api.commands.mapreduce.PhaseFunctionSerializerTest
Tests run: 3, Failures: 0, Errors: 0, Skipped: 0, Time elapsed: 0.009 sec - in com.basho.riak.client.api.commands.mapreduce.PhaseFunctionSerializerTest
Running com.basho.riak.client.api.commands.mapreduce.filters.KeyFilterTest
Tests run: 23, Failures: 0, Errors: 0, Skipped: 0, Time elapsed: 0.118 sec - in com.basho.riak.client.api.commands.mapreduce.filters.KeyFilterTest
Running com.basho.riak.client.api.commands.DeleteValueTest
Tests run: 1, Failures: 0, Errors: 0, Skipped: 0, Time elapsed: 0.024 sec - in com.basho.riak.client.api.commands.DeleteValueTest
Running com.basho.riak.client.api.commands.CreateTableTest
Tests run: 5, Failures: 0, Errors: 0, Skipped: 0, Time elapsed: 0.06 sec - in com.basho.riak.client.api.commands.CreateTableTest
Running com.basho.riak.client.api.commands.UpdateValueTest
Tests run: 2, Failures: 0, Errors: 0, Skipped: 1, Time elapsed: 0.533 sec - in com.basho.riak.client.api.commands.UpdateValueTest
Running com.basho.riak.client.api.commands.buckets.ListBucketsTest
Tests run: 2, Failures: 0, Errors: 0, Skipped: 0, Time elapsed: 0.036 sec - in com.basho.riak.client.api.commands.buckets.ListBucketsTest
Running com.basho.riak.client.api.commands.MultiDeleteTest
Tests run: 1, Failures: 0, Errors: 0, Skipped: 0, Time elapsed: 0.008 sec - in com.basho.riak.client.api.commands.MultiDeleteTest
Running com.basho.riak.client.api.cap.ConflictResolverFactoryTest
Tests run: 2, Failures: 0, Errors: 0, Skipped: 0, Time elapsed: 0.006 sec - in com.basho.riak.client.api.cap.ConflictResolverFactoryTest
Running com.basho.riak.client.api.convert.JsonConverterTest
Tests run: 6, Failures: 0, Errors: 0, Skipped: 0, Time elapsed: 0.506 sec - in com.basho.riak.client.api.convert.JsonConverterTest
Running com.basho.riak.client.api.convert.reflection.AnnotationUtilTest
Tests run: 114, Failures: 0, Errors: 0, Skipped: 0, Time elapsed: 0.231 sec - in com.basho.riak.client.api.convert.reflection.AnnotationUtilTest
Running com.basho.riak.client.api.convert.StringConverterTest
Tests run: 2, Failures: 0, Errors: 0, Skipped: 0, Time elapsed: 0 sec - in com.basho.riak.client.api.convert.StringConverterTest
Running com.basho.riak.client.api.convert.ConverterFactoryTest
Tests run: 5, Failures: 0, Errors: 0, Skipped: 0, Time elapsed: 0.014 sec - in com.basho.riak.client.api.convert.ConverterFactoryTest
Running com.basho.riak.client.api.convert.RiakBeanSerializerModifierTest
Tests run: 1, Failures: 0, Errors: 0, Skipped: 0, Time elapsed: 0.037 sec - in com.basho.riak.client.api.convert.RiakBeanSerializerModifierTest
Running com.basho.riak.client.core.RiakNodeFixtureTest
Tests run: 9, Failures: 0, Errors: 0, Skipped: 0, Time elapsed: 19.848 sec - in com.basho.riak.client.core.RiakNodeFixtureTest
Running com.basho.riak.client.core.RiakClientTest
Tests run: 2, Failures: 0, Errors: 0, Skipped: 0, Time elapsed: 0.015 sec - in com.basho.riak.client.core.RiakClientTest
Running com.basho.riak.client.core.netty.RiakMessageCodecTest
Tests run: 2, Failures: 0, Errors: 0, Skipped: 0, Time elapsed: 0.023 sec - in com.basho.riak.client.core.netty.RiakMessageCodecTest
Running com.basho.riak.client.core.netty.RiakResponseHandlerTest
Tests run: 3, Failures: 0, Errors: 0, Skipped: 0, Time elapsed: 0.798 sec - in com.basho.riak.client.core.netty.RiakResponseHandlerTest
Running com.basho.riak.client.core.DefaultNodeManagerTest
Tests run: 8, Failures: 0, Errors: 0, Skipped: 0, Time elapsed: 1.026 sec - in com.basho.riak.client.core.DefaultNodeManagerTest
Running com.basho.riak.client.core.util.DefaultCharsetTest
Tests run: 5, Failures: 0, Errors: 0, Skipped: 1, Time elapsed: 0.018 sec - in com.basho.riak.client.core.util.DefaultCharsetTest
Running com.basho.riak.client.core.converters.CrdtResponseConverterTest
Tests run: 4, Failures: 0, Errors: 0, Skipped: 0, Time elapsed: 0.027 sec - in com.basho.riak.client.core.converters.CrdtResponseConverterTest
Running com.basho.riak.client.core.converters.RiakObjectConverterTest
Tests run: 4, Failures: 0, Errors: 0, Skipped: 0, Time elapsed: 0.006 sec - in com.basho.riak.client.core.converters.RiakObjectConverterTest
Running com.basho.riak.client.core.codec.TermToBinaryCodecTest
Tests run: 7, Failures: 0, Errors: 0, Skipped: 0, Time elapsed: 0.158 sec - in com.basho.riak.client.core.codec.TermToBinaryCodecTest
Running com.basho.riak.client.core.operations.DtUpdateOperationTest
Tests run: 6, Failures: 0, Errors: 0, Skipped: 0, Time elapsed: 0.016 sec - in com.basho.riak.client.core.operations.DtUpdateOperationTest
Running com.basho.riak.client.core.operations.CoveragePlanOperationTest
Tests run: 1, Failures: 0, Errors: 0, Skipped: 0, Time elapsed: 0.03 sec - in com.basho.riak.client.core.operations.CoveragePlanOperationTest
Running com.basho.riak.client.core.operations.OperationsTest
Tests run: 2, Failures: 0, Errors: 0, Skipped: 0, Time elapsed: 0.002 sec - in com.basho.riak.client.core.operations.OperationsTest
Running com.basho.riak.client.core.operations.StoreOperationTest
Tests run: 1, Failures: 0, Errors: 0, Skipped: 0, Time elapsed: 0.016 sec - in com.basho.riak.client.core.operations.StoreOperationTest
Running com.basho.riak.client.core.RiakClusterTest
Tests run: 7, Failures: 0, Errors: 0, Skipped: 0, Time elapsed: 1.309 sec - in com.basho.riak.client.core.RiakClusterTest
Running com.basho.riak.client.core.RiakNodeTest
Tests run: 18, Failures: 0, Errors: 0, Skipped: 0, Time elapsed: 2.499 sec - in com.basho.riak.client.core.RiakNodeTest
Running com.basho.riak.client.core.RiakMessageTest
Tests run: 2, Failures: 0, Errors: 0, Skipped: 0, Time elapsed: 0.003 sec - in com.basho.riak.client.core.RiakMessageTest
Running com.basho.riak.client.core.FutureOperationTest
Tests run: 17, Failures: 0, Errors: 0, Skipped: 0, Time elapsed: 1.017 sec - in com.basho.riak.client.core.FutureOperationTest
Running com.basho.riak.client.core.query.RiakObjectTest
Tests run: 1, Failures: 0, Errors: 0, Skipped: 0, Time elapsed: 0.001 sec - in com.basho.riak.client.core.query.RiakObjectTest
Running com.basho.riak.client.core.query.timeseries.TableDefinitionTest
Tests run: 2, Failures: 0, Errors: 0, Skipped: 0, Time elapsed: 0.002 sec - in com.basho.riak.client.core.query.timeseries.TableDefinitionTest
Running com.basho.riak.client.core.query.timeseries.DeleteOpTest
Tests run: 5, Failures: 0, Errors: 0, Skipped: 0, Time elapsed: 0.011 sec - in com.basho.riak.client.core.query.timeseries.DeleteOpTest
Running com.basho.riak.client.core.query.timeseries.FetchOpTest
Tests run: 5, Failures: 0, Errors: 0, Skipped: 0, Time elapsed: 0.005 sec - in com.basho.riak.client.core.query.timeseries.FetchOpTest
Running com.basho.riak.client.core.query.timeseries.CellTest
Tests run: 9, Failures: 0, Errors: 0, Skipped: 0, Time elapsed: 0.002 sec - in com.basho.riak.client.core.query.timeseries.CellTest
Running com.basho.riak.client.core.query.indexes.IndexTest
Tests run: 4, Failures: 0, Errors: 0, Skipped: 0, Time elapsed: 0.004 sec - in com.basho.riak.client.core.query.indexes.IndexTest
Running com.basho.riak.client.core.query.indexes.RiakIndexesTest
Tests run: 8, Failures: 0, Errors: 0, Skipped: 0, Time elapsed: 0 sec - in com.basho.riak.client.core.query.indexes.RiakIndexesTest
Running com.basho.riak.client.core.query.indexes.RawIndexTest
Tests run: 11, Failures: 0, Errors: 0, Skipped: 0, Time elapsed: 0.003 sec - in com.basho.riak.client.core.query.indexes.RawIndexTest
Running com.basho.riak.client.core.query.indexes.StringBinIndexTest
Tests run: 1, Failures: 0, Errors: 0, Skipped: 0, Time elapsed: 0.001 sec - in com.basho.riak.client.core.query.indexes.StringBinIndexTest
Running com.basho.riak.client.core.query.indexes.LongIntIndexTest
Tests run: 1, Failures: 0, Errors: 0, Skipped: 0, Time elapsed: 0.001 sec - in com.basho.riak.client.core.query.indexes.LongIntIndexTest
Running com.basho.riak.client.core.query.UserMetadata.RiakUserMetadataTest
Tests run: 3, Failures: 0, Errors: 0, Skipped: 0, Time elapsed: 0.012 sec - in com.basho.riak.client.core.query.UserMetadata.RiakUserMetadataTest
Running com.basho.riak.client.core.RiakClusterFixtureTest
Tests run: 4, Failures: 0, Errors: 0, Skipped: 0, Time elapsed: 11.47 sec - in com.basho.riak.client.core.RiakClusterFixtureTest

Results :

Tests run: 343, Failures: 0, Errors: 0, Skipped: 4

[INFO] 
[INFO] --- animal-sniffer-maven-plugin:1.15:check (default) @ riak-client ---
[INFO] Checking unresolved references to org.codehaus.mojo.signature:java18:1.0
[INFO] 
[INFO] --- maven-jar-plugin:2.4:jar (default-jar) @ riak-client ---
[INFO] Building jar: /home/travis/build/basho/riak-java-client/target/riak-client-2.1.0-SNAPSHOT.jar
[INFO] 
[INFO] --- maven-shade-plugin:2.4.3:shade (default) @ riak-client ---
[INFO] Excluding org.slf4j:slf4j-api:jar:1.7.21 from the shaded jar.
[INFO] Excluding com.fasterxml.jackson.core:jackson-databind:jar:2.8.0 from the shaded jar.
[INFO] Excluding com.fasterxml.jackson.core:jackson-annotations:jar:2.8.0 from the shaded jar.
[INFO] Excluding com.fasterxml.jackson.core:jackson-core:jar:2.8.0 from the shaded jar.
[INFO] Excluding com.fasterxml.jackson.datatype:jackson-datatype-joda:jar:2.8.0 from the shaded jar.
[INFO] Excluding joda-time:joda-time:jar:2.7 from the shaded jar.
[INFO] Excluding io.netty:netty-all:jar:4.1.3.Final from the shaded jar.
[INFO] Including com.google.protobuf:protobuf-java:jar:2.6.1 in the shaded jar.
[INFO] Excluding org.erlang.otp:jinterface:jar:1.6.1 from the shaded jar.
[INFO] Replacing original artifact with shaded artifact.
[INFO] Replacing /home/travis/build/basho/riak-java-client/target/riak-client-2.1.0-SNAPSHOT.jar with /home/travis/build/basho/riak-java-client/target/riak-client-2.1.0-SNAPSHOT-shaded.jar
[INFO] Dependency-reduced POM written at: /home/travis/build/basho/riak-java-client/dependency-reduced-pom.xml
[INFO] Dependency-reduced POM written at: /home/travis/build/basho/riak-java-client/dependency-reduced-pom.xml
[INFO] Dependency-reduced POM written at: /home/travis/build/basho/riak-java-client/dependency-reduced-pom.xml
[INFO] 
[INFO] --- jacoco-maven-plugin:0.7.7.201606060606:report (jacoco-site) @ riak-client ---
[INFO] Loading execution data file /home/travis/build/basho/riak-java-client/target/jacoco.exec
[INFO] Analyzed bundle 'Riak Client for Java' with 799 classes
[INFO] 
[INFO] --- maven-failsafe-plugin:2.19.1:integration-test (default) @ riak-client ---

-------------------------------------------------------
 T E S T S
-------------------------------------------------------
Running com.basho.riak.client.api.ITestClusterLifecycle
Tests run: 2, Failures: 0, Errors: 0, Skipped: 0, Time elapsed: 5.227 sec - in com.basho.riak.client.api.ITestClusterLifecycle
Running com.basho.riak.client.api.commands.itest.ITestUpdateValue
Tests run: 2, Failures: 0, Errors: 0, Skipped: 0, Time elapsed: 1.672 sec - in com.basho.riak.client.api.commands.itest.ITestUpdateValue
Running com.basho.riak.client.api.commands.itest.ITestIndexMapReduce
Tests run: 5, Failures: 0, Errors: 0, Skipped: 0, Time elapsed: 5.999 sec - in com.basho.riak.client.api.commands.itest.ITestIndexMapReduce
Running com.basho.riak.client.api.commands.itest.ITestDatatype
Tests run: 2, Failures: 0, Errors: 0, Skipped: 1, Time elapsed: 0.846 sec - in com.basho.riak.client.api.commands.itest.ITestDatatype
Running com.basho.riak.client.api.commands.itest.ITestBucketProps
Tests run: 4, Failures: 0, Errors: 0, Skipped: 0, Time elapsed: 0.716 sec - in com.basho.riak.client.api.commands.itest.ITestBucketProps
Running com.basho.riak.client.api.commands.itest.ITestBucketKeyMapReduce
Tests run: 4, Failures: 0, Errors: 0, Skipped: 0, Time elapsed: 0.197 sec - in com.basho.riak.client.api.commands.itest.ITestBucketKeyMapReduce
Running com.basho.riak.client.api.commands.itest.ITestORM
Tests run: 8, Failures: 0, Errors: 0, Skipped: 0, Time elapsed: 0.93 sec - in com.basho.riak.client.api.commands.itest.ITestORM
Running com.basho.riak.client.api.commands.itest.ITestSearchMapReduce
Tests run: 1, Failures: 0, Errors: 0, Skipped: 1, Time elapsed: 0.519 sec - in com.basho.riak.client.api.commands.itest.ITestSearchMapReduce
Running com.basho.riak.client.api.commands.itest.ITestMultiDelete
Tests run: 2, Failures: 0, Errors: 0, Skipped: 0, Time elapsed: 0.556 sec - in com.basho.riak.client.api.commands.itest.ITestMultiDelete
Running com.basho.riak.client.api.commands.itest.ITestStoreValue
Tests run: 4, Failures: 0, Errors: 0, Skipped: 0, Time elapsed: 0.675 sec - in com.basho.riak.client.api.commands.itest.ITestStoreValue
Running com.basho.riak.client.api.commands.itest.ITestBucketMapReduce
Tests run: 8, Failures: 0, Errors: 0, Skipped: 0, Time elapsed: 2.918 sec - in com.basho.riak.client.api.commands.itest.ITestBucketMapReduce
Running com.basho.riak.client.api.commands.itest.ITestTimeSeries
Tests run: 1, Failures: 0, Errors: 0, Skipped: 1, Time elapsed: 0.546 sec - in com.basho.riak.client.api.commands.itest.ITestTimeSeries
Running com.basho.riak.client.api.commands.itest.ITestFetchValue
Tests run: 10, Failures: 0, Errors: 0, Skipped: 1, Time elapsed: 0.818 sec - in com.basho.riak.client.api.commands.itest.ITestFetchValue
Running com.basho.riak.client.api.commands.itest.ITestSearch
Tests run: 3, Failures: 0, Errors: 0, Skipped: 3, Time elapsed: 3.517 sec - in com.basho.riak.client.api.commands.itest.ITestSearch
Running com.basho.riak.client.api.commands.itest.ITestMultiFetch
Tests run: 1, Failures: 0, Errors: 0, Skipped: 0, Time elapsed: 0.566 sec - in com.basho.riak.client.api.commands.itest.ITestMultiFetch
Running com.basho.riak.client.api.commands.indexes.itest.ITestIntIndexQuery
Tests run: 2, Failures: 0, Errors: 0, Skipped: 0, Time elapsed: 0.614 sec - in com.basho.riak.client.api.commands.indexes.itest.ITestIntIndexQuery
Running com.basho.riak.client.api.commands.indexes.itest.ITestBigIntIndexQuery
Tests run: 2, Failures: 0, Errors: 0, Skipped: 0, Time elapsed: 0.624 sec - in com.basho.riak.client.api.commands.indexes.itest.ITestBigIntIndexQuery
Running com.basho.riak.client.api.commands.indexes.itest.ITestRawIndexQuery
Tests run: 5, Failures: 0, Errors: 0, Skipped: 0, Time elapsed: 1.017 sec - in com.basho.riak.client.api.commands.indexes.itest.ITestRawIndexQuery
Running com.basho.riak.client.api.commands.indexes.itest.ITestBinIndexQuery
Tests run: 2, Failures: 0, Errors: 0, Skipped: 0, Time elapsed: 0.608 sec - in com.basho.riak.client.api.commands.indexes.itest.ITestBinIndexQuery
Running com.basho.riak.client.api.commands.indexes.itest.ITestFullBucketRead
Tests run: 1, Failures: 0, Errors: 0, Skipped: 1, Time elapsed: 0.53 sec - in com.basho.riak.client.api.commands.indexes.itest.ITestFullBucketRead
Running com.basho.riak.client.api.commands.buckets.itest.ITestListBuckets
Tests run: 2, Failures: 0, Errors: 0, Skipped: 0, Time elapsed: 0.686 sec - in com.basho.riak.client.api.commands.buckets.itest.ITestListBuckets
Running com.basho.riak.client.core.operations.itest.ITestBucketProperties
Tests run: 6, Failures: 0, Errors: 0, Skipped: 1, Time elapsed: 0.706 sec - in com.basho.riak.client.core.operations.itest.ITestBucketProperties
Running com.basho.riak.client.core.operations.itest.ITestPingOperation
Tests run: 2, Failures: 0, Errors: 0, Skipped: 0, Time elapsed: 0.569 sec - in com.basho.riak.client.core.operations.itest.ITestPingOperation
Running com.basho.riak.client.core.operations.itest.ITestMapReduceOperation
Tests run: 2, Failures: 0, Errors: 0, Skipped: 0, Time elapsed: 0.648 sec - in com.basho.riak.client.core.operations.itest.ITestMapReduceOperation
Running com.basho.riak.client.core.operations.itest.ITestPemSecuredConnection
Tests run: 3, Failures: 0, Errors: 0, Skipped: 3, Time elapsed: 0.001 sec - in com.basho.riak.client.core.operations.itest.ITestPemSecuredConnection
Running com.basho.riak.client.core.operations.itest.ITestStoreOperation
Tests run: 4, Failures: 0, Errors: 0, Skipped: 0, Time elapsed: 0.687 sec - in com.basho.riak.client.core.operations.itest.ITestStoreOperation
Running com.basho.riak.client.core.operations.itest.ITestCrdtApi
Tests run: 2, Failures: 0, Errors: 0, Skipped: 0, Time elapsed: 0.587 sec - in com.basho.riak.client.core.operations.itest.ITestCrdtApi
Running com.basho.riak.client.core.operations.itest.ITestDtUpdateOperation
Tests run: 7, Failures: 0, Errors: 0, Skipped: 0, Time elapsed: 0.92 sec - in com.basho.riak.client.core.operations.itest.ITestDtUpdateOperation
Running com.basho.riak.client.core.operations.itest.ITestSecondaryIndexQueryOp
Tests run: 20, Failures: 0, Errors: 0, Skipped: 0, Time elapsed: 1.34 sec - in com.basho.riak.client.core.operations.itest.ITestSecondaryIndexQueryOp
Running com.basho.riak.client.core.operations.itest.ITestCoveragePlan
Tests run: 1, Failures: 0, Errors: 0, Skipped: 1, Time elapsed: 0.512 sec - in com.basho.riak.client.core.operations.itest.ITestCoveragePlan
Running com.basho.riak.client.core.operations.itest.ts.ITestStoreOperation
Tests run: 1, Failures: 0, Errors: 0, Skipped: 1, Time elapsed: 0.51 sec - in com.basho.riak.client.core.operations.itest.ts.ITestStoreOperation
Running com.basho.riak.client.core.operations.itest.ts.ITestQueryOperation
Tests run: 1, Failures: 0, Errors: 0, Skipped: 1, Time elapsed: 0.514 sec - in com.basho.riak.client.core.operations.itest.ts.ITestQueryOperation
Running com.basho.riak.client.core.operations.itest.ts.ITestCoveragePlan
Tests run: 1, Failures: 0, Errors: 0, Skipped: 1, Time elapsed: 0.509 sec - in com.basho.riak.client.core.operations.itest.ts.ITestCoveragePlan
Running com.basho.riak.client.core.operations.itest.ts.ITestDeleteOperation
Tests run: 1, Failures: 0, Errors: 0, Skipped: 1, Time elapsed: 0.509 sec - in com.basho.riak.client.core.operations.itest.ts.ITestDeleteOperation
Running com.basho.riak.client.core.operations.itest.ts.ITestFetchOperation
Tests run: 1, Failures: 0, Errors: 0, Skipped: 1, Time elapsed: 0.515 sec - in com.basho.riak.client.core.operations.itest.ts.ITestFetchOperation
Running com.basho.riak.client.core.operations.itest.ts.ITestListKeysOperation
Tests run: 1, Failures: 0, Errors: 0, Skipped: 1, Time elapsed: 0.513 sec - in com.basho.riak.client.core.operations.itest.ts.ITestListKeysOperation
Running com.basho.riak.client.core.operations.itest.ITestYzAdminOperations
Tests run: 6, Failures: 0, Errors: 0, Skipped: 6, Time elapsed: 0.512 sec - in com.basho.riak.client.core.operations.itest.ITestYzAdminOperations
Running com.basho.riak.client.core.operations.itest.ITestListBucketsOperation
Tests run: 4, Failures: 0, Errors: 0, Skipped: 0, Time elapsed: 1.049 sec - in com.basho.riak.client.core.operations.itest.ITestListBucketsOperation
Running com.basho.riak.client.core.operations.itest.ITestJKSSecuredConnection
Tests run: 3, Failures: 0, Errors: 0, Skipped: 3, Time elapsed: 0 sec - in com.basho.riak.client.core.operations.itest.ITestJKSSecuredConnection
Running com.basho.riak.client.core.operations.itest.ITestDeleteOperation
Tests run: 2, Failures: 0, Errors: 0, Skipped: 0, Time elapsed: 0.584 sec - in com.basho.riak.client.core.operations.itest.ITestDeleteOperation
Running com.basho.riak.client.core.operations.itest.ITestFetchOperation
Tests run: 6, Failures: 0, Errors: 0, Skipped: 0, Time elapsed: 0.594 sec - in com.basho.riak.client.core.operations.itest.ITestFetchOperation
Running com.basho.riak.client.core.operations.itest.ITestSearchOperation
Tests run: 2, Failures: 0, Errors: 0, Skipped: 2, Time elapsed: 3.513 sec - in com.basho.riak.client.core.operations.itest.ITestSearchOperation
Running com.basho.riak.client.core.operations.itest.ITestListKeysOperation
Tests run: 6, Failures: 0, Errors: 0, Skipped: 0, Time elapsed: 1.068 sec - in com.basho.riak.client.core.operations.itest.ITestListKeysOperation

Results :

Tests run: 153, Failures: 0, Errors: 0, Skipped: 30

[INFO] 
[INFO] --- maven-failsafe-plugin:2.19.1:verify (default) @ riak-client ---
[INFO] ------------------------------------------------------------------------
[INFO] BUILD SUCCESS
[INFO] ------------------------------------------------------------------------
[INFO] Total time: 1:53.755s
[INFO] Finished at: Wed Aug 31 21:00:51 UTC 2016
[INFO] Final Memory: 25M/256M
[INFO] ------------------------------------------------------------------------

travis_time:end:22c18f26:start=1472677136258272122,finish=1472677251397721252,duration=115139449130[0K
[32;1mThe command "if [ $RIAK_FLAVOR == "riak-kv" ]; then mvn -Pitest,default -Dcom.basho.riak.yokozuna=false verify; else echo "Not riak-kv flavor"; fi" exited with 0.[0m
travis_time:start:203213ca[0K$ if [ $RIAK_FLAVOR == "riak-ts" ]; then mvn -Pitest,default -Dcom.basho.riak.yokozuna=false -Dcom.basho.riak.timeseries=true verify; else echo "Not riak-ts flavor"; fi
Not riak-ts flavor

travis_time:end:203213ca:start=1472677251403613497,finish=1472677251408328190,duration=4714693[0K
[32;1mThe command "if [ $RIAK_FLAVOR == "riak-ts" ]; then mvn -Pitest,default -Dcom.basho.riak.yokozuna=false -Dcom.basho.riak.timeseries=true verify; else echo "Not riak-ts flavor"; fi" exited with 0.[0m
travis_fold:start:cache.2[0Kstore build cache
travis_time:start:02fd7630[0K
travis_time:end:02fd7630:start=1472677251414544749,finish=1472677251419387781,duration=4843032[0Ktravis_time:start:01234e87[0K[32;1mchange detected (content changed, file is created, or file is deleted):
/home/travis/.m2/repository/com/basho/riak/riak-client/2.1.0-SNAPSHOT/maven-metadata-local.xml
/home/travis/.m2/repository/com/basho/riak/riak-client/2.1.0-SNAPSHOT/_remote.repositories
/home/travis/.m2/repository/com/basho/riak/riak-client/2.1.0-SNAPSHOT/riak-client-2.1.0-SNAPSHOT.jar
/home/travis/.m2/repository/com/basho/riak/riak-client/maven-metadata-local.xml

[0m
[32;1mchanges detected, packing new archive[0m
[32;1muploading archive[0m

travis_time:end:01234e87:start=1472677251424887647,finish=1472677254405496127,duration=2980608480[0Ktravis_fold:end:cache.2[0Ktravis_fold:start:after_script[0Ktravis_time:start:0c4a0cf8[0K$ docker rm -f $RIAK_FLAVOR
riak-kv

travis_time:end:0c4a0cf8:start=1472677254410467130,finish=1472677254630401706,duration=219934576[0Ktravis_fold:end:after_script[0K
Done. Your build exited with 0.
